ERROR - 2022-05-22 01:04:16 --> Can't DROP FOREIGN KEY `tb_transaksi_id_tb_barang_foreign`; check that it exists
ERROR - 2022-05-22 01:07:58 --> Can't DROP FOREIGN KEY `tb_transaksi_id_tb_barang_foreign`; check that it exists
ERROR - 2022-05-22 01:20:16 --> Table 'db_toko.transaksi' doesn't exist
CRITICAL - 2022-05-22 07:55:48 --> Attempt to read property "gambar" on null
#0 C:\xampp\htdocs\tokoo\app\Views\etalase\beli.php(9): CodeIgniter\Debug\Exceptions->errorHandler(2, 'Attempt to read...', 'C:\\xampp\\htdocs...', 9)
#1 C:\xampp\htdocs\tokoo\system\View\View.php(210): include('C:\\xampp\\htdocs...')
#2 C:\xampp\htdocs\tokoo\system\View\View.php(213): CodeIgniter\View\View->CodeIgniter\View\{closure}()
#3 C:\xampp\htdocs\tokoo\system\Common.php(1089): CodeIgniter\View\View->render('etalase/beli', Array, true)
#4 C:\xampp\htdocs\tokoo\app\Controllers\C_Etalase.php(32): view('etalase/beli', Array)
#5 C:\xampp\htdocs\tokoo\system\CodeIgniter.php(832): App\Controllers\C_Etalase->beli()
#6 C:\xampp\htdocs\tokoo\system\CodeIgniter.php(419): CodeIgniter\CodeIgniter->runController(Object(App\Controllers\C_Etalase))
#7 C:\xampp\htdocs\tokoo\system\CodeIgniter.php(326): CodeIgniter\CodeIgniter->handleRequest(NULL, Object(Config\Cache), false)
#8 C:\xampp\htdocs\tokoo\public\index.php(37): CodeIgniter\CodeIgniter->run()
#9 {main}
CRITICAL - 2022-05-22 07:56:39 --> Attempt to read property "gambar" on null
#0 C:\xampp\htdocs\tokoo\app\Views\etalase\beli.php(9): CodeIgniter\Debug\Exceptions->errorHandler(2, 'Attempt to read...', 'C:\\xampp\\htdocs...', 9)
#1 C:\xampp\htdocs\tokoo\system\View\View.php(210): include('C:\\xampp\\htdocs...')
#2 C:\xampp\htdocs\tokoo\system\View\View.php(213): CodeIgniter\View\View->CodeIgniter\View\{closure}()
#3 C:\xampp\htdocs\tokoo\system\Common.php(1089): CodeIgniter\View\View->render('etalase/beli', Array, true)
#4 C:\xampp\htdocs\tokoo\app\Controllers\C_Etalase.php(32): view('etalase/beli', Array)
#5 C:\xampp\htdocs\tokoo\system\CodeIgniter.php(832): App\Controllers\C_Etalase->beli()
#6 C:\xampp\htdocs\tokoo\system\CodeIgniter.php(419): CodeIgniter\CodeIgniter->runController(Object(App\Controllers\C_Etalase))
#7 C:\xampp\htdocs\tokoo\system\CodeIgniter.php(326): CodeIgniter\CodeIgniter->handleRequest(NULL, Object(Config\Cache), false)
#8 C:\xampp\htdocs\tokoo\public\index.php(37): CodeIgniter\CodeIgniter->run()
#9 {main}
CRITICAL - 2022-05-22 08:32:56 --> Attempt to read property "province_id" on string
#0 C:\xampp\htdocs\tokoo\app\Views\etalase\beli.php(24): CodeIgniter\Debug\Exceptions->errorHandler(2, 'Attempt to read...', 'C:\\xampp\\htdocs...', 24)
#1 C:\xampp\htdocs\tokoo\system\View\View.php(210): include('C:\\xampp\\htdocs...')
#2 C:\xampp\htdocs\tokoo\system\View\View.php(213): CodeIgniter\View\View->CodeIgniter\View\{closure}()
#3 C:\xampp\htdocs\tokoo\system\Common.php(1089): CodeIgniter\View\View->render('etalase/beli', Array, true)
#4 C:\xampp\htdocs\tokoo\app\Controllers\C_Etalase.php(38): view('etalase/beli', Array)
#5 C:\xampp\htdocs\tokoo\system\CodeIgniter.php(832): App\Controllers\C_Etalase->beli('1')
#6 C:\xampp\htdocs\tokoo\system\CodeIgniter.php(419): CodeIgniter\CodeIgniter->runController(Object(App\Controllers\C_Etalase))
#7 C:\xampp\htdocs\tokoo\system\CodeIgniter.php(326): CodeIgniter\CodeIgniter->handleRequest(NULL, Object(Config\Cache), false)
#8 C:\xampp\htdocs\tokoo\public\index.php(37): CodeIgniter\CodeIgniter->run()
#9 {main}
CRITICAL - 2022-05-22 08:34:16 --> Undefined variable $id_province
#0 C:\xampp\htdocs\tokoo\app\Views\etalase\beli.php(24): CodeIgniter\Debug\Exceptions->errorHandler(2, 'Undefined varia...', 'C:\\xampp\\htdocs...', 24)
#1 C:\xampp\htdocs\tokoo\system\View\View.php(210): include('C:\\xampp\\htdocs...')
#2 C:\xampp\htdocs\tokoo\system\View\View.php(213): CodeIgniter\View\View->CodeIgniter\View\{closure}()
#3 C:\xampp\htdocs\tokoo\system\Common.php(1089): CodeIgniter\View\View->render('etalase/beli', Array, true)
#4 C:\xampp\htdocs\tokoo\app\Controllers\C_Etalase.php(38): view('etalase/beli', Array)
#5 C:\xampp\htdocs\tokoo\system\CodeIgniter.php(832): App\Controllers\C_Etalase->beli('1')
#6 C:\xampp\htdocs\tokoo\system\CodeIgniter.php(419): CodeIgniter\CodeIgniter->runController(Object(App\Controllers\C_Etalase))
#7 C:\xampp\htdocs\tokoo\system\CodeIgniter.php(326): CodeIgniter\CodeIgniter->handleRequest(NULL, Object(Config\Cache), false)
#8 C:\xampp\htdocs\tokoo\public\index.php(37): CodeIgniter\CodeIgniter->run()
#9 {main}
CRITICAL - 2022-05-22 08:38:05 --> Attempt to read property "province_id" on string
#0 C:\xampp\htdocs\tokoo\app\Views\etalase\beli.php(24): CodeIgniter\Debug\Exceptions->errorHandler(2, 'Attempt to read...', 'C:\\xampp\\htdocs...', 24)
#1 C:\xampp\htdocs\tokoo\system\View\View.php(210): include('C:\\xampp\\htdocs...')
#2 C:\xampp\htdocs\tokoo\system\View\View.php(213): CodeIgniter\View\View->CodeIgniter\View\{closure}()
#3 C:\xampp\htdocs\tokoo\system\Common.php(1089): CodeIgniter\View\View->render('etalase/beli', Array, true)
#4 C:\xampp\htdocs\tokoo\app\Controllers\C_Etalase.php(38): view('etalase/beli', Array)
#5 C:\xampp\htdocs\tokoo\system\CodeIgniter.php(832): App\Controllers\C_Etalase->beli('1')
#6 C:\xampp\htdocs\tokoo\system\CodeIgniter.php(419): CodeIgniter\CodeIgniter->runController(Object(App\Controllers\C_Etalase))
#7 C:\xampp\htdocs\tokoo\system\CodeIgniter.php(326): CodeIgniter\CodeIgniter->handleRequest(NULL, Object(Config\Cache), false)
#8 C:\xampp\htdocs\tokoo\public\index.php(37): CodeIgniter\CodeIgniter->run()
#9 {main}
CRITICAL - 2022-05-22 08:39:52 --> Attempt to read property "province_id" on string
#0 C:\xampp\htdocs\tokoo\app\Views\etalase\beli.php(24): CodeIgniter\Debug\Exceptions->errorHandler(2, 'Attempt to read...', 'C:\\xampp\\htdocs...', 24)
#1 C:\xampp\htdocs\tokoo\system\View\View.php(210): include('C:\\xampp\\htdocs...')
#2 C:\xampp\htdocs\tokoo\system\View\View.php(213): CodeIgniter\View\View->CodeIgniter\View\{closure}()
#3 C:\xampp\htdocs\tokoo\system\Common.php(1089): CodeIgniter\View\View->render('etalase/beli', Array, true)
#4 C:\xampp\htdocs\tokoo\app\Controllers\C_Etalase.php(38): view('etalase/beli', Array)
#5 C:\xampp\htdocs\tokoo\system\CodeIgniter.php(832): App\Controllers\C_Etalase->beli('1')
#6 C:\xampp\htdocs\tokoo\system\CodeIgniter.php(419): CodeIgniter\CodeIgniter->runController(Object(App\Controllers\C_Etalase))
#7 C:\xampp\htdocs\tokoo\system\CodeIgniter.php(326): CodeIgniter\CodeIgniter->handleRequest(NULL, Object(Config\Cache), false)
#8 C:\xampp\htdocs\tokoo\public\index.php(37): CodeIgniter\CodeIgniter->run()
#9 {main}
CRITICAL - 2022-05-22 08:40:44 --> Attempt to read property "province_id" on string
#0 C:\xampp\htdocs\tokoo\app\Views\etalase\beli.php(24): CodeIgniter\Debug\Exceptions->errorHandler(2, 'Attempt to read...', 'C:\\xampp\\htdocs...', 24)
#1 C:\xampp\htdocs\tokoo\system\View\View.php(210): include('C:\\xampp\\htdocs...')
#2 C:\xampp\htdocs\tokoo\system\View\View.php(213): CodeIgniter\View\View->CodeIgniter\View\{closure}()
#3 C:\xampp\htdocs\tokoo\system\Common.php(1089): CodeIgniter\View\View->render('etalase/beli', Array, true)
#4 C:\xampp\htdocs\tokoo\app\Controllers\C_Etalase.php(38): view('etalase/beli', Array)
#5 C:\xampp\htdocs\tokoo\system\CodeIgniter.php(832): App\Controllers\C_Etalase->beli('1')
#6 C:\xampp\htdocs\tokoo\system\CodeIgniter.php(419): CodeIgniter\CodeIgniter->runController(Object(App\Controllers\C_Etalase))
#7 C:\xampp\htdocs\tokoo\system\CodeIgniter.php(326): CodeIgniter\CodeIgniter->handleRequest(NULL, Object(Config\Cache), false)
#8 C:\xampp\htdocs\tokoo\public\index.php(37): CodeIgniter\CodeIgniter->run()
#9 {main}
CRITICAL - 2022-05-22 08:40:49 --> Attempt to read property "province_id" on string
#0 C:\xampp\htdocs\tokoo\app\Views\etalase\beli.php(24): CodeIgniter\Debug\Exceptions->errorHandler(2, 'Attempt to read...', 'C:\\xampp\\htdocs...', 24)
#1 C:\xampp\htdocs\tokoo\system\View\View.php(210): include('C:\\xampp\\htdocs...')
#2 C:\xampp\htdocs\tokoo\system\View\View.php(213): CodeIgniter\View\View->CodeIgniter\View\{closure}()
#3 C:\xampp\htdocs\tokoo\system\Common.php(1089): CodeIgniter\View\View->render('etalase/beli', Array, true)
#4 C:\xampp\htdocs\tokoo\app\Controllers\C_Etalase.php(38): view('etalase/beli', Array)
#5 C:\xampp\htdocs\tokoo\system\CodeIgniter.php(832): App\Controllers\C_Etalase->beli('2')
#6 C:\xampp\htdocs\tokoo\system\CodeIgniter.php(419): CodeIgniter\CodeIgniter->runController(Object(App\Controllers\C_Etalase))
#7 C:\xampp\htdocs\tokoo\system\CodeIgniter.php(326): CodeIgniter\CodeIgniter->handleRequest(NULL, Object(Config\Cache), false)
#8 C:\xampp\htdocs\tokoo\public\index.php(37): CodeIgniter\CodeIgniter->run()
#9 {main}
CRITICAL - 2022-05-22 08:41:27 --> Attempt to read property "province_id" on string
#0 C:\xampp\htdocs\tokoo\app\Views\etalase\beli.php(24): CodeIgniter\Debug\Exceptions->errorHandler(2, 'Attempt to read...', 'C:\\xampp\\htdocs...', 24)
#1 C:\xampp\htdocs\tokoo\system\View\View.php(210): include('C:\\xampp\\htdocs...')
#2 C:\xampp\htdocs\tokoo\system\View\View.php(213): CodeIgniter\View\View->CodeIgniter\View\{closure}()
#3 C:\xampp\htdocs\tokoo\system\Common.php(1089): CodeIgniter\View\View->render('etalase/beli', Array, true)
#4 C:\xampp\htdocs\tokoo\app\Controllers\C_Etalase.php(38): view('etalase/beli', Array)
#5 C:\xampp\htdocs\tokoo\system\CodeIgniter.php(832): App\Controllers\C_Etalase->beli('2')
#6 C:\xampp\htdocs\tokoo\system\CodeIgniter.php(419): CodeIgniter\CodeIgniter->runController(Object(App\Controllers\C_Etalase))
#7 C:\xampp\htdocs\tokoo\system\CodeIgniter.php(326): CodeIgniter\CodeIgniter->handleRequest(NULL, Object(Config\Cache), false)
#8 C:\xampp\htdocs\tokoo\public\index.php(37): CodeIgniter\CodeIgniter->run()
#9 {main}
CRITICAL - 2022-05-22 08:41:49 --> Attempt to read property "id_province" on string
#0 C:\xampp\htdocs\tokoo\app\Views\etalase\beli.php(24): CodeIgniter\Debug\Exceptions->errorHandler(2, 'Attempt to read...', 'C:\\xampp\\htdocs...', 24)
#1 C:\xampp\htdocs\tokoo\system\View\View.php(210): include('C:\\xampp\\htdocs...')
#2 C:\xampp\htdocs\tokoo\system\View\View.php(213): CodeIgniter\View\View->CodeIgniter\View\{closure}()
#3 C:\xampp\htdocs\tokoo\system\Common.php(1089): CodeIgniter\View\View->render('etalase/beli', Array, true)
#4 C:\xampp\htdocs\tokoo\app\Controllers\C_Etalase.php(38): view('etalase/beli', Array)
#5 C:\xampp\htdocs\tokoo\system\CodeIgniter.php(832): App\Controllers\C_Etalase->beli('2')
#6 C:\xampp\htdocs\tokoo\system\CodeIgniter.php(419): CodeIgniter\CodeIgniter->runController(Object(App\Controllers\C_Etalase))
#7 C:\xampp\htdocs\tokoo\system\CodeIgniter.php(326): CodeIgniter\CodeIgniter->handleRequest(NULL, Object(Config\Cache), false)
#8 C:\xampp\htdocs\tokoo\public\index.php(37): CodeIgniter\CodeIgniter->run()
#9 {main}
CRITICAL - 2022-05-22 08:43:17 --> Attempt to read property "province_id" on string
#0 C:\xampp\htdocs\tokoo\app\Views\etalase\beli.php(24): CodeIgniter\Debug\Exceptions->errorHandler(2, 'Attempt to read...', 'C:\\xampp\\htdocs...', 24)
#1 C:\xampp\htdocs\tokoo\system\View\View.php(210): include('C:\\xampp\\htdocs...')
#2 C:\xampp\htdocs\tokoo\system\View\View.php(213): CodeIgniter\View\View->CodeIgniter\View\{closure}()
#3 C:\xampp\htdocs\tokoo\system\Common.php(1089): CodeIgniter\View\View->render('etalase/beli', Array, true)
#4 C:\xampp\htdocs\tokoo\app\Controllers\C_Etalase.php(38): view('etalase/beli', Array)
#5 C:\xampp\htdocs\tokoo\system\CodeIgniter.php(832): App\Controllers\C_Etalase->beli('2')
#6 C:\xampp\htdocs\tokoo\system\CodeIgniter.php(419): CodeIgniter\CodeIgniter->runController(Object(App\Controllers\C_Etalase))
#7 C:\xampp\htdocs\tokoo\system\CodeIgniter.php(326): CodeIgniter\CodeIgniter->handleRequest(NULL, Object(Config\Cache), false)
#8 C:\xampp\htdocs\tokoo\public\index.php(37): CodeIgniter\CodeIgniter->run()
#9 {main}
CRITICAL - 2022-05-22 08:44:06 --> Attempt to read property "province_id" on string
#0 C:\xampp\htdocs\tokoo\app\Views\etalase\beli.php(24): CodeIgniter\Debug\Exceptions->errorHandler(2, 'Attempt to read...', 'C:\\xampp\\htdocs...', 24)
#1 C:\xampp\htdocs\tokoo\system\View\View.php(210): include('C:\\xampp\\htdocs...')
#2 C:\xampp\htdocs\tokoo\system\View\View.php(213): CodeIgniter\View\View->CodeIgniter\View\{closure}()
#3 C:\xampp\htdocs\tokoo\system\Common.php(1089): CodeIgniter\View\View->render('etalase/beli', Array, true)
#4 C:\xampp\htdocs\tokoo\app\Controllers\C_Etalase.php(38): view('etalase/beli', Array)
#5 C:\xampp\htdocs\tokoo\system\CodeIgniter.php(832): App\Controllers\C_Etalase->beli('2')
#6 C:\xampp\htdocs\tokoo\system\CodeIgniter.php(419): CodeIgniter\CodeIgniter->runController(Object(App\Controllers\C_Etalase))
#7 C:\xampp\htdocs\tokoo\system\CodeIgniter.php(326): CodeIgniter\CodeIgniter->handleRequest(NULL, Object(Config\Cache), false)
#8 C:\xampp\htdocs\tokoo\public\index.php(37): CodeIgniter\CodeIgniter->run()
#9 {main}
CRITICAL - 2022-05-22 08:44:50 --> Attempt to read property "province_id" on string
#0 C:\xampp\htdocs\tokoo\app\Views\etalase\beli.php(24): CodeIgniter\Debug\Exceptions->errorHandler(2, 'Attempt to read...', 'C:\\xampp\\htdocs...', 24)
#1 C:\xampp\htdocs\tokoo\system\View\View.php(210): include('C:\\xampp\\htdocs...')
#2 C:\xampp\htdocs\tokoo\system\View\View.php(213): CodeIgniter\View\View->CodeIgniter\View\{closure}()
#3 C:\xampp\htdocs\tokoo\system\Common.php(1089): CodeIgniter\View\View->render('etalase/beli', Array, true)
#4 C:\xampp\htdocs\tokoo\app\Controllers\C_Etalase.php(38): view('etalase/beli', Array)
#5 C:\xampp\htdocs\tokoo\system\CodeIgniter.php(832): App\Controllers\C_Etalase->beli('2')
#6 C:\xampp\htdocs\tokoo\system\CodeIgniter.php(419): CodeIgniter\CodeIgniter->runController(Object(App\Controllers\C_Etalase))
#7 C:\xampp\htdocs\tokoo\system\CodeIgniter.php(326): CodeIgniter\CodeIgniter->handleRequest(NULL, Object(Config\Cache), false)
#8 C:\xampp\htdocs\tokoo\public\index.php(37): CodeIgniter\CodeIgniter->run()
#9 {main}
CRITICAL - 2022-05-22 08:44:53 --> Attempt to read property "province_id" on string
#0 C:\xampp\htdocs\tokoo\app\Views\etalase\beli.php(24): CodeIgniter\Debug\Exceptions->errorHandler(2, 'Attempt to read...', 'C:\\xampp\\htdocs...', 24)
#1 C:\xampp\htdocs\tokoo\system\View\View.php(210): include('C:\\xampp\\htdocs...')
#2 C:\xampp\htdocs\tokoo\system\View\View.php(213): CodeIgniter\View\View->CodeIgniter\View\{closure}()
#3 C:\xampp\htdocs\tokoo\system\Common.php(1089): CodeIgniter\View\View->render('etalase/beli', Array, true)
#4 C:\xampp\htdocs\tokoo\app\Controllers\C_Etalase.php(38): view('etalase/beli', Array)
#5 C:\xampp\htdocs\tokoo\system\CodeIgniter.php(832): App\Controllers\C_Etalase->beli('2')
#6 C:\xampp\htdocs\tokoo\system\CodeIgniter.php(419): CodeIgniter\CodeIgniter->runController(Object(App\Controllers\C_Etalase))
#7 C:\xampp\htdocs\tokoo\system\CodeIgniter.php(326): CodeIgniter\CodeIgniter->handleRequest(NULL, Object(Config\Cache), false)
#8 C:\xampp\htdocs\tokoo\public\index.php(37): CodeIgniter\CodeIgniter->run()
#9 {main}
CRITICAL - 2022-05-22 08:46:04 --> Attempt to read property "province_id" on string
#0 C:\xampp\htdocs\tokoo\app\Views\etalase\beli.php(24): CodeIgniter\Debug\Exceptions->errorHandler(2, 'Attempt to read...', 'C:\\xampp\\htdocs...', 24)
#1 C:\xampp\htdocs\tokoo\system\View\View.php(210): include('C:\\xampp\\htdocs...')
#2 C:\xampp\htdocs\tokoo\system\View\View.php(213): CodeIgniter\View\View->CodeIgniter\View\{closure}()
#3 C:\xampp\htdocs\tokoo\system\Common.php(1089): CodeIgniter\View\View->render('etalase/beli', Array, true)
#4 C:\xampp\htdocs\tokoo\app\Controllers\C_Etalase.php(38): view('etalase/beli', Array)
#5 C:\xampp\htdocs\tokoo\system\CodeIgniter.php(832): App\Controllers\C_Etalase->beli('2')
#6 C:\xampp\htdocs\tokoo\system\CodeIgniter.php(419): CodeIgniter\CodeIgniter->runController(Object(App\Controllers\C_Etalase))
#7 C:\xampp\htdocs\tokoo\system\CodeIgniter.php(326): CodeIgniter\CodeIgniter->handleRequest(NULL, Object(Config\Cache), false)
#8 C:\xampp\htdocs\tokoo\public\index.php(37): CodeIgniter\CodeIgniter->run()
#9 {main}
CRITICAL - 2022-05-22 08:56:32 --> Attempt to read property "rajaongkir" on null
#0 C:\xampp\htdocs\tokoo\app\Controllers\C_Etalase.php(38): CodeIgniter\Debug\Exceptions->errorHandler(2, 'Attempt to read...', 'C:\\xampp\\htdocs...', 38)
#1 C:\xampp\htdocs\tokoo\system\CodeIgniter.php(832): App\Controllers\C_Etalase->beli('2')
#2 C:\xampp\htdocs\tokoo\system\CodeIgniter.php(419): CodeIgniter\CodeIgniter->runController(Object(App\Controllers\C_Etalase))
#3 C:\xampp\htdocs\tokoo\system\CodeIgniter.php(326): CodeIgniter\CodeIgniter->handleRequest(NULL, Object(Config\Cache), false)
#4 C:\xampp\htdocs\tokoo\public\index.php(37): CodeIgniter\CodeIgniter->run()
#5 {main}
CRITICAL - 2022-05-22 08:58:37 --> Attempt to read property "rajaongkir" on null
#0 C:\xampp\htdocs\tokoo\app\Controllers\C_Etalase.php(38): CodeIgniter\Debug\Exceptions->errorHandler(2, 'Attempt to read...', 'C:\\xampp\\htdocs...', 38)
#1 C:\xampp\htdocs\tokoo\system\CodeIgniter.php(832): App\Controllers\C_Etalase->beli('2')
#2 C:\xampp\htdocs\tokoo\system\CodeIgniter.php(419): CodeIgniter\CodeIgniter->runController(Object(App\Controllers\C_Etalase))
#3 C:\xampp\htdocs\tokoo\system\CodeIgniter.php(326): CodeIgniter\CodeIgniter->handleRequest(NULL, Object(Config\Cache), false)
#4 C:\xampp\htdocs\tokoo\public\index.php(37): CodeIgniter\CodeIgniter->run()
#5 {main}
CRITICAL - 2022-05-22 08:58:39 --> Attempt to read property "rajaongkir" on null
#0 C:\xampp\htdocs\tokoo\app\Controllers\C_Etalase.php(38): CodeIgniter\Debug\Exceptions->errorHandler(2, 'Attempt to read...', 'C:\\xampp\\htdocs...', 38)
#1 C:\xampp\htdocs\tokoo\system\CodeIgniter.php(832): App\Controllers\C_Etalase->beli('2')
#2 C:\xampp\htdocs\tokoo\system\CodeIgniter.php(419): CodeIgniter\CodeIgniter->runController(Object(App\Controllers\C_Etalase))
#3 C:\xampp\htdocs\tokoo\system\CodeIgniter.php(326): CodeIgniter\CodeIgniter->handleRequest(NULL, Object(Config\Cache), false)
#4 C:\xampp\htdocs\tokoo\public\index.php(37): CodeIgniter\CodeIgniter->run()
#5 {main}
CRITICAL - 2022-05-22 10:28:23 --> Attempt to read property "rajaongkir" on null
#0 C:\xampp\htdocs\tokoo\app\Controllers\C_Etalase.php(38): CodeIgniter\Debug\Exceptions->errorHandler(2, 'Attempt to read...', 'C:\\xampp\\htdocs...', 38)
#1 C:\xampp\htdocs\tokoo\system\CodeIgniter.php(832): App\Controllers\C_Etalase->beli('2')
#2 C:\xampp\htdocs\tokoo\system\CodeIgniter.php(419): CodeIgniter\CodeIgniter->runController(Object(App\Controllers\C_Etalase))
#3 C:\xampp\htdocs\tokoo\system\CodeIgniter.php(326): CodeIgniter\CodeIgniter->handleRequest(NULL, Object(Config\Cache), false)
#4 C:\xampp\htdocs\tokoo\public\index.php(37): CodeIgniter\CodeIgniter->run()
#5 {main}
CRITICAL - 2022-05-22 11:13:41 --> Attempt to read property "gambar" on null
#0 C:\xampp\htdocs\tokoo\app\Views\etalase\beli.php(9): CodeIgniter\Debug\Exceptions->errorHandler(2, 'Attempt to read...', 'C:\\xampp\\htdocs...', 9)
#1 C:\xampp\htdocs\tokoo\system\View\View.php(210): include('C:\\xampp\\htdocs...')
#2 C:\xampp\htdocs\tokoo\system\View\View.php(213): CodeIgniter\View\View->CodeIgniter\View\{closure}()
#3 C:\xampp\htdocs\tokoo\system\Common.php(1089): CodeIgniter\View\View->render('etalase/beli', Array, true)
#4 C:\xampp\htdocs\tokoo\app\Controllers\C_Etalase.php(75): view('etalase/beli', Array)
#5 C:\xampp\htdocs\tokoo\system\CodeIgniter.php(832): App\Controllers\C_Etalase->beli('js', 'custom.js')
#6 C:\xampp\htdocs\tokoo\system\CodeIgniter.php(419): CodeIgniter\CodeIgniter->runController(Object(App\Controllers\C_Etalase))
#7 C:\xampp\htdocs\tokoo\system\CodeIgniter.php(326): CodeIgniter\CodeIgniter->handleRequest(NULL, Object(Config\Cache), false)
#8 C:\xampp\htdocs\tokoo\public\index.php(37): CodeIgniter\CodeIgniter->run()
#9 {main}
