CRITICAL - 2022-06-04 00:40:11 --> Attempt to read property "gambar" on null
#0 C:\xampp\htdocs\tokoo\app\Views\etalase\beli.php(9): CodeIgniter\Debug\Exceptions->errorHandler(2, 'Attempt to read...', 'C:\\xampp\\htdocs...', 9)
#1 C:\xampp\htdocs\tokoo\system\View\View.php(210): include('C:\\xampp\\htdocs...')
#2 C:\xampp\htdocs\tokoo\system\View\View.php(213): CodeIgniter\View\View->CodeIgniter\View\{closure}()
#3 C:\xampp\htdocs\tokoo\system\Common.php(1089): CodeIgniter\View\View->render('etalase/beli', Array, true)
#4 C:\xampp\htdocs\tokoo\app\Controllers\C_Etalase.php(86): view('etalase/beli', Array)
#5 C:\xampp\htdocs\tokoo\system\CodeIgniter.php(832): App\Controllers\C_Etalase->beli()
#6 C:\xampp\htdocs\tokoo\system\CodeIgniter.php(419): CodeIgniter\CodeIgniter->runController(Object(App\Controllers\C_Etalase))
#7 C:\xampp\htdocs\tokoo\system\CodeIgniter.php(326): CodeIgniter\CodeIgniter->handleRequest(NULL, Object(Config\Cache), false)
#8 C:\xampp\htdocs\tokoo\public\index.php(37): CodeIgniter\CodeIgniter->run()
#9 {main}
CRITICAL - 2022-06-04 00:40:40 --> Attempt to read property "id_pembeli" on null
#0 C:\xampp\htdocs\tokoo\app\Controllers\C_Transaksi.php(59): CodeIgniter\Debug\Exceptions->errorHandler(2, 'Attempt to read...', 'C:\\xampp\\htdocs...', 59)
#1 C:\xampp\htdocs\tokoo\system\CodeIgniter.php(832): App\Controllers\C_Transaksi->invoice('6')
#2 C:\xampp\htdocs\tokoo\system\CodeIgniter.php(419): CodeIgniter\CodeIgniter->runController(Object(App\Controllers\C_Transaksi))
#3 C:\xampp\htdocs\tokoo\system\CodeIgniter.php(326): CodeIgniter\CodeIgniter->handleRequest(NULL, Object(Config\Cache), false)
#4 C:\xampp\htdocs\tokoo\public\index.php(37): CodeIgniter\CodeIgniter->run()
#5 {main}
CRITICAL - 2022-06-04 00:49:15 --> Attempt to read property "id_trans" on null
#0 C:\xampp\htdocs\tokoo\app\Views\transaksi\view.php(3): CodeIgniter\Debug\Exceptions->errorHandler(2, 'Attempt to read...', 'C:\\xampp\\htdocs...', 3)
#1 C:\xampp\htdocs\tokoo\system\View\View.php(210): include('C:\\xampp\\htdocs...')
#2 C:\xampp\htdocs\tokoo\system\View\View.php(213): CodeIgniter\View\View->CodeIgniter\View\{closure}()
#3 C:\xampp\htdocs\tokoo\system\Common.php(1089): CodeIgniter\View\View->render('transaksi/view', Array, true)
#4 C:\xampp\htdocs\tokoo\app\Controllers\C_Transaksi.php(42): view('transaksi/view', Array)
#5 C:\xampp\htdocs\tokoo\system\CodeIgniter.php(832): App\Controllers\C_Transaksi->view_cust()
#6 C:\xampp\htdocs\tokoo\system\CodeIgniter.php(419): CodeIgniter\CodeIgniter->runController(Object(App\Controllers\C_Transaksi))
#7 C:\xampp\htdocs\tokoo\system\CodeIgniter.php(326): CodeIgniter\CodeIgniter->handleRequest(NULL, Object(Config\Cache), false)
#8 C:\xampp\htdocs\tokoo\public\index.php(37): CodeIgniter\CodeIgniter->run()
#9 {main}
CRITICAL - 2022-06-04 00:52:31 --> Attempt to read property "id_trans" on null
#0 C:\xampp\htdocs\tokoo\app\Views\etalase\transaksi.php(3): CodeIgniter\Debug\Exceptions->errorHandler(2, 'Attempt to read...', 'C:\\xampp\\htdocs...', 3)
#1 C:\xampp\htdocs\tokoo\system\View\View.php(210): include('C:\\xampp\\htdocs...')
#2 C:\xampp\htdocs\tokoo\system\View\View.php(213): CodeIgniter\View\View->CodeIgniter\View\{closure}()
#3 C:\xampp\htdocs\tokoo\system\Common.php(1089): CodeIgniter\View\View->render('etalase/transak...', Array, true)
#4 C:\xampp\htdocs\tokoo\app\Controllers\C_Transaksi.php(42): view('etalase/transak...', Array)
#5 C:\xampp\htdocs\tokoo\system\CodeIgniter.php(832): App\Controllers\C_Transaksi->view_cust()
#6 C:\xampp\htdocs\tokoo\system\CodeIgniter.php(419): CodeIgniter\CodeIgniter->runController(Object(App\Controllers\C_Transaksi))
#7 C:\xampp\htdocs\tokoo\system\CodeIgniter.php(326): CodeIgniter\CodeIgniter->handleRequest(NULL, Object(Config\Cache), false)
#8 C:\xampp\htdocs\tokoo\public\index.php(37): CodeIgniter\CodeIgniter->run()
#9 {main}
CRITICAL - 2022-06-04 00:52:33 --> Attempt to read property "id_trans" on null
#0 C:\xampp\htdocs\tokoo\app\Views\etalase\transaksi.php(3): CodeIgniter\Debug\Exceptions->errorHandler(2, 'Attempt to read...', 'C:\\xampp\\htdocs...', 3)
#1 C:\xampp\htdocs\tokoo\system\View\View.php(210): include('C:\\xampp\\htdocs...')
#2 C:\xampp\htdocs\tokoo\system\View\View.php(213): CodeIgniter\View\View->CodeIgniter\View\{closure}()
#3 C:\xampp\htdocs\tokoo\system\Common.php(1089): CodeIgniter\View\View->render('etalase/transak...', Array, true)
#4 C:\xampp\htdocs\tokoo\app\Controllers\C_Transaksi.php(42): view('etalase/transak...', Array)
#5 C:\xampp\htdocs\tokoo\system\CodeIgniter.php(832): App\Controllers\C_Transaksi->view_cust()
#6 C:\xampp\htdocs\tokoo\system\CodeIgniter.php(419): CodeIgniter\CodeIgniter->runController(Object(App\Controllers\C_Transaksi))
#7 C:\xampp\htdocs\tokoo\system\CodeIgniter.php(326): CodeIgniter\CodeIgniter->handleRequest(NULL, Object(Config\Cache), false)
#8 C:\xampp\htdocs\tokoo\public\index.php(37): CodeIgniter\CodeIgniter->run()
#9 {main}
CRITICAL - 2022-06-04 01:55:48 --> Undefined variable $data
#0 C:\xampp\htdocs\tokoo\app\Views\barang\index.php(36): CodeIgniter\Debug\Exceptions->errorHandler(2, 'Undefined varia...', 'C:\\xampp\\htdocs...', 36)
#1 C:\xampp\htdocs\tokoo\system\View\View.php(210): include('C:\\xampp\\htdocs...')
#2 C:\xampp\htdocs\tokoo\system\View\View.php(213): CodeIgniter\View\View->CodeIgniter\View\{closure}()
#3 C:\xampp\htdocs\tokoo\system\Common.php(1089): CodeIgniter\View\View->render('barang/index', Array, true)
#4 C:\xampp\htdocs\tokoo\app\Controllers\C_Barang.php(21): view('barang/index', Array)
#5 C:\xampp\htdocs\tokoo\system\CodeIgniter.php(832): App\Controllers\C_Barang->index()
#6 C:\xampp\htdocs\tokoo\system\CodeIgniter.php(419): CodeIgniter\CodeIgniter->runController(Object(App\Controllers\C_Barang))
#7 C:\xampp\htdocs\tokoo\system\CodeIgniter.php(326): CodeIgniter\CodeIgniter->handleRequest(NULL, Object(Config\Cache), false)
#8 C:\xampp\htdocs\tokoo\public\index.php(37): CodeIgniter\CodeIgniter->run()
#9 {main}
CRITICAL - 2022-06-04 01:56:46 --> Undefined array key "pager"
#0 C:\xampp\htdocs\tokoo\app\Views\barang\index.php(36): CodeIgniter\Debug\Exceptions->errorHandler(2, 'Undefined array...', 'C:\\xampp\\htdocs...', 36)
#1 C:\xampp\htdocs\tokoo\system\View\View.php(210): include('C:\\xampp\\htdocs...')
#2 C:\xampp\htdocs\tokoo\system\View\View.php(213): CodeIgniter\View\View->CodeIgniter\View\{closure}()
#3 C:\xampp\htdocs\tokoo\system\Common.php(1089): CodeIgniter\View\View->render('barang/index', Array, true)
#4 C:\xampp\htdocs\tokoo\app\Controllers\C_Barang.php(21): view('barang/index', Array)
#5 C:\xampp\htdocs\tokoo\system\CodeIgniter.php(832): App\Controllers\C_Barang->index()
#6 C:\xampp\htdocs\tokoo\system\CodeIgniter.php(419): CodeIgniter\CodeIgniter->runController(Object(App\Controllers\C_Barang))
#7 C:\xampp\htdocs\tokoo\system\CodeIgniter.php(326): CodeIgniter\CodeIgniter->handleRequest(NULL, Object(Config\Cache), false)
#8 C:\xampp\htdocs\tokoo\public\index.php(37): CodeIgniter\CodeIgniter->run()
#9 {main}
CRITICAL - 2022-06-04 02:02:09 --> Undefined array key "barang"
#0 C:\xampp\htdocs\tokoo\app\Views\barang\index.php(19): CodeIgniter\Debug\Exceptions->errorHandler(2, 'Undefined array...', 'C:\\xampp\\htdocs...', 19)
#1 C:\xampp\htdocs\tokoo\system\View\View.php(210): include('C:\\xampp\\htdocs...')
#2 C:\xampp\htdocs\tokoo\system\View\View.php(213): CodeIgniter\View\View->CodeIgniter\View\{closure}()
#3 C:\xampp\htdocs\tokoo\system\Common.php(1089): CodeIgniter\View\View->render('barang/index', Array, true)
#4 C:\xampp\htdocs\tokoo\app\Controllers\C_Barang.php(27): view('barang/index', Array)
#5 C:\xampp\htdocs\tokoo\system\CodeIgniter.php(832): App\Controllers\C_Barang->index()
#6 C:\xampp\htdocs\tokoo\system\CodeIgniter.php(419): CodeIgniter\CodeIgniter->runController(Object(App\Controllers\C_Barang))
#7 C:\xampp\htdocs\tokoo\system\CodeIgniter.php(326): CodeIgniter\CodeIgniter->handleRequest(NULL, Object(Config\Cache), false)
#8 C:\xampp\htdocs\tokoo\public\index.php(37): CodeIgniter\CodeIgniter->run()
#9 {main}
CRITICAL - 2022-06-04 09:04:53 --> Undefined variable $keyword
#0 C:\xampp\htdocs\tokoo\app\Views\etalase\index.php(35): CodeIgniter\Debug\Exceptions->errorHandler(2, 'Undefined varia...', 'C:\\xampp\\htdocs...', 35)
#1 C:\xampp\htdocs\tokoo\system\View\View.php(210): include('C:\\xampp\\htdocs...')
#2 C:\xampp\htdocs\tokoo\system\View\View.php(213): CodeIgniter\View\View->CodeIgniter\View\{closure}()
#3 C:\xampp\htdocs\tokoo\system\Common.php(1089): CodeIgniter\View\View->render('etalase/index', Array, true)
#4 C:\xampp\htdocs\tokoo\app\Controllers\C_Etalase.php(35): view('etalase/index', Array)
#5 C:\xampp\htdocs\tokoo\system\CodeIgniter.php(832): App\Controllers\C_Etalase->index()
#6 C:\xampp\htdocs\tokoo\system\CodeIgniter.php(419): CodeIgniter\CodeIgniter->runController(Object(App\Controllers\C_Etalase))
#7 C:\xampp\htdocs\tokoo\system\CodeIgniter.php(326): CodeIgniter\CodeIgniter->handleRequest(NULL, Object(Config\Cache), false)
#8 C:\xampp\htdocs\tokoo\public\index.php(37): CodeIgniter\CodeIgniter->run()
#9 {main}
CRITICAL - 2022-06-04 09:26:06 --> Undefined property: App\Controllers\C_Etalase::$barang
#0 C:\xampp\htdocs\tokoo\app\Controllers\C_Etalase.php(37): CodeIgniter\Debug\Exceptions->errorHandler(2, 'Undefined prope...', 'C:\\xampp\\htdocs...', 37)
#1 C:\xampp\htdocs\tokoo\system\CodeIgniter.php(832): App\Controllers\C_Etalase->index()
#2 C:\xampp\htdocs\tokoo\system\CodeIgniter.php(419): CodeIgniter\CodeIgniter->runController(Object(App\Controllers\C_Etalase))
#3 C:\xampp\htdocs\tokoo\system\CodeIgniter.php(326): CodeIgniter\CodeIgniter->handleRequest(NULL, Object(Config\Cache), false)
#4 C:\xampp\htdocs\tokoo\public\index.php(37): CodeIgniter\CodeIgniter->run()
#5 {main}
CRITICAL - 2022-06-04 09:27:02 --> Object of class App\Models\M_Barang could not be converted to string
#0 C:\xampp\htdocs\tokoo\system\CodeIgniter.php(832): App\Controllers\C_Etalase->index()
#1 C:\xampp\htdocs\tokoo\system\CodeIgniter.php(419): CodeIgniter\CodeIgniter->runController(Object(App\Controllers\C_Etalase))
#2 C:\xampp\htdocs\tokoo\system\CodeIgniter.php(326): CodeIgniter\CodeIgniter->handleRequest(NULL, Object(Config\Cache), false)
#3 C:\xampp\htdocs\tokoo\public\index.php(37): CodeIgniter\CodeIgniter->run()
#4 {main}
CRITICAL - 2022-06-04 09:27:09 --> Object of class App\Models\M_Barang could not be converted to string
#0 C:\xampp\htdocs\tokoo\system\CodeIgniter.php(832): App\Controllers\C_Etalase->index()
#1 C:\xampp\htdocs\tokoo\system\CodeIgniter.php(419): CodeIgniter\CodeIgniter->runController(Object(App\Controllers\C_Etalase))
#2 C:\xampp\htdocs\tokoo\system\CodeIgniter.php(326): CodeIgniter\CodeIgniter->handleRequest(NULL, Object(Config\Cache), false)
#3 C:\xampp\htdocs\tokoo\public\index.php(37): CodeIgniter\CodeIgniter->run()
#4 {main}
CRITICAL - 2022-06-04 09:29:36 --> Undefined property: App\Controllers\C_Etalase::$M_Barang
#0 C:\xampp\htdocs\tokoo\app\Controllers\C_Etalase.php(37): CodeIgniter\Debug\Exceptions->errorHandler(2, 'Undefined prope...', 'C:\\xampp\\htdocs...', 37)
#1 C:\xampp\htdocs\tokoo\system\CodeIgniter.php(832): App\Controllers\C_Etalase->index()
#2 C:\xampp\htdocs\tokoo\system\CodeIgniter.php(419): CodeIgniter\CodeIgniter->runController(Object(App\Controllers\C_Etalase))
#3 C:\xampp\htdocs\tokoo\system\CodeIgniter.php(326): CodeIgniter\CodeIgniter->handleRequest(NULL, Object(Config\Cache), false)
#4 C:\xampp\htdocs\tokoo\public\index.php(37): CodeIgniter\CodeIgniter->run()
#5 {main}
CRITICAL - 2022-06-04 09:29:59 --> Object of class App\Models\M_Barang could not be converted to string
#0 C:\xampp\htdocs\tokoo\system\CodeIgniter.php(832): App\Controllers\C_Etalase->index()
#1 C:\xampp\htdocs\tokoo\system\CodeIgniter.php(419): CodeIgniter\CodeIgniter->runController(Object(App\Controllers\C_Etalase))
#2 C:\xampp\htdocs\tokoo\system\CodeIgniter.php(326): CodeIgniter\CodeIgniter->handleRequest(NULL, Object(Config\Cache), false)
#3 C:\xampp\htdocs\tokoo\public\index.php(37): CodeIgniter\CodeIgniter->run()
#4 {main}
CRITICAL - 2022-06-04 09:30:04 --> Object of class App\Models\M_Barang could not be converted to string
#0 C:\xampp\htdocs\tokoo\system\CodeIgniter.php(832): App\Controllers\C_Etalase->index()
#1 C:\xampp\htdocs\tokoo\system\CodeIgniter.php(419): CodeIgniter\CodeIgniter->runController(Object(App\Controllers\C_Etalase))
#2 C:\xampp\htdocs\tokoo\system\CodeIgniter.php(326): CodeIgniter\CodeIgniter->handleRequest(NULL, Object(Config\Cache), false)
#3 C:\xampp\htdocs\tokoo\public\index.php(37): CodeIgniter\CodeIgniter->run()
#4 {main}
CRITICAL - 2022-06-04 09:31:46 --> Undefined property: App\Controllers\C_Etalase::$tb_barang
#0 C:\xampp\htdocs\tokoo\app\Controllers\C_Etalase.php(37): CodeIgniter\Debug\Exceptions->errorHandler(2, 'Undefined prope...', 'C:\\xampp\\htdocs...', 37)
#1 C:\xampp\htdocs\tokoo\system\CodeIgniter.php(832): App\Controllers\C_Etalase->index()
#2 C:\xampp\htdocs\tokoo\system\CodeIgniter.php(419): CodeIgniter\CodeIgniter->runController(Object(App\Controllers\C_Etalase))
#3 C:\xampp\htdocs\tokoo\system\CodeIgniter.php(326): CodeIgniter\CodeIgniter->handleRequest(NULL, Object(Config\Cache), false)
#4 C:\xampp\htdocs\tokoo\public\index.php(37): CodeIgniter\CodeIgniter->run()
#5 {main}
CRITICAL - 2022-06-04 09:36:25 --> Object of class App\Models\M_Barang could not be converted to string
#0 C:\xampp\htdocs\tokoo\system\CodeIgniter.php(832): App\Controllers\C_Etalase->index()
#1 C:\xampp\htdocs\tokoo\system\CodeIgniter.php(419): CodeIgniter\CodeIgniter->runController(Object(App\Controllers\C_Etalase))
#2 C:\xampp\htdocs\tokoo\system\CodeIgniter.php(326): CodeIgniter\CodeIgniter->handleRequest(NULL, Object(Config\Cache), false)
#3 C:\xampp\htdocs\tokoo\public\index.php(37): CodeIgniter\CodeIgniter->run()
#4 {main}
CRITICAL - 2022-06-04 09:48:30 --> Call to undefined method App\Models\M_Barang::getAll
#0 C:\xampp\htdocs\tokoo\app\Controllers\C_Etalase.php(30): CodeIgniter\Model->__call('getAll', Array)
#1 C:\xampp\htdocs\tokoo\system\CodeIgniter.php(832): App\Controllers\C_Etalase->index()
#2 C:\xampp\htdocs\tokoo\system\CodeIgniter.php(419): CodeIgniter\CodeIgniter->runController(Object(App\Controllers\C_Etalase))
#3 C:\xampp\htdocs\tokoo\system\CodeIgniter.php(326): CodeIgniter\CodeIgniter->handleRequest(NULL, Object(Config\Cache), false)
#4 C:\xampp\htdocs\tokoo\public\index.php(37): CodeIgniter\CodeIgniter->run()
#5 {main}
CRITICAL - 2022-06-04 09:48:47 --> Call to undefined method App\Models\M_Barang::getAll
#0 C:\xampp\htdocs\tokoo\app\Controllers\C_Etalase.php(30): CodeIgniter\Model->__call('getAll', Array)
#1 C:\xampp\htdocs\tokoo\system\CodeIgniter.php(832): App\Controllers\C_Etalase->index()
#2 C:\xampp\htdocs\tokoo\system\CodeIgniter.php(419): CodeIgniter\CodeIgniter->runController(Object(App\Controllers\C_Etalase))
#3 C:\xampp\htdocs\tokoo\system\CodeIgniter.php(326): CodeIgniter\CodeIgniter->handleRequest(NULL, Object(Config\Cache), false)
#4 C:\xampp\htdocs\tokoo\public\index.php(37): CodeIgniter\CodeIgniter->run()
#5 {main}
CRITICAL - 2022-06-04 09:50:00 --> Call to undefined method App\Models\M_Barang::getAll
#0 C:\xampp\htdocs\tokoo\app\Controllers\C_Etalase.php(30): CodeIgniter\Model->__call('getAll', Array)
#1 C:\xampp\htdocs\tokoo\system\CodeIgniter.php(832): App\Controllers\C_Etalase->index()
#2 C:\xampp\htdocs\tokoo\system\CodeIgniter.php(419): CodeIgniter\CodeIgniter->runController(Object(App\Controllers\C_Etalase))
#3 C:\xampp\htdocs\tokoo\system\CodeIgniter.php(326): CodeIgniter\CodeIgniter->handleRequest(NULL, Object(Config\Cache), false)
#4 C:\xampp\htdocs\tokoo\public\index.php(37): CodeIgniter\CodeIgniter->run()
#5 {main}
CRITICAL - 2022-06-04 10:16:20 --> Namespace declaration statement has to be the very first statement or after any declare call in the script
#0 [internal function]: CodeIgniter\Debug\Exceptions->shutdownHandler()
#1 {main}
CRITICAL - 2022-06-04 10:19:12 --> array_values(): Argument #1 ($array) must be of type array, null given
#0 C:\xampp\htdocs\tokoo\app\Controllers\C_Etalase.php(185): array_values(NULL)
#1 C:\xampp\htdocs\tokoo\system\CodeIgniter.php(832): App\Controllers\C_Etalase->index_cart()
#2 C:\xampp\htdocs\tokoo\system\CodeIgniter.php(419): CodeIgniter\CodeIgniter->runController(Object(App\Controllers\C_Etalase))
#3 C:\xampp\htdocs\tokoo\system\CodeIgniter.php(326): CodeIgniter\CodeIgniter->handleRequest(NULL, Object(Config\Cache), false)
#4 C:\xampp\htdocs\tokoo\public\index.php(37): CodeIgniter\CodeIgniter->run()
#5 {main}
CRITICAL - 2022-06-04 10:20:46 --> syntax error, unexpected token "else"
#0 C:\xampp\htdocs\tokoo\system\View\View.php(213): CodeIgniter\View\View->CodeIgniter\View\{closure}()
#1 C:\xampp\htdocs\tokoo\system\View\View.php(424): CodeIgniter\View\View->render('navbar', NULL, true)
#2 C:\xampp\htdocs\tokoo\app\Views\layout.php(33): CodeIgniter\View\View->include('navbar')
#3 C:\xampp\htdocs\tokoo\system\View\View.php(210): include('C:\\xampp\\htdocs...')
#4 C:\xampp\htdocs\tokoo\system\View\View.php(213): CodeIgniter\View\View->CodeIgniter\View\{closure}()
#5 C:\xampp\htdocs\tokoo\system\View\View.php(226): CodeIgniter\View\View->render('layout', Array, true)
#6 C:\xampp\htdocs\tokoo\system\Common.php(1089): CodeIgniter\View\View->render('barang/index', Array, true)
#7 C:\xampp\htdocs\tokoo\app\Controllers\C_Barang.php(27): view('barang/index', Array)
#8 C:\xampp\htdocs\tokoo\system\CodeIgniter.php(832): App\Controllers\C_Barang->index()
#9 C:\xampp\htdocs\tokoo\system\CodeIgniter.php(419): CodeIgniter\CodeIgniter->runController(Object(App\Controllers\C_Barang))
#10 C:\xampp\htdocs\tokoo\system\CodeIgniter.php(326): CodeIgniter\CodeIgniter->handleRequest(NULL, Object(Config\Cache), false)
#11 C:\xampp\htdocs\tokoo\public\index.php(37): CodeIgniter\CodeIgniter->run()
#12 {main}
