ERROR - 2022-05-20 01:00:32 --> Table 'tb_barang' already exists
CRITICAL - 2022-05-20 11:13:55 --> Attempt to read property "gambar" on array
#0 C:\xampp\htdocs\tokoo\app\Views\barang\view.php(10): CodeIgniter\Debug\Exceptions->errorHandler(2, 'Attempt to read...', 'C:\\xampp\\htdocs...', 10)
#1 C:\xampp\htdocs\tokoo\system\View\View.php(210): include('C:\\xampp\\htdocs...')
#2 C:\xampp\htdocs\tokoo\system\View\View.php(213): CodeIgniter\View\View->CodeIgniter\View\{closure}()
#3 C:\xampp\htdocs\tokoo\system\Common.php(1089): CodeIgniter\View\View->render('barang/view', Array, true)
#4 C:\xampp\htdocs\tokoo\app\Controllers\C_Barang.php(28): view('barang/view', Array)
#5 C:\xampp\htdocs\tokoo\system\CodeIgniter.php(832): App\Controllers\C_Barang->view()
#6 C:\xampp\htdocs\tokoo\system\CodeIgniter.php(419): CodeIgniter\CodeIgniter->runController(Object(App\Controllers\C_Barang))
#7 C:\xampp\htdocs\tokoo\system\CodeIgniter.php(326): CodeIgniter\CodeIgniter->handleRequest(NULL, Object(Config\Cache), false)
#8 C:\xampp\htdocs\tokoo\public\index.php(37): CodeIgniter\CodeIgniter->run()
#9 {main}
CRITICAL - 2022-05-20 11:16:00 --> Attempt to read property "gambar" on array
#0 C:\xampp\htdocs\tokoo\app\Views\barang\view.php(10): CodeIgniter\Debug\Exceptions->errorHandler(2, 'Attempt to read...', 'C:\\xampp\\htdocs...', 10)
#1 C:\xampp\htdocs\tokoo\system\View\View.php(210): include('C:\\xampp\\htdocs...')
#2 C:\xampp\htdocs\tokoo\system\View\View.php(213): CodeIgniter\View\View->CodeIgniter\View\{closure}()
#3 C:\xampp\htdocs\tokoo\system\Common.php(1089): CodeIgniter\View\View->render('barang/view', Array, true)
#4 C:\xampp\htdocs\tokoo\app\Controllers\C_Barang.php(28): view('barang/view', Array)
#5 C:\xampp\htdocs\tokoo\system\CodeIgniter.php(832): App\Controllers\C_Barang->view()
#6 C:\xampp\htdocs\tokoo\system\CodeIgniter.php(419): CodeIgniter\CodeIgniter->runController(Object(App\Controllers\C_Barang))
#7 C:\xampp\htdocs\tokoo\system\CodeIgniter.php(326): CodeIgniter\CodeIgniter->handleRequest(NULL, Object(Config\Cache), false)
#8 C:\xampp\htdocs\tokoo\public\index.php(37): CodeIgniter\CodeIgniter->run()
#9 {main}
CRITICAL - 2022-05-20 11:16:58 --> Attempt to read property "gambar" on null
#0 C:\xampp\htdocs\tokoo\app\Views\barang\view.php(10): CodeIgniter\Debug\Exceptions->errorHandler(2, 'Attempt to read...', 'C:\\xampp\\htdocs...', 10)
#1 C:\xampp\htdocs\tokoo\system\View\View.php(210): include('C:\\xampp\\htdocs...')
#2 C:\xampp\htdocs\tokoo\system\View\View.php(213): CodeIgniter\View\View->CodeIgniter\View\{closure}()
#3 C:\xampp\htdocs\tokoo\system\Common.php(1089): CodeIgniter\View\View->render('barang/view', Array, true)
#4 C:\xampp\htdocs\tokoo\app\Controllers\C_Barang.php(28): view('barang/view', Array)
#5 C:\xampp\htdocs\tokoo\system\CodeIgniter.php(832): App\Controllers\C_Barang->view()
#6 C:\xampp\htdocs\tokoo\system\CodeIgniter.php(419): CodeIgniter\CodeIgniter->runController(Object(App\Controllers\C_Barang))
#7 C:\xampp\htdocs\tokoo\system\CodeIgniter.php(326): CodeIgniter\CodeIgniter->handleRequest(NULL, Object(Config\Cache), false)
#8 C:\xampp\htdocs\tokoo\public\index.php(37): CodeIgniter\CodeIgniter->run()
#9 {main}
CRITICAL - 2022-05-20 11:17:00 --> Attempt to read property "gambar" on null
#0 C:\xampp\htdocs\tokoo\app\Views\barang\view.php(10): CodeIgniter\Debug\Exceptions->errorHandler(2, 'Attempt to read...', 'C:\\xampp\\htdocs...', 10)
#1 C:\xampp\htdocs\tokoo\system\View\View.php(210): include('C:\\xampp\\htdocs...')
#2 C:\xampp\htdocs\tokoo\system\View\View.php(213): CodeIgniter\View\View->CodeIgniter\View\{closure}()
#3 C:\xampp\htdocs\tokoo\system\Common.php(1089): CodeIgniter\View\View->render('barang/view', Array, true)
#4 C:\xampp\htdocs\tokoo\app\Controllers\C_Barang.php(28): view('barang/view', Array)
#5 C:\xampp\htdocs\tokoo\system\CodeIgniter.php(832): App\Controllers\C_Barang->view()
#6 C:\xampp\htdocs\tokoo\system\CodeIgniter.php(419): CodeIgniter\CodeIgniter->runController(Object(App\Controllers\C_Barang))
#7 C:\xampp\htdocs\tokoo\system\CodeIgniter.php(326): CodeIgniter\CodeIgniter->handleRequest(NULL, Object(Config\Cache), false)
#8 C:\xampp\htdocs\tokoo\public\index.php(37): CodeIgniter\CodeIgniter->run()
#9 {main}
CRITICAL - 2022-05-20 11:17:01 --> Attempt to read property "gambar" on null
#0 C:\xampp\htdocs\tokoo\app\Views\barang\view.php(10): CodeIgniter\Debug\Exceptions->errorHandler(2, 'Attempt to read...', 'C:\\xampp\\htdocs...', 10)
#1 C:\xampp\htdocs\tokoo\system\View\View.php(210): include('C:\\xampp\\htdocs...')
#2 C:\xampp\htdocs\tokoo\system\View\View.php(213): CodeIgniter\View\View->CodeIgniter\View\{closure}()
#3 C:\xampp\htdocs\tokoo\system\Common.php(1089): CodeIgniter\View\View->render('barang/view', Array, true)
#4 C:\xampp\htdocs\tokoo\app\Controllers\C_Barang.php(28): view('barang/view', Array)
#5 C:\xampp\htdocs\tokoo\system\CodeIgniter.php(832): App\Controllers\C_Barang->view()
#6 C:\xampp\htdocs\tokoo\system\CodeIgniter.php(419): CodeIgniter\CodeIgniter->runController(Object(App\Controllers\C_Barang))
#7 C:\xampp\htdocs\tokoo\system\CodeIgniter.php(326): CodeIgniter\CodeIgniter->handleRequest(NULL, Object(Config\Cache), false)
#8 C:\xampp\htdocs\tokoo\public\index.php(37): CodeIgniter\CodeIgniter->run()
#9 {main}
CRITICAL - 2022-05-20 11:17:14 --> Attempt to read property "gambar" on null
#0 C:\xampp\htdocs\tokoo\app\Views\barang\view.php(10): CodeIgniter\Debug\Exceptions->errorHandler(2, 'Attempt to read...', 'C:\\xampp\\htdocs...', 10)
#1 C:\xampp\htdocs\tokoo\system\View\View.php(210): include('C:\\xampp\\htdocs...')
#2 C:\xampp\htdocs\tokoo\system\View\View.php(213): CodeIgniter\View\View->CodeIgniter\View\{closure}()
#3 C:\xampp\htdocs\tokoo\system\Common.php(1089): CodeIgniter\View\View->render('barang/view', Array, true)
#4 C:\xampp\htdocs\tokoo\app\Controllers\C_Barang.php(28): view('barang/view', Array)
#5 C:\xampp\htdocs\tokoo\system\CodeIgniter.php(832): App\Controllers\C_Barang->view()
#6 C:\xampp\htdocs\tokoo\system\CodeIgniter.php(419): CodeIgniter\CodeIgniter->runController(Object(App\Controllers\C_Barang))
#7 C:\xampp\htdocs\tokoo\system\CodeIgniter.php(326): CodeIgniter\CodeIgniter->handleRequest(NULL, Object(Config\Cache), false)
#8 C:\xampp\htdocs\tokoo\public\index.php(37): CodeIgniter\CodeIgniter->run()
#9 {main}
