CRITICAL - 2022-06-01 00:08:38 --> Attempt to read property "nama" on string
#0 C:\xampp\htdocs\tokoo\app\Views\keranjang\index.php(20): CodeIgniter\Debug\Exceptions->errorHandler(2, 'Attempt to read...', 'C:\\xampp\\htdocs...', 20)
#1 C:\xampp\htdocs\tokoo\system\View\View.php(210): include('C:\\xampp\\htdocs...')
#2 C:\xampp\htdocs\tokoo\system\View\View.php(213): CodeIgniter\View\View->CodeIgniter\View\{closure}()
#3 C:\xampp\htdocs\tokoo\system\Common.php(1089): CodeIgniter\View\View->render('keranjang/index', Array, true)
#4 C:\xampp\htdocs\tokoo\app\Controllers\C_Etalase.php(184): view('keranjang/index', Array)
#5 C:\xampp\htdocs\tokoo\system\CodeIgniter.php(832): App\Controllers\C_Etalase->tambah_cart('1')
#6 C:\xampp\htdocs\tokoo\system\CodeIgniter.php(419): CodeIgniter\CodeIgniter->runController(Object(App\Controllers\C_Etalase))
#7 C:\xampp\htdocs\tokoo\system\CodeIgniter.php(326): CodeIgniter\CodeIgniter->handleRequest(NULL, Object(Config\Cache), false)
#8 C:\xampp\htdocs\tokoo\public\index.php(37): CodeIgniter\CodeIgniter->run()
#9 {main}
CRITICAL - 2022-06-01 00:09:12 --> Attempt to read property "nama" on string
#0 C:\xampp\htdocs\tokoo\app\Views\keranjang\index.php(20): CodeIgniter\Debug\Exceptions->errorHandler(2, 'Attempt to read...', 'C:\\xampp\\htdocs...', 20)
#1 C:\xampp\htdocs\tokoo\system\View\View.php(210): include('C:\\xampp\\htdocs...')
#2 C:\xampp\htdocs\tokoo\system\View\View.php(213): CodeIgniter\View\View->CodeIgniter\View\{closure}()
#3 C:\xampp\htdocs\tokoo\system\Common.php(1089): CodeIgniter\View\View->render('keranjang/index', Array, true)
#4 C:\xampp\htdocs\tokoo\app\Controllers\C_Etalase.php(184): view('keranjang/index', Array)
#5 C:\xampp\htdocs\tokoo\system\CodeIgniter.php(832): App\Controllers\C_Etalase->tambah_cart('1')
#6 C:\xampp\htdocs\tokoo\system\CodeIgniter.php(419): CodeIgniter\CodeIgniter->runController(Object(App\Controllers\C_Etalase))
#7 C:\xampp\htdocs\tokoo\system\CodeIgniter.php(326): CodeIgniter\CodeIgniter->handleRequest(NULL, Object(Config\Cache), false)
#8 C:\xampp\htdocs\tokoo\public\index.php(37): CodeIgniter\CodeIgniter->run()
#9 {main}
CRITICAL - 2022-06-01 00:09:26 --> Attempt to read property "nama" on string
#0 C:\xampp\htdocs\tokoo\app\Views\keranjang\index.php(20): CodeIgniter\Debug\Exceptions->errorHandler(2, 'Attempt to read...', 'C:\\xampp\\htdocs...', 20)
#1 C:\xampp\htdocs\tokoo\system\View\View.php(210): include('C:\\xampp\\htdocs...')
#2 C:\xampp\htdocs\tokoo\system\View\View.php(213): CodeIgniter\View\View->CodeIgniter\View\{closure}()
#3 C:\xampp\htdocs\tokoo\system\Common.php(1089): CodeIgniter\View\View->render('keranjang/index', Array, true)
#4 C:\xampp\htdocs\tokoo\app\Controllers\C_Etalase.php(184): view('keranjang/index', Array)
#5 C:\xampp\htdocs\tokoo\system\CodeIgniter.php(832): App\Controllers\C_Etalase->tambah_cart('1')
#6 C:\xampp\htdocs\tokoo\system\CodeIgniter.php(419): CodeIgniter\CodeIgniter->runController(Object(App\Controllers\C_Etalase))
#7 C:\xampp\htdocs\tokoo\system\CodeIgniter.php(326): CodeIgniter\CodeIgniter->handleRequest(NULL, Object(Config\Cache), false)
#8 C:\xampp\htdocs\tokoo\public\index.php(37): CodeIgniter\CodeIgniter->run()
#9 {main}
CRITICAL - 2022-06-01 00:09:32 --> Attempt to read property "name" on string
#0 C:\xampp\htdocs\tokoo\app\Views\keranjang\index.php(20): CodeIgniter\Debug\Exceptions->errorHandler(2, 'Attempt to read...', 'C:\\xampp\\htdocs...', 20)
#1 C:\xampp\htdocs\tokoo\system\View\View.php(210): include('C:\\xampp\\htdocs...')
#2 C:\xampp\htdocs\tokoo\system\View\View.php(213): CodeIgniter\View\View->CodeIgniter\View\{closure}()
#3 C:\xampp\htdocs\tokoo\system\Common.php(1089): CodeIgniter\View\View->render('keranjang/index', Array, true)
#4 C:\xampp\htdocs\tokoo\app\Controllers\C_Etalase.php(184): view('keranjang/index', Array)
#5 C:\xampp\htdocs\tokoo\system\CodeIgniter.php(832): App\Controllers\C_Etalase->tambah_cart('1')
#6 C:\xampp\htdocs\tokoo\system\CodeIgniter.php(419): CodeIgniter\CodeIgniter->runController(Object(App\Controllers\C_Etalase))
#7 C:\xampp\htdocs\tokoo\system\CodeIgniter.php(326): CodeIgniter\CodeIgniter->handleRequest(NULL, Object(Config\Cache), false)
#8 C:\xampp\htdocs\tokoo\public\index.php(37): CodeIgniter\CodeIgniter->run()
#9 {main}
CRITICAL - 2022-06-01 00:10:58 --> Undefined variable $data
#0 C:\xampp\htdocs\tokoo\app\Views\keranjang\index.php(18): CodeIgniter\Debug\Exceptions->errorHandler(2, 'Undefined varia...', 'C:\\xampp\\htdocs...', 18)
#1 C:\xampp\htdocs\tokoo\system\View\View.php(210): include('C:\\xampp\\htdocs...')
#2 C:\xampp\htdocs\tokoo\system\View\View.php(213): CodeIgniter\View\View->CodeIgniter\View\{closure}()
#3 C:\xampp\htdocs\tokoo\system\Common.php(1089): CodeIgniter\View\View->render('keranjang/index', Array, true)
#4 C:\xampp\htdocs\tokoo\app\Controllers\C_Etalase.php(184): view('keranjang/index', Array)
#5 C:\xampp\htdocs\tokoo\system\CodeIgniter.php(832): App\Controllers\C_Etalase->tambah_cart('1')
#6 C:\xampp\htdocs\tokoo\system\CodeIgniter.php(419): CodeIgniter\CodeIgniter->runController(Object(App\Controllers\C_Etalase))
#7 C:\xampp\htdocs\tokoo\system\CodeIgniter.php(326): CodeIgniter\CodeIgniter->handleRequest(NULL, Object(Config\Cache), false)
#8 C:\xampp\htdocs\tokoo\public\index.php(37): CodeIgniter\CodeIgniter->run()
#9 {main}
CRITICAL - 2022-06-01 00:18:13 --> Undefined variable $data
#0 C:\xampp\htdocs\tokoo\app\Views\keranjang\index.php(18): CodeIgniter\Debug\Exceptions->errorHandler(2, 'Undefined varia...', 'C:\\xampp\\htdocs...', 18)
#1 C:\xampp\htdocs\tokoo\system\View\View.php(210): include('C:\\xampp\\htdocs...')
#2 C:\xampp\htdocs\tokoo\system\View\View.php(213): CodeIgniter\View\View->CodeIgniter\View\{closure}()
#3 C:\xampp\htdocs\tokoo\system\Common.php(1089): CodeIgniter\View\View->render('keranjang/index', Array, true)
#4 C:\xampp\htdocs\tokoo\app\Controllers\C_Etalase.php(189): view('keranjang/index', Array)
#5 C:\xampp\htdocs\tokoo\system\CodeIgniter.php(832): App\Controllers\C_Etalase->tambah_cart('1')
#6 C:\xampp\htdocs\tokoo\system\CodeIgniter.php(419): CodeIgniter\CodeIgniter->runController(Object(App\Controllers\C_Etalase))
#7 C:\xampp\htdocs\tokoo\system\CodeIgniter.php(326): CodeIgniter\CodeIgniter->handleRequest(NULL, Object(Config\Cache), false)
#8 C:\xampp\htdocs\tokoo\public\index.php(37): CodeIgniter\CodeIgniter->run()
#9 {main}
CRITICAL - 2022-06-01 00:18:27 --> Attempt to read property "nama" on string
#0 C:\xampp\htdocs\tokoo\app\Views\keranjang\index.php(20): CodeIgniter\Debug\Exceptions->errorHandler(2, 'Attempt to read...', 'C:\\xampp\\htdocs...', 20)
#1 C:\xampp\htdocs\tokoo\system\View\View.php(210): include('C:\\xampp\\htdocs...')
#2 C:\xampp\htdocs\tokoo\system\View\View.php(213): CodeIgniter\View\View->CodeIgniter\View\{closure}()
#3 C:\xampp\htdocs\tokoo\system\Common.php(1089): CodeIgniter\View\View->render('keranjang/index', Array, true)
#4 C:\xampp\htdocs\tokoo\app\Controllers\C_Etalase.php(189): view('keranjang/index', Array)
#5 C:\xampp\htdocs\tokoo\system\CodeIgniter.php(832): App\Controllers\C_Etalase->tambah_cart('1')
#6 C:\xampp\htdocs\tokoo\system\CodeIgniter.php(419): CodeIgniter\CodeIgniter->runController(Object(App\Controllers\C_Etalase))
#7 C:\xampp\htdocs\tokoo\system\CodeIgniter.php(326): CodeIgniter\CodeIgniter->handleRequest(NULL, Object(Config\Cache), false)
#8 C:\xampp\htdocs\tokoo\public\index.php(37): CodeIgniter\CodeIgniter->run()
#9 {main}
CRITICAL - 2022-06-01 00:43:09 --> Attempt to read property "gambar" on null
#0 C:\xampp\htdocs\tokoo\app\Views\etalase\beli.php(9): CodeIgniter\Debug\Exceptions->errorHandler(2, 'Attempt to read...', 'C:\\xampp\\htdocs...', 9)
#1 C:\xampp\htdocs\tokoo\system\View\View.php(210): include('C:\\xampp\\htdocs...')
#2 C:\xampp\htdocs\tokoo\system\View\View.php(213): CodeIgniter\View\View->CodeIgniter\View\{closure}()
#3 C:\xampp\htdocs\tokoo\system\Common.php(1089): CodeIgniter\View\View->render('etalase/beli', Array, true)
#4 C:\xampp\htdocs\tokoo\app\Controllers\C_Etalase.php(226): view('etalase/beli', Array)
#5 C:\xampp\htdocs\tokoo\system\CodeIgniter.php(832): App\Controllers\C_Etalase->tambah_cart()
#6 C:\xampp\htdocs\tokoo\system\CodeIgniter.php(419): CodeIgniter\CodeIgniter->runController(Object(App\Controllers\C_Etalase))
#7 C:\xampp\htdocs\tokoo\system\CodeIgniter.php(326): CodeIgniter\CodeIgniter->handleRequest(NULL, Object(Config\Cache), false)
#8 C:\xampp\htdocs\tokoo\public\index.php(37): CodeIgniter\CodeIgniter->run()
#9 {main}
CRITICAL - 2022-06-01 00:43:55 --> Attempt to read property "gambar" on null
#0 C:\xampp\htdocs\tokoo\app\Views\etalase\beli.php(9): CodeIgniter\Debug\Exceptions->errorHandler(2, 'Attempt to read...', 'C:\\xampp\\htdocs...', 9)
#1 C:\xampp\htdocs\tokoo\system\View\View.php(210): include('C:\\xampp\\htdocs...')
#2 C:\xampp\htdocs\tokoo\system\View\View.php(213): CodeIgniter\View\View->CodeIgniter\View\{closure}()
#3 C:\xampp\htdocs\tokoo\system\Common.php(1089): CodeIgniter\View\View->render('etalase/beli', Array, true)
#4 C:\xampp\htdocs\tokoo\app\Controllers\C_Etalase.php(226): view('etalase/beli', Array)
#5 C:\xampp\htdocs\tokoo\system\CodeIgniter.php(832): App\Controllers\C_Etalase->tambah_cart()
#6 C:\xampp\htdocs\tokoo\system\CodeIgniter.php(419): CodeIgniter\CodeIgniter->runController(Object(App\Controllers\C_Etalase))
#7 C:\xampp\htdocs\tokoo\system\CodeIgniter.php(326): CodeIgniter\CodeIgniter->handleRequest(NULL, Object(Config\Cache), false)
#8 C:\xampp\htdocs\tokoo\public\index.php(37): CodeIgniter\CodeIgniter->run()
#9 {main}
CRITICAL - 2022-06-01 00:46:29 --> Attempt to read property "gambar" on null
#0 C:\xampp\htdocs\tokoo\app\Views\etalase\beli.php(9): CodeIgniter\Debug\Exceptions->errorHandler(2, 'Attempt to read...', 'C:\\xampp\\htdocs...', 9)
#1 C:\xampp\htdocs\tokoo\system\View\View.php(210): include('C:\\xampp\\htdocs...')
#2 C:\xampp\htdocs\tokoo\system\View\View.php(213): CodeIgniter\View\View->CodeIgniter\View\{closure}()
#3 C:\xampp\htdocs\tokoo\system\Common.php(1089): CodeIgniter\View\View->render('etalase/beli', Array, true)
#4 C:\xampp\htdocs\tokoo\app\Controllers\C_Etalase.php(226): view('etalase/beli', Array)
#5 C:\xampp\htdocs\tokoo\system\CodeIgniter.php(832): App\Controllers\C_Etalase->tambah_cart()
#6 C:\xampp\htdocs\tokoo\system\CodeIgniter.php(419): CodeIgniter\CodeIgniter->runController(Object(App\Controllers\C_Etalase))
#7 C:\xampp\htdocs\tokoo\system\CodeIgniter.php(326): CodeIgniter\CodeIgniter->handleRequest(NULL, Object(Config\Cache), false)
#8 C:\xampp\htdocs\tokoo\public\index.php(37): CodeIgniter\CodeIgniter->run()
#9 {main}
CRITICAL - 2022-06-01 00:46:33 --> Attempt to read property "gambar" on null
#0 C:\xampp\htdocs\tokoo\app\Views\etalase\beli.php(9): CodeIgniter\Debug\Exceptions->errorHandler(2, 'Attempt to read...', 'C:\\xampp\\htdocs...', 9)
#1 C:\xampp\htdocs\tokoo\system\View\View.php(210): include('C:\\xampp\\htdocs...')
#2 C:\xampp\htdocs\tokoo\system\View\View.php(213): CodeIgniter\View\View->CodeIgniter\View\{closure}()
#3 C:\xampp\htdocs\tokoo\system\Common.php(1089): CodeIgniter\View\View->render('etalase/beli', Array, true)
#4 C:\xampp\htdocs\tokoo\app\Controllers\C_Etalase.php(226): view('etalase/beli', Array)
#5 C:\xampp\htdocs\tokoo\system\CodeIgniter.php(832): App\Controllers\C_Etalase->tambah_cart()
#6 C:\xampp\htdocs\tokoo\system\CodeIgniter.php(419): CodeIgniter\CodeIgniter->runController(Object(App\Controllers\C_Etalase))
#7 C:\xampp\htdocs\tokoo\system\CodeIgniter.php(326): CodeIgniter\CodeIgniter->handleRequest(NULL, Object(Config\Cache), false)
#8 C:\xampp\htdocs\tokoo\public\index.php(37): CodeIgniter\CodeIgniter->run()
#9 {main}
CRITICAL - 2022-06-01 00:48:01 --> Undefined variable $model
#0 C:\xampp\htdocs\tokoo\app\Views\etalase\beli.php(9): CodeIgniter\Debug\Exceptions->errorHandler(2, 'Undefined varia...', 'C:\\xampp\\htdocs...', 9)
#1 C:\xampp\htdocs\tokoo\system\View\View.php(210): include('C:\\xampp\\htdocs...')
#2 C:\xampp\htdocs\tokoo\system\View\View.php(213): CodeIgniter\View\View->CodeIgniter\View\{closure}()
#3 C:\xampp\htdocs\tokoo\system\Common.php(1089): CodeIgniter\View\View->render('etalase/beli', Array, true)
#4 C:\xampp\htdocs\tokoo\app\Controllers\C_Etalase.php(222): view('etalase/beli', Array)
#5 C:\xampp\htdocs\tokoo\system\CodeIgniter.php(832): App\Controllers\C_Etalase->tambah_cart()
#6 C:\xampp\htdocs\tokoo\system\CodeIgniter.php(419): CodeIgniter\CodeIgniter->runController(Object(App\Controllers\C_Etalase))
#7 C:\xampp\htdocs\tokoo\system\CodeIgniter.php(326): CodeIgniter\CodeIgniter->handleRequest(NULL, Object(Config\Cache), false)
#8 C:\xampp\htdocs\tokoo\public\index.php(37): CodeIgniter\CodeIgniter->run()
#9 {main}
CRITICAL - 2022-06-01 02:11:36 --> Attempt to assign property "status" on null
#0 C:\xampp\htdocs\tokoo\system\View\View.php(210): include()
#1 C:\xampp\htdocs\tokoo\system\View\View.php(213): CodeIgniter\View\View->CodeIgniter\View\{closure}()
#2 C:\xampp\htdocs\tokoo\system\Common.php(1089): CodeIgniter\View\View->render('etalase/beli', Array, true)
#3 C:\xampp\htdocs\tokoo\app\Controllers\C_Etalase.php(97): view('etalase/beli', Array)
#4 C:\xampp\htdocs\tokoo\system\CodeIgniter.php(832): App\Controllers\C_Etalase->beli('2')
#5 C:\xampp\htdocs\tokoo\system\CodeIgniter.php(419): CodeIgniter\CodeIgniter->runController(Object(App\Controllers\C_Etalase))
#6 C:\xampp\htdocs\tokoo\system\CodeIgniter.php(326): CodeIgniter\CodeIgniter->handleRequest(NULL, Object(Config\Cache), false)
#7 C:\xampp\htdocs\tokoo\public\index.php(37): CodeIgniter\CodeIgniter->run()
#8 {main}
CRITICAL - 2022-06-01 02:11:54 --> Attempt to assign property "status" on null
#0 C:\xampp\htdocs\tokoo\system\View\View.php(210): include()
#1 C:\xampp\htdocs\tokoo\system\View\View.php(213): CodeIgniter\View\View->CodeIgniter\View\{closure}()
#2 C:\xampp\htdocs\tokoo\system\Common.php(1089): CodeIgniter\View\View->render('etalase/beli', Array, true)
#3 C:\xampp\htdocs\tokoo\app\Controllers\C_Etalase.php(97): view('etalase/beli', Array)
#4 C:\xampp\htdocs\tokoo\system\CodeIgniter.php(832): App\Controllers\C_Etalase->beli('2')
#5 C:\xampp\htdocs\tokoo\system\CodeIgniter.php(419): CodeIgniter\CodeIgniter->runController(Object(App\Controllers\C_Etalase))
#6 C:\xampp\htdocs\tokoo\system\CodeIgniter.php(326): CodeIgniter\CodeIgniter->handleRequest(NULL, Object(Config\Cache), false)
#7 C:\xampp\htdocs\tokoo\public\index.php(37): CodeIgniter\CodeIgniter->run()
#8 {main}
CRITICAL - 2022-06-01 02:12:26 --> Attempt to read property "gambar" on null
#0 C:\xampp\htdocs\tokoo\app\Views\etalase\beli.php(9): CodeIgniter\Debug\Exceptions->errorHandler(2, 'Attempt to read...', 'C:\\xampp\\htdocs...', 9)
#1 C:\xampp\htdocs\tokoo\system\View\View.php(210): include('C:\\xampp\\htdocs...')
#2 C:\xampp\htdocs\tokoo\system\View\View.php(213): CodeIgniter\View\View->CodeIgniter\View\{closure}()
#3 C:\xampp\htdocs\tokoo\system\Common.php(1089): CodeIgniter\View\View->render('etalase/beli', Array, true)
#4 C:\xampp\htdocs\tokoo\app\Controllers\C_Etalase.php(97): view('etalase/beli', Array)
#5 C:\xampp\htdocs\tokoo\system\CodeIgniter.php(832): App\Controllers\C_Etalase->beli()
#6 C:\xampp\htdocs\tokoo\system\CodeIgniter.php(419): CodeIgniter\CodeIgniter->runController(Object(App\Controllers\C_Etalase))
#7 C:\xampp\htdocs\tokoo\system\CodeIgniter.php(326): CodeIgniter\CodeIgniter->handleRequest(NULL, Object(Config\Cache), false)
#8 C:\xampp\htdocs\tokoo\public\index.php(37): CodeIgniter\CodeIgniter->run()
#9 {main}
CRITICAL - 2022-06-01 02:59:25 --> Undefined variable $provinsi
#0 C:\xampp\htdocs\tokoo\app\Views\etalase\beli.php(23): CodeIgniter\Debug\Exceptions->errorHandler(2, 'Undefined varia...', 'C:\\xampp\\htdocs...', 23)
#1 C:\xampp\htdocs\tokoo\system\View\View.php(210): include('C:\\xampp\\htdocs...')
#2 C:\xampp\htdocs\tokoo\system\View\View.php(213): CodeIgniter\View\View->CodeIgniter\View\{closure}()
#3 C:\xampp\htdocs\tokoo\system\Common.php(1089): CodeIgniter\View\View->render('etalase/beli', Array, true)
#4 C:\xampp\htdocs\tokoo\app\Controllers\C_Etalase.php(207): view('etalase/beli', Array)
#5 C:\xampp\htdocs\tokoo\system\CodeIgniter.php(832): App\Controllers\C_Etalase->tambah_cart('1')
#6 C:\xampp\htdocs\tokoo\system\CodeIgniter.php(419): CodeIgniter\CodeIgniter->runController(Object(App\Controllers\C_Etalase))
#7 C:\xampp\htdocs\tokoo\system\CodeIgniter.php(326): CodeIgniter\CodeIgniter->handleRequest(NULL, Object(Config\Cache), false)
#8 C:\xampp\htdocs\tokoo\public\index.php(37): CodeIgniter\CodeIgniter->run()
#9 {main}
CRITICAL - 2022-06-01 03:00:26 --> Undefined variable $model
#0 C:\xampp\htdocs\tokoo\app\Views\etalase\index.php(6): CodeIgniter\Debug\Exceptions->errorHandler(2, 'Undefined varia...', 'C:\\xampp\\htdocs...', 6)
#1 C:\xampp\htdocs\tokoo\system\View\View.php(210): include('C:\\xampp\\htdocs...')
#2 C:\xampp\htdocs\tokoo\system\View\View.php(213): CodeIgniter\View\View->CodeIgniter\View\{closure}()
#3 C:\xampp\htdocs\tokoo\system\Common.php(1089): CodeIgniter\View\View->render('etalase/index', Array, true)
#4 C:\xampp\htdocs\tokoo\app\Controllers\C_Etalase.php(206): view('etalase/index')
#5 C:\xampp\htdocs\tokoo\system\CodeIgniter.php(832): App\Controllers\C_Etalase->tambah_cart('1')
#6 C:\xampp\htdocs\tokoo\system\CodeIgniter.php(419): CodeIgniter\CodeIgniter->runController(Object(App\Controllers\C_Etalase))
#7 C:\xampp\htdocs\tokoo\system\CodeIgniter.php(326): CodeIgniter\CodeIgniter->handleRequest(NULL, Object(Config\Cache), false)
#8 C:\xampp\htdocs\tokoo\public\index.php(37): CodeIgniter\CodeIgniter->run()
#9 {main}
CRITICAL - 2022-06-01 03:00:27 --> Undefined variable $model
#0 C:\xampp\htdocs\tokoo\app\Views\etalase\index.php(6): CodeIgniter\Debug\Exceptions->errorHandler(2, 'Undefined varia...', 'C:\\xampp\\htdocs...', 6)
#1 C:\xampp\htdocs\tokoo\system\View\View.php(210): include('C:\\xampp\\htdocs...')
#2 C:\xampp\htdocs\tokoo\system\View\View.php(213): CodeIgniter\View\View->CodeIgniter\View\{closure}()
#3 C:\xampp\htdocs\tokoo\system\Common.php(1089): CodeIgniter\View\View->render('etalase/index', Array, true)
#4 C:\xampp\htdocs\tokoo\app\Controllers\C_Etalase.php(206): view('etalase/index')
#5 C:\xampp\htdocs\tokoo\system\CodeIgniter.php(832): App\Controllers\C_Etalase->tambah_cart('1')
#6 C:\xampp\htdocs\tokoo\system\CodeIgniter.php(419): CodeIgniter\CodeIgniter->runController(Object(App\Controllers\C_Etalase))
#7 C:\xampp\htdocs\tokoo\system\CodeIgniter.php(326): CodeIgniter\CodeIgniter->handleRequest(NULL, Object(Config\Cache), false)
#8 C:\xampp\htdocs\tokoo\public\index.php(37): CodeIgniter\CodeIgniter->run()
#9 {main}
CRITICAL - 2022-06-01 03:24:29 --> syntax error, unexpected token "}", expecting ";"
#0 C:\xampp\htdocs\tokoo\system\Router\Router.php(175): CodeIgniter\Router\Router->autoRoute('C_Etalase/index')
#1 C:\xampp\htdocs\tokoo\system\CodeIgniter.php(726): CodeIgniter\Router\Router->handle('C_Etalase/index')
#2 C:\xampp\htdocs\tokoo\system\CodeIgniter.php(368): CodeIgniter\CodeIgniter->tryToRouteIt(Object(CodeIgniter\Router\RouteCollection))
#3 C:\xampp\htdocs\tokoo\system\CodeIgniter.php(326): CodeIgniter\CodeIgniter->handleRequest(NULL, Object(Config\Cache), false)
#4 C:\xampp\htdocs\tokoo\public\index.php(37): CodeIgniter\CodeIgniter->run()
#5 {main}
CRITICAL - 2022-06-01 03:25:35 --> Undefined variable $datas
#0 C:\xampp\htdocs\tokoo\app\Views\keranjang\index.php(19): CodeIgniter\Debug\Exceptions->errorHandler(2, 'Undefined varia...', 'C:\\xampp\\htdocs...', 19)
#1 C:\xampp\htdocs\tokoo\system\View\View.php(210): include('C:\\xampp\\htdocs...')
#2 C:\xampp\htdocs\tokoo\system\View\View.php(213): CodeIgniter\View\View->CodeIgniter\View\{closure}()
#3 C:\xampp\htdocs\tokoo\system\Common.php(1089): CodeIgniter\View\View->render('keranjang/index', Array, true)
#4 C:\xampp\htdocs\tokoo\app\Controllers\C_Etalase.php(176): view('keranjang/index')
#5 C:\xampp\htdocs\tokoo\system\CodeIgniter.php(832): App\Controllers\C_Etalase->index_cart()
#6 C:\xampp\htdocs\tokoo\system\CodeIgniter.php(419): CodeIgniter\CodeIgniter->runController(Object(App\Controllers\C_Etalase))
#7 C:\xampp\htdocs\tokoo\system\CodeIgniter.php(326): CodeIgniter\CodeIgniter->handleRequest(NULL, Object(Config\Cache), false)
#8 C:\xampp\htdocs\tokoo\public\index.php(37): CodeIgniter\CodeIgniter->run()
#9 {main}
CRITICAL - 2022-06-01 03:28:29 --> Undefined variable $items
#0 C:\xampp\htdocs\tokoo\app\Views\keranjang\index.php(19): CodeIgniter\Debug\Exceptions->errorHandler(2, 'Undefined varia...', 'C:\\xampp\\htdocs...', 19)
#1 C:\xampp\htdocs\tokoo\system\View\View.php(210): include('C:\\xampp\\htdocs...')
#2 C:\xampp\htdocs\tokoo\system\View\View.php(213): CodeIgniter\View\View->CodeIgniter\View\{closure}()
#3 C:\xampp\htdocs\tokoo\system\Common.php(1089): CodeIgniter\View\View->render('keranjang/index', Array, true)
#4 C:\xampp\htdocs\tokoo\app\Controllers\C_Etalase.php(176): view('keranjang/index')
#5 C:\xampp\htdocs\tokoo\system\CodeIgniter.php(832): App\Controllers\C_Etalase->index_cart()
#6 C:\xampp\htdocs\tokoo\system\CodeIgniter.php(419): CodeIgniter\CodeIgniter->runController(Object(App\Controllers\C_Etalase))
#7 C:\xampp\htdocs\tokoo\system\CodeIgniter.php(326): CodeIgniter\CodeIgniter->handleRequest(NULL, Object(Config\Cache), false)
#8 C:\xampp\htdocs\tokoo\public\index.php(37): CodeIgniter\CodeIgniter->run()
#9 {main}
CRITICAL - 2022-06-01 03:29:37 --> Undefined variable $items
#0 C:\xampp\htdocs\tokoo\app\Views\keranjang\index.php(19): CodeIgniter\Debug\Exceptions->errorHandler(2, 'Undefined varia...', 'C:\\xampp\\htdocs...', 19)
#1 C:\xampp\htdocs\tokoo\system\View\View.php(210): include('C:\\xampp\\htdocs...')
#2 C:\xampp\htdocs\tokoo\system\View\View.php(213): CodeIgniter\View\View->CodeIgniter\View\{closure}()
#3 C:\xampp\htdocs\tokoo\system\Common.php(1089): CodeIgniter\View\View->render('keranjang/index', Array, true)
#4 C:\xampp\htdocs\tokoo\app\Controllers\C_Etalase.php(176): view('keranjang/index')
#5 C:\xampp\htdocs\tokoo\system\CodeIgniter.php(832): App\Controllers\C_Etalase->index_cart()
#6 C:\xampp\htdocs\tokoo\system\CodeIgniter.php(419): CodeIgniter\CodeIgniter->runController(Object(App\Controllers\C_Etalase))
#7 C:\xampp\htdocs\tokoo\system\CodeIgniter.php(326): CodeIgniter\CodeIgniter->handleRequest(NULL, Object(Config\Cache), false)
#8 C:\xampp\htdocs\tokoo\public\index.php(37): CodeIgniter\CodeIgniter->run()
#9 {main}
CRITICAL - 2022-06-01 03:29:48 --> Undefined variable $item
#0 C:\xampp\htdocs\tokoo\app\Views\keranjang\index.php(19): CodeIgniter\Debug\Exceptions->errorHandler(2, 'Undefined varia...', 'C:\\xampp\\htdocs...', 19)
#1 C:\xampp\htdocs\tokoo\system\View\View.php(210): include('C:\\xampp\\htdocs...')
#2 C:\xampp\htdocs\tokoo\system\View\View.php(213): CodeIgniter\View\View->CodeIgniter\View\{closure}()
#3 C:\xampp\htdocs\tokoo\system\Common.php(1089): CodeIgniter\View\View->render('keranjang/index', Array, true)
#4 C:\xampp\htdocs\tokoo\app\Controllers\C_Etalase.php(176): view('keranjang/index')
#5 C:\xampp\htdocs\tokoo\system\CodeIgniter.php(832): App\Controllers\C_Etalase->index_cart()
#6 C:\xampp\htdocs\tokoo\system\CodeIgniter.php(419): CodeIgniter\CodeIgniter->runController(Object(App\Controllers\C_Etalase))
#7 C:\xampp\htdocs\tokoo\system\CodeIgniter.php(326): CodeIgniter\CodeIgniter->handleRequest(NULL, Object(Config\Cache), false)
#8 C:\xampp\htdocs\tokoo\public\index.php(37): CodeIgniter\CodeIgniter->run()
#9 {main}
CRITICAL - 2022-06-01 03:34:04 --> Undefined variable $items
#0 C:\xampp\htdocs\tokoo\app\Views\keranjang\index.php(19): CodeIgniter\Debug\Exceptions->errorHandler(2, 'Undefined varia...', 'C:\\xampp\\htdocs...', 19)
#1 C:\xampp\htdocs\tokoo\system\View\View.php(210): include('C:\\xampp\\htdocs...')
#2 C:\xampp\htdocs\tokoo\system\View\View.php(213): CodeIgniter\View\View->CodeIgniter\View\{closure}()
#3 C:\xampp\htdocs\tokoo\system\Common.php(1089): CodeIgniter\View\View->render('keranjang/index', Array, true)
#4 C:\xampp\htdocs\tokoo\app\Controllers\C_Etalase.php(176): view('keranjang/index')
#5 C:\xampp\htdocs\tokoo\system\CodeIgniter.php(832): App\Controllers\C_Etalase->index_cart()
#6 C:\xampp\htdocs\tokoo\system\CodeIgniter.php(419): CodeIgniter\CodeIgniter->runController(Object(App\Controllers\C_Etalase))
#7 C:\xampp\htdocs\tokoo\system\CodeIgniter.php(326): CodeIgniter\CodeIgniter->handleRequest(NULL, Object(Config\Cache), false)
#8 C:\xampp\htdocs\tokoo\public\index.php(37): CodeIgniter\CodeIgniter->run()
#9 {main}
CRITICAL - 2022-06-01 03:34:36 --> Undefined variable $items
#0 C:\xampp\htdocs\tokoo\app\Views\keranjang\index.php(19): CodeIgniter\Debug\Exceptions->errorHandler(2, 'Undefined varia...', 'C:\\xampp\\htdocs...', 19)
#1 C:\xampp\htdocs\tokoo\system\View\View.php(210): include('C:\\xampp\\htdocs...')
#2 C:\xampp\htdocs\tokoo\system\View\View.php(213): CodeIgniter\View\View->CodeIgniter\View\{closure}()
#3 C:\xampp\htdocs\tokoo\system\Common.php(1089): CodeIgniter\View\View->render('keranjang/index', Array, true)
#4 C:\xampp\htdocs\tokoo\app\Controllers\C_Etalase.php(176): view('keranjang/index')
#5 C:\xampp\htdocs\tokoo\system\CodeIgniter.php(832): App\Controllers\C_Etalase->index_cart()
#6 C:\xampp\htdocs\tokoo\system\CodeIgniter.php(419): CodeIgniter\CodeIgniter->runController(Object(App\Controllers\C_Etalase))
#7 C:\xampp\htdocs\tokoo\system\CodeIgniter.php(326): CodeIgniter\CodeIgniter->handleRequest(NULL, Object(Config\Cache), false)
#8 C:\xampp\htdocs\tokoo\public\index.php(37): CodeIgniter\CodeIgniter->run()
#9 {main}
CRITICAL - 2022-06-01 03:35:55 --> Undefined variable $items
#0 C:\xampp\htdocs\tokoo\app\Views\keranjang\index.php(19): CodeIgniter\Debug\Exceptions->errorHandler(2, 'Undefined varia...', 'C:\\xampp\\htdocs...', 19)
#1 C:\xampp\htdocs\tokoo\system\View\View.php(210): include('C:\\xampp\\htdocs...')
#2 C:\xampp\htdocs\tokoo\system\View\View.php(213): CodeIgniter\View\View->CodeIgniter\View\{closure}()
#3 C:\xampp\htdocs\tokoo\system\Common.php(1089): CodeIgniter\View\View->render('keranjang/index', Array, true)
#4 C:\xampp\htdocs\tokoo\app\Controllers\C_Etalase.php(176): view('keranjang/index')
#5 C:\xampp\htdocs\tokoo\system\CodeIgniter.php(832): App\Controllers\C_Etalase->index_cart()
#6 C:\xampp\htdocs\tokoo\system\CodeIgniter.php(419): CodeIgniter\CodeIgniter->runController(Object(App\Controllers\C_Etalase))
#7 C:\xampp\htdocs\tokoo\system\CodeIgniter.php(326): CodeIgniter\CodeIgniter->handleRequest(NULL, Object(Config\Cache), false)
#8 C:\xampp\htdocs\tokoo\public\index.php(37): CodeIgniter\CodeIgniter->run()
#9 {main}
CRITICAL - 2022-06-01 03:36:06 --> Undefined variable $items
#0 C:\xampp\htdocs\tokoo\app\Views\keranjang\index.php(19): CodeIgniter\Debug\Exceptions->errorHandler(2, 'Undefined varia...', 'C:\\xampp\\htdocs...', 19)
#1 C:\xampp\htdocs\tokoo\system\View\View.php(210): include('C:\\xampp\\htdocs...')
#2 C:\xampp\htdocs\tokoo\system\View\View.php(213): CodeIgniter\View\View->CodeIgniter\View\{closure}()
#3 C:\xampp\htdocs\tokoo\system\Common.php(1089): CodeIgniter\View\View->render('keranjang/index', Array, true)
#4 C:\xampp\htdocs\tokoo\app\Controllers\C_Etalase.php(176): view('keranjang/index')
#5 C:\xampp\htdocs\tokoo\system\CodeIgniter.php(832): App\Controllers\C_Etalase->index_cart()
#6 C:\xampp\htdocs\tokoo\system\CodeIgniter.php(419): CodeIgniter\CodeIgniter->runController(Object(App\Controllers\C_Etalase))
#7 C:\xampp\htdocs\tokoo\system\CodeIgniter.php(326): CodeIgniter\CodeIgniter->handleRequest(NULL, Object(Config\Cache), false)
#8 C:\xampp\htdocs\tokoo\public\index.php(37): CodeIgniter\CodeIgniter->run()
#9 {main}
CRITICAL - 2022-06-01 03:36:08 --> Undefined variable $items
#0 C:\xampp\htdocs\tokoo\app\Views\keranjang\index.php(19): CodeIgniter\Debug\Exceptions->errorHandler(2, 'Undefined varia...', 'C:\\xampp\\htdocs...', 19)
#1 C:\xampp\htdocs\tokoo\system\View\View.php(210): include('C:\\xampp\\htdocs...')
#2 C:\xampp\htdocs\tokoo\system\View\View.php(213): CodeIgniter\View\View->CodeIgniter\View\{closure}()
#3 C:\xampp\htdocs\tokoo\system\Common.php(1089): CodeIgniter\View\View->render('keranjang/index', Array, true)
#4 C:\xampp\htdocs\tokoo\app\Controllers\C_Etalase.php(176): view('keranjang/index')
#5 C:\xampp\htdocs\tokoo\system\CodeIgniter.php(832): App\Controllers\C_Etalase->index_cart()
#6 C:\xampp\htdocs\tokoo\system\CodeIgniter.php(419): CodeIgniter\CodeIgniter->runController(Object(App\Controllers\C_Etalase))
#7 C:\xampp\htdocs\tokoo\system\CodeIgniter.php(326): CodeIgniter\CodeIgniter->handleRequest(NULL, Object(Config\Cache), false)
#8 C:\xampp\htdocs\tokoo\public\index.php(37): CodeIgniter\CodeIgniter->run()
#9 {main}
CRITICAL - 2022-06-01 04:12:04 --> Undefined variable $items
#0 C:\xampp\htdocs\tokoo\app\Views\keranjang\index.php(19): CodeIgniter\Debug\Exceptions->errorHandler(2, 'Undefined varia...', 'C:\\xampp\\htdocs...', 19)
#1 C:\xampp\htdocs\tokoo\system\View\View.php(210): include('C:\\xampp\\htdocs...')
#2 C:\xampp\htdocs\tokoo\system\View\View.php(213): CodeIgniter\View\View->CodeIgniter\View\{closure}()
#3 C:\xampp\htdocs\tokoo\system\Common.php(1089): CodeIgniter\View\View->render('keranjang/index', Array, true)
#4 C:\xampp\htdocs\tokoo\app\Controllers\C_Etalase.php(176): view('keranjang/index')
#5 C:\xampp\htdocs\tokoo\system\CodeIgniter.php(832): App\Controllers\C_Etalase->index_cart()
#6 C:\xampp\htdocs\tokoo\system\CodeIgniter.php(419): CodeIgniter\CodeIgniter->runController(Object(App\Controllers\C_Etalase))
#7 C:\xampp\htdocs\tokoo\system\CodeIgniter.php(326): CodeIgniter\CodeIgniter->handleRequest(NULL, Object(Config\Cache), false)
#8 C:\xampp\htdocs\tokoo\public\index.php(37): CodeIgniter\CodeIgniter->run()
#9 {main}
CRITICAL - 2022-06-01 04:15:49 --> Attempt to read property "id" on array
#0 C:\xampp\htdocs\tokoo\app\Views\keranjang\index.php(22): CodeIgniter\Debug\Exceptions->errorHandler(2, 'Attempt to read...', 'C:\\xampp\\htdocs...', 22)
#1 C:\xampp\htdocs\tokoo\system\View\View.php(210): include('C:\\xampp\\htdocs...')
#2 C:\xampp\htdocs\tokoo\system\View\View.php(213): CodeIgniter\View\View->CodeIgniter\View\{closure}()
#3 C:\xampp\htdocs\tokoo\system\Common.php(1089): CodeIgniter\View\View->render('keranjang/index', Array, true)
#4 C:\xampp\htdocs\tokoo\app\Controllers\C_Etalase.php(176): view('keranjang/index', Array)
#5 C:\xampp\htdocs\tokoo\system\CodeIgniter.php(832): App\Controllers\C_Etalase->index_cart()
#6 C:\xampp\htdocs\tokoo\system\CodeIgniter.php(419): CodeIgniter\CodeIgniter->runController(Object(App\Controllers\C_Etalase))
#7 C:\xampp\htdocs\tokoo\system\CodeIgniter.php(326): CodeIgniter\CodeIgniter->handleRequest(NULL, Object(Config\Cache), false)
#8 C:\xampp\htdocs\tokoo\public\index.php(37): CodeIgniter\CodeIgniter->run()
#9 {main}
CRITICAL - 2022-06-01 04:16:34 --> Attempt to read property "nama" on array
#0 C:\xampp\htdocs\tokoo\app\Views\keranjang\index.php(21): CodeIgniter\Debug\Exceptions->errorHandler(2, 'Attempt to read...', 'C:\\xampp\\htdocs...', 21)
#1 C:\xampp\htdocs\tokoo\system\View\View.php(210): include('C:\\xampp\\htdocs...')
#2 C:\xampp\htdocs\tokoo\system\View\View.php(213): CodeIgniter\View\View->CodeIgniter\View\{closure}()
#3 C:\xampp\htdocs\tokoo\system\Common.php(1089): CodeIgniter\View\View->render('keranjang/index', Array, true)
#4 C:\xampp\htdocs\tokoo\app\Controllers\C_Etalase.php(176): view('keranjang/index', Array)
#5 C:\xampp\htdocs\tokoo\system\CodeIgniter.php(832): App\Controllers\C_Etalase->index_cart()
#6 C:\xampp\htdocs\tokoo\system\CodeIgniter.php(419): CodeIgniter\CodeIgniter->runController(Object(App\Controllers\C_Etalase))
#7 C:\xampp\htdocs\tokoo\system\CodeIgniter.php(326): CodeIgniter\CodeIgniter->handleRequest(NULL, Object(Config\Cache), false)
#8 C:\xampp\htdocs\tokoo\public\index.php(37): CodeIgniter\CodeIgniter->run()
#9 {main}
CRITICAL - 2022-06-01 04:18:16 --> Attempt to read property "id" on array
#0 C:\xampp\htdocs\tokoo\app\Views\keranjang\index.php(22): CodeIgniter\Debug\Exceptions->errorHandler(2, 'Attempt to read...', 'C:\\xampp\\htdocs...', 22)
#1 C:\xampp\htdocs\tokoo\system\View\View.php(210): include('C:\\xampp\\htdocs...')
#2 C:\xampp\htdocs\tokoo\system\View\View.php(213): CodeIgniter\View\View->CodeIgniter\View\{closure}()
#3 C:\xampp\htdocs\tokoo\system\Common.php(1089): CodeIgniter\View\View->render('keranjang/index', Array, true)
#4 C:\xampp\htdocs\tokoo\app\Controllers\C_Etalase.php(176): view('keranjang/index', Array)
#5 C:\xampp\htdocs\tokoo\system\CodeIgniter.php(832): App\Controllers\C_Etalase->index_cart()
#6 C:\xampp\htdocs\tokoo\system\CodeIgniter.php(419): CodeIgniter\CodeIgniter->runController(Object(App\Controllers\C_Etalase))
#7 C:\xampp\htdocs\tokoo\system\CodeIgniter.php(326): CodeIgniter\CodeIgniter->handleRequest(NULL, Object(Config\Cache), false)
#8 C:\xampp\htdocs\tokoo\public\index.php(37): CodeIgniter\CodeIgniter->run()
#9 {main}
CRITICAL - 2022-06-01 04:18:19 --> Attempt to read property "id" on array
#0 C:\xampp\htdocs\tokoo\app\Views\keranjang\index.php(22): CodeIgniter\Debug\Exceptions->errorHandler(2, 'Attempt to read...', 'C:\\xampp\\htdocs...', 22)
#1 C:\xampp\htdocs\tokoo\system\View\View.php(210): include('C:\\xampp\\htdocs...')
#2 C:\xampp\htdocs\tokoo\system\View\View.php(213): CodeIgniter\View\View->CodeIgniter\View\{closure}()
#3 C:\xampp\htdocs\tokoo\system\Common.php(1089): CodeIgniter\View\View->render('keranjang/index', Array, true)
#4 C:\xampp\htdocs\tokoo\app\Controllers\C_Etalase.php(176): view('keranjang/index', Array)
#5 C:\xampp\htdocs\tokoo\system\CodeIgniter.php(832): App\Controllers\C_Etalase->index_cart()
#6 C:\xampp\htdocs\tokoo\system\CodeIgniter.php(419): CodeIgniter\CodeIgniter->runController(Object(App\Controllers\C_Etalase))
#7 C:\xampp\htdocs\tokoo\system\CodeIgniter.php(326): CodeIgniter\CodeIgniter->handleRequest(NULL, Object(Config\Cache), false)
#8 C:\xampp\htdocs\tokoo\public\index.php(37): CodeIgniter\CodeIgniter->run()
#9 {main}
CRITICAL - 2022-06-01 04:24:23 --> Attempt to read property "id" on array
#0 C:\xampp\htdocs\tokoo\app\Views\keranjang\index.php(22): CodeIgniter\Debug\Exceptions->errorHandler(2, 'Attempt to read...', 'C:\\xampp\\htdocs...', 22)
#1 C:\xampp\htdocs\tokoo\system\View\View.php(210): include('C:\\xampp\\htdocs...')
#2 C:\xampp\htdocs\tokoo\system\View\View.php(213): CodeIgniter\View\View->CodeIgniter\View\{closure}()
#3 C:\xampp\htdocs\tokoo\system\Common.php(1089): CodeIgniter\View\View->render('keranjang/index', Array, true)
#4 C:\xampp\htdocs\tokoo\app\Controllers\C_Etalase.php(176): view('keranjang/index', Array)
#5 C:\xampp\htdocs\tokoo\system\CodeIgniter.php(832): App\Controllers\C_Etalase->index_cart()
#6 C:\xampp\htdocs\tokoo\system\CodeIgniter.php(419): CodeIgniter\CodeIgniter->runController(Object(App\Controllers\C_Etalase))
#7 C:\xampp\htdocs\tokoo\system\CodeIgniter.php(326): CodeIgniter\CodeIgniter->handleRequest(NULL, Object(Config\Cache), false)
#8 C:\xampp\htdocs\tokoo\public\index.php(37): CodeIgniter\CodeIgniter->run()
#9 {main}
CRITICAL - 2022-06-01 04:30:45 --> Attempt to read property "id" on array
#0 C:\xampp\htdocs\tokoo\app\Views\keranjang\index.php(22): CodeIgniter\Debug\Exceptions->errorHandler(2, 'Attempt to read...', 'C:\\xampp\\htdocs...', 22)
#1 C:\xampp\htdocs\tokoo\system\View\View.php(210): include('C:\\xampp\\htdocs...')
#2 C:\xampp\htdocs\tokoo\system\View\View.php(213): CodeIgniter\View\View->CodeIgniter\View\{closure}()
#3 C:\xampp\htdocs\tokoo\system\Common.php(1089): CodeIgniter\View\View->render('keranjang/index', Array, true)
#4 C:\xampp\htdocs\tokoo\app\Controllers\C_Etalase.php(176): view('keranjang/index', Array)
#5 C:\xampp\htdocs\tokoo\system\CodeIgniter.php(832): App\Controllers\C_Etalase->index_cart()
#6 C:\xampp\htdocs\tokoo\system\CodeIgniter.php(419): CodeIgniter\CodeIgniter->runController(Object(App\Controllers\C_Etalase))
#7 C:\xampp\htdocs\tokoo\system\CodeIgniter.php(326): CodeIgniter\CodeIgniter->handleRequest(NULL, Object(Config\Cache), false)
#8 C:\xampp\htdocs\tokoo\public\index.php(37): CodeIgniter\CodeIgniter->run()
#9 {main}
CRITICAL - 2022-06-01 04:30:49 --> Attempt to read property "id" on array
#0 C:\xampp\htdocs\tokoo\app\Views\keranjang\index.php(22): CodeIgniter\Debug\Exceptions->errorHandler(2, 'Attempt to read...', 'C:\\xampp\\htdocs...', 22)
#1 C:\xampp\htdocs\tokoo\system\View\View.php(210): include('C:\\xampp\\htdocs...')
#2 C:\xampp\htdocs\tokoo\system\View\View.php(213): CodeIgniter\View\View->CodeIgniter\View\{closure}()
#3 C:\xampp\htdocs\tokoo\system\Common.php(1089): CodeIgniter\View\View->render('keranjang/index', Array, true)
#4 C:\xampp\htdocs\tokoo\app\Controllers\C_Etalase.php(176): view('keranjang/index', Array)
#5 C:\xampp\htdocs\tokoo\system\CodeIgniter.php(832): App\Controllers\C_Etalase->index_cart()
#6 C:\xampp\htdocs\tokoo\system\CodeIgniter.php(419): CodeIgniter\CodeIgniter->runController(Object(App\Controllers\C_Etalase))
#7 C:\xampp\htdocs\tokoo\system\CodeIgniter.php(326): CodeIgniter\CodeIgniter->handleRequest(NULL, Object(Config\Cache), false)
#8 C:\xampp\htdocs\tokoo\public\index.php(37): CodeIgniter\CodeIgniter->run()
#9 {main}
CRITICAL - 2022-06-01 04:30:58 --> Attempt to read property "nama" on array
#0 C:\xampp\htdocs\tokoo\app\Views\keranjang\index.php(22): CodeIgniter\Debug\Exceptions->errorHandler(2, 'Attempt to read...', 'C:\\xampp\\htdocs...', 22)
#1 C:\xampp\htdocs\tokoo\system\View\View.php(210): include('C:\\xampp\\htdocs...')
#2 C:\xampp\htdocs\tokoo\system\View\View.php(213): CodeIgniter\View\View->CodeIgniter\View\{closure}()
#3 C:\xampp\htdocs\tokoo\system\Common.php(1089): CodeIgniter\View\View->render('keranjang/index', Array, true)
#4 C:\xampp\htdocs\tokoo\app\Controllers\C_Etalase.php(176): view('keranjang/index', Array)
#5 C:\xampp\htdocs\tokoo\system\CodeIgniter.php(832): App\Controllers\C_Etalase->index_cart()
#6 C:\xampp\htdocs\tokoo\system\CodeIgniter.php(419): CodeIgniter\CodeIgniter->runController(Object(App\Controllers\C_Etalase))
#7 C:\xampp\htdocs\tokoo\system\CodeIgniter.php(326): CodeIgniter\CodeIgniter->handleRequest(NULL, Object(Config\Cache), false)
#8 C:\xampp\htdocs\tokoo\public\index.php(37): CodeIgniter\CodeIgniter->run()
#9 {main}
CRITICAL - 2022-06-01 04:39:33 --> Attempt to read property "id" on array
#0 C:\xampp\htdocs\tokoo\app\Views\keranjang\index.php(22): CodeIgniter\Debug\Exceptions->errorHandler(2, 'Attempt to read...', 'C:\\xampp\\htdocs...', 22)
#1 C:\xampp\htdocs\tokoo\system\View\View.php(210): include('C:\\xampp\\htdocs...')
#2 C:\xampp\htdocs\tokoo\system\View\View.php(213): CodeIgniter\View\View->CodeIgniter\View\{closure}()
#3 C:\xampp\htdocs\tokoo\system\Common.php(1089): CodeIgniter\View\View->render('keranjang/index', Array, true)
#4 C:\xampp\htdocs\tokoo\app\Controllers\C_Etalase.php(176): view('keranjang/index', Array)
#5 C:\xampp\htdocs\tokoo\system\CodeIgniter.php(832): App\Controllers\C_Etalase->index_cart()
#6 C:\xampp\htdocs\tokoo\system\CodeIgniter.php(419): CodeIgniter\CodeIgniter->runController(Object(App\Controllers\C_Etalase))
#7 C:\xampp\htdocs\tokoo\system\CodeIgniter.php(326): CodeIgniter\CodeIgniter->handleRequest(NULL, Object(Config\Cache), false)
#8 C:\xampp\htdocs\tokoo\public\index.php(37): CodeIgniter\CodeIgniter->run()
#9 {main}
CRITICAL - 2022-06-01 04:42:52 --> Attempt to read property "gambar" on array
#0 C:\xampp\htdocs\tokoo\app\Views\keranjang\index.php(22): CodeIgniter\Debug\Exceptions->errorHandler(2, 'Attempt to read...', 'C:\\xampp\\htdocs...', 22)
#1 C:\xampp\htdocs\tokoo\system\View\View.php(210): include('C:\\xampp\\htdocs...')
#2 C:\xampp\htdocs\tokoo\system\View\View.php(213): CodeIgniter\View\View->CodeIgniter\View\{closure}()
#3 C:\xampp\htdocs\tokoo\system\Common.php(1089): CodeIgniter\View\View->render('keranjang/index', Array, true)
#4 C:\xampp\htdocs\tokoo\app\Controllers\C_Etalase.php(176): view('keranjang/index', Array)
#5 C:\xampp\htdocs\tokoo\system\CodeIgniter.php(832): App\Controllers\C_Etalase->index_cart()
#6 C:\xampp\htdocs\tokoo\system\CodeIgniter.php(419): CodeIgniter\CodeIgniter->runController(Object(App\Controllers\C_Etalase))
#7 C:\xampp\htdocs\tokoo\system\CodeIgniter.php(326): CodeIgniter\CodeIgniter->handleRequest(NULL, Object(Config\Cache), false)
#8 C:\xampp\htdocs\tokoo\public\index.php(37): CodeIgniter\CodeIgniter->run()
#9 {main}
CRITICAL - 2022-06-01 04:43:04 --> Attempt to read property "id" on array
#0 C:\xampp\htdocs\tokoo\app\Views\keranjang\index.php(22): CodeIgniter\Debug\Exceptions->errorHandler(2, 'Attempt to read...', 'C:\\xampp\\htdocs...', 22)
#1 C:\xampp\htdocs\tokoo\system\View\View.php(210): include('C:\\xampp\\htdocs...')
#2 C:\xampp\htdocs\tokoo\system\View\View.php(213): CodeIgniter\View\View->CodeIgniter\View\{closure}()
#3 C:\xampp\htdocs\tokoo\system\Common.php(1089): CodeIgniter\View\View->render('keranjang/index', Array, true)
#4 C:\xampp\htdocs\tokoo\app\Controllers\C_Etalase.php(176): view('keranjang/index', Array)
#5 C:\xampp\htdocs\tokoo\system\CodeIgniter.php(832): App\Controllers\C_Etalase->index_cart()
#6 C:\xampp\htdocs\tokoo\system\CodeIgniter.php(419): CodeIgniter\CodeIgniter->runController(Object(App\Controllers\C_Etalase))
#7 C:\xampp\htdocs\tokoo\system\CodeIgniter.php(326): CodeIgniter\CodeIgniter->handleRequest(NULL, Object(Config\Cache), false)
#8 C:\xampp\htdocs\tokoo\public\index.php(37): CodeIgniter\CodeIgniter->run()
#9 {main}
CRITICAL - 2022-06-01 04:47:36 --> Attempt to read property "nama" on array
#0 C:\xampp\htdocs\tokoo\app\Views\keranjang\index.php(23): CodeIgniter\Debug\Exceptions->errorHandler(2, 'Attempt to read...', 'C:\\xampp\\htdocs...', 23)
#1 C:\xampp\htdocs\tokoo\system\View\View.php(210): include('C:\\xampp\\htdocs...')
#2 C:\xampp\htdocs\tokoo\system\View\View.php(213): CodeIgniter\View\View->CodeIgniter\View\{closure}()
#3 C:\xampp\htdocs\tokoo\system\Common.php(1089): CodeIgniter\View\View->render('keranjang/index', Array, true)
#4 C:\xampp\htdocs\tokoo\app\Controllers\C_Etalase.php(176): view('keranjang/index', Array)
#5 C:\xampp\htdocs\tokoo\system\CodeIgniter.php(832): App\Controllers\C_Etalase->index_cart()
#6 C:\xampp\htdocs\tokoo\system\CodeIgniter.php(419): CodeIgniter\CodeIgniter->runController(Object(App\Controllers\C_Etalase))
#7 C:\xampp\htdocs\tokoo\system\CodeIgniter.php(326): CodeIgniter\CodeIgniter->handleRequest(NULL, Object(Config\Cache), false)
#8 C:\xampp\htdocs\tokoo\public\index.php(37): CodeIgniter\CodeIgniter->run()
#9 {main}
CRITICAL - 2022-06-01 04:50:41 --> Undefined array key "nama"
#0 C:\xampp\htdocs\tokoo\app\Views\keranjang\index.php(23): CodeIgniter\Debug\Exceptions->errorHandler(2, 'Undefined array...', 'C:\\xampp\\htdocs...', 23)
#1 C:\xampp\htdocs\tokoo\system\View\View.php(210): include('C:\\xampp\\htdocs...')
#2 C:\xampp\htdocs\tokoo\system\View\View.php(213): CodeIgniter\View\View->CodeIgniter\View\{closure}()
#3 C:\xampp\htdocs\tokoo\system\Common.php(1089): CodeIgniter\View\View->render('keranjang/index', Array, true)
#4 C:\xampp\htdocs\tokoo\app\Controllers\C_Etalase.php(176): view('keranjang/index', Array)
#5 C:\xampp\htdocs\tokoo\system\CodeIgniter.php(832): App\Controllers\C_Etalase->index_cart()
#6 C:\xampp\htdocs\tokoo\system\CodeIgniter.php(419): CodeIgniter\CodeIgniter->runController(Object(App\Controllers\C_Etalase))
#7 C:\xampp\htdocs\tokoo\system\CodeIgniter.php(326): CodeIgniter\CodeIgniter->handleRequest(NULL, Object(Config\Cache), false)
#8 C:\xampp\htdocs\tokoo\public\index.php(37): CodeIgniter\CodeIgniter->run()
#9 {main}
CRITICAL - 2022-06-01 04:50:47 --> Undefined array key "nama"
#0 C:\xampp\htdocs\tokoo\app\Views\keranjang\index.php(23): CodeIgniter\Debug\Exceptions->errorHandler(2, 'Undefined array...', 'C:\\xampp\\htdocs...', 23)
#1 C:\xampp\htdocs\tokoo\system\View\View.php(210): include('C:\\xampp\\htdocs...')
#2 C:\xampp\htdocs\tokoo\system\View\View.php(213): CodeIgniter\View\View->CodeIgniter\View\{closure}()
#3 C:\xampp\htdocs\tokoo\system\Common.php(1089): CodeIgniter\View\View->render('keranjang/index', Array, true)
#4 C:\xampp\htdocs\tokoo\app\Controllers\C_Etalase.php(176): view('keranjang/index', Array)
#5 C:\xampp\htdocs\tokoo\system\CodeIgniter.php(832): App\Controllers\C_Etalase->index_cart()
#6 C:\xampp\htdocs\tokoo\system\CodeIgniter.php(419): CodeIgniter\CodeIgniter->runController(Object(App\Controllers\C_Etalase))
#7 C:\xampp\htdocs\tokoo\system\CodeIgniter.php(326): CodeIgniter\CodeIgniter->handleRequest(NULL, Object(Config\Cache), false)
#8 C:\xampp\htdocs\tokoo\public\index.php(37): CodeIgniter\CodeIgniter->run()
#9 {main}
CRITICAL - 2022-06-01 04:51:05 --> Attempt to read property "nama" on array
#0 C:\xampp\htdocs\tokoo\app\Views\keranjang\index.php(23): CodeIgniter\Debug\Exceptions->errorHandler(2, 'Attempt to read...', 'C:\\xampp\\htdocs...', 23)
#1 C:\xampp\htdocs\tokoo\system\View\View.php(210): include('C:\\xampp\\htdocs...')
#2 C:\xampp\htdocs\tokoo\system\View\View.php(213): CodeIgniter\View\View->CodeIgniter\View\{closure}()
#3 C:\xampp\htdocs\tokoo\system\Common.php(1089): CodeIgniter\View\View->render('keranjang/index', Array, true)
#4 C:\xampp\htdocs\tokoo\app\Controllers\C_Etalase.php(176): view('keranjang/index', Array)
#5 C:\xampp\htdocs\tokoo\system\CodeIgniter.php(832): App\Controllers\C_Etalase->index_cart()
#6 C:\xampp\htdocs\tokoo\system\CodeIgniter.php(419): CodeIgniter\CodeIgniter->runController(Object(App\Controllers\C_Etalase))
#7 C:\xampp\htdocs\tokoo\system\CodeIgniter.php(326): CodeIgniter\CodeIgniter->handleRequest(NULL, Object(Config\Cache), false)
#8 C:\xampp\htdocs\tokoo\public\index.php(37): CodeIgniter\CodeIgniter->run()
#9 {main}
CRITICAL - 2022-06-01 04:51:56 --> Undefined array key "nama"
#0 C:\xampp\htdocs\tokoo\app\Views\keranjang\index.php(23): CodeIgniter\Debug\Exceptions->errorHandler(2, 'Undefined array...', 'C:\\xampp\\htdocs...', 23)
#1 C:\xampp\htdocs\tokoo\system\View\View.php(210): include('C:\\xampp\\htdocs...')
#2 C:\xampp\htdocs\tokoo\system\View\View.php(213): CodeIgniter\View\View->CodeIgniter\View\{closure}()
#3 C:\xampp\htdocs\tokoo\system\Common.php(1089): CodeIgniter\View\View->render('keranjang/index', Array, true)
#4 C:\xampp\htdocs\tokoo\app\Controllers\C_Etalase.php(176): view('keranjang/index', Array)
#5 C:\xampp\htdocs\tokoo\system\CodeIgniter.php(832): App\Controllers\C_Etalase->index_cart()
#6 C:\xampp\htdocs\tokoo\system\CodeIgniter.php(419): CodeIgniter\CodeIgniter->runController(Object(App\Controllers\C_Etalase))
#7 C:\xampp\htdocs\tokoo\system\CodeIgniter.php(326): CodeIgniter\CodeIgniter->handleRequest(NULL, Object(Config\Cache), false)
#8 C:\xampp\htdocs\tokoo\public\index.php(37): CodeIgniter\CodeIgniter->run()
#9 {main}
CRITICAL - 2022-06-01 04:59:08 --> Undefined array key "gambar"
#0 C:\xampp\htdocs\tokoo\app\Views\keranjang\index.php(24): CodeIgniter\Debug\Exceptions->errorHandler(2, 'Undefined array...', 'C:\\xampp\\htdocs...', 24)
#1 C:\xampp\htdocs\tokoo\system\View\View.php(210): include('C:\\xampp\\htdocs...')
#2 C:\xampp\htdocs\tokoo\system\View\View.php(213): CodeIgniter\View\View->CodeIgniter\View\{closure}()
#3 C:\xampp\htdocs\tokoo\system\Common.php(1089): CodeIgniter\View\View->render('keranjang/index', Array, true)
#4 C:\xampp\htdocs\tokoo\app\Controllers\C_Etalase.php(176): view('keranjang/index', Array)
#5 C:\xampp\htdocs\tokoo\system\CodeIgniter.php(832): App\Controllers\C_Etalase->index_cart()
#6 C:\xampp\htdocs\tokoo\system\CodeIgniter.php(419): CodeIgniter\CodeIgniter->runController(Object(App\Controllers\C_Etalase))
#7 C:\xampp\htdocs\tokoo\system\CodeIgniter.php(326): CodeIgniter\CodeIgniter->handleRequest(NULL, Object(Config\Cache), false)
#8 C:\xampp\htdocs\tokoo\public\index.php(37): CodeIgniter\CodeIgniter->run()
#9 {main}
CRITICAL - 2022-06-01 05:02:00 --> Attempt to read property "gambar" on string
#0 C:\xampp\htdocs\tokoo\app\Views\keranjang\index.php(24): CodeIgniter\Debug\Exceptions->errorHandler(2, 'Attempt to read...', 'C:\\xampp\\htdocs...', 24)
#1 C:\xampp\htdocs\tokoo\system\View\View.php(210): include('C:\\xampp\\htdocs...')
#2 C:\xampp\htdocs\tokoo\system\View\View.php(213): CodeIgniter\View\View->CodeIgniter\View\{closure}()
#3 C:\xampp\htdocs\tokoo\system\Common.php(1089): CodeIgniter\View\View->render('keranjang/index', Array, true)
#4 C:\xampp\htdocs\tokoo\app\Controllers\C_Etalase.php(176): view('keranjang/index', Array)
#5 C:\xampp\htdocs\tokoo\system\CodeIgniter.php(832): App\Controllers\C_Etalase->index_cart()
#6 C:\xampp\htdocs\tokoo\system\CodeIgniter.php(419): CodeIgniter\CodeIgniter->runController(Object(App\Controllers\C_Etalase))
#7 C:\xampp\htdocs\tokoo\system\CodeIgniter.php(326): CodeIgniter\CodeIgniter->handleRequest(NULL, Object(Config\Cache), false)
#8 C:\xampp\htdocs\tokoo\public\index.php(37): CodeIgniter\CodeIgniter->run()
#9 {main}
CRITICAL - 2022-06-01 05:20:47 --> array_values(): Argument #1 ($array) must be of type array, null given
#0 C:\xampp\htdocs\tokoo\app\Controllers\C_Etalase.php(197): array_values(NULL)
#1 C:\xampp\htdocs\tokoo\system\CodeIgniter.php(832): App\Controllers\C_Etalase->tambah_cart('2')
#2 C:\xampp\htdocs\tokoo\system\CodeIgniter.php(419): CodeIgniter\CodeIgniter->runController(Object(App\Controllers\C_Etalase))
#3 C:\xampp\htdocs\tokoo\system\CodeIgniter.php(326): CodeIgniter\CodeIgniter->handleRequest(NULL, Object(Config\Cache), false)
#4 C:\xampp\htdocs\tokoo\public\index.php(37): CodeIgniter\CodeIgniter->run()
#5 {main}
CRITICAL - 2022-06-01 05:21:26 --> array_push(): Argument #1 ($array) must be of type array, null given
#0 C:\xampp\htdocs\tokoo\app\Controllers\C_Etalase.php(200): array_push(NULL, Array)
#1 C:\xampp\htdocs\tokoo\system\CodeIgniter.php(832): App\Controllers\C_Etalase->tambah_cart('3')
#2 C:\xampp\htdocs\tokoo\system\CodeIgniter.php(419): CodeIgniter\CodeIgniter->runController(Object(App\Controllers\C_Etalase))
#3 C:\xampp\htdocs\tokoo\system\CodeIgniter.php(326): CodeIgniter\CodeIgniter->handleRequest(NULL, Object(Config\Cache), false)
#4 C:\xampp\htdocs\tokoo\public\index.php(37): CodeIgniter\CodeIgniter->run()
#5 {main}
CRITICAL - 2022-06-01 05:27:42 --> Attempt to read property "photo" on array
#0 C:\xampp\htdocs\tokoo\app\Views\keranjang\index.php(24): CodeIgniter\Debug\Exceptions->errorHandler(2, 'Attempt to read...', 'C:\\xampp\\htdocs...', 24)
#1 C:\xampp\htdocs\tokoo\system\View\View.php(210): include('C:\\xampp\\htdocs...')
#2 C:\xampp\htdocs\tokoo\system\View\View.php(213): CodeIgniter\View\View->CodeIgniter\View\{closure}()
#3 C:\xampp\htdocs\tokoo\system\Common.php(1089): CodeIgniter\View\View->render('keranjang/index', Array, true)
#4 C:\xampp\htdocs\tokoo\app\Controllers\C_Etalase.php(176): view('keranjang/index', Array)
#5 C:\xampp\htdocs\tokoo\system\CodeIgniter.php(832): App\Controllers\C_Etalase->index_cart()
#6 C:\xampp\htdocs\tokoo\system\CodeIgniter.php(419): CodeIgniter\CodeIgniter->runController(Object(App\Controllers\C_Etalase))
#7 C:\xampp\htdocs\tokoo\system\CodeIgniter.php(326): CodeIgniter\CodeIgniter->handleRequest(NULL, Object(Config\Cache), false)
#8 C:\xampp\htdocs\tokoo\public\index.php(37): CodeIgniter\CodeIgniter->run()
#9 {main}
CRITICAL - 2022-06-01 05:28:00 --> Attempt to read property "gambar" on string
#0 C:\xampp\htdocs\tokoo\app\Views\keranjang\index.php(24): CodeIgniter\Debug\Exceptions->errorHandler(2, 'Attempt to read...', 'C:\\xampp\\htdocs...', 24)
#1 C:\xampp\htdocs\tokoo\system\View\View.php(210): include('C:\\xampp\\htdocs...')
#2 C:\xampp\htdocs\tokoo\system\View\View.php(213): CodeIgniter\View\View->CodeIgniter\View\{closure}()
#3 C:\xampp\htdocs\tokoo\system\Common.php(1089): CodeIgniter\View\View->render('keranjang/index', Array, true)
#4 C:\xampp\htdocs\tokoo\app\Controllers\C_Etalase.php(176): view('keranjang/index', Array)
#5 C:\xampp\htdocs\tokoo\system\CodeIgniter.php(832): App\Controllers\C_Etalase->index_cart()
#6 C:\xampp\htdocs\tokoo\system\CodeIgniter.php(419): CodeIgniter\CodeIgniter->runController(Object(App\Controllers\C_Etalase))
#7 C:\xampp\htdocs\tokoo\system\CodeIgniter.php(326): CodeIgniter\CodeIgniter->handleRequest(NULL, Object(Config\Cache), false)
#8 C:\xampp\htdocs\tokoo\public\index.php(37): CodeIgniter\CodeIgniter->run()
#9 {main}
CRITICAL - 2022-06-01 05:31:29 --> Undefined array key "gambar"
#0 C:\xampp\htdocs\tokoo\app\Views\keranjang\index.php(24): CodeIgniter\Debug\Exceptions->errorHandler(2, 'Undefined array...', 'C:\\xampp\\htdocs...', 24)
#1 C:\xampp\htdocs\tokoo\system\View\View.php(210): include('C:\\xampp\\htdocs...')
#2 C:\xampp\htdocs\tokoo\system\View\View.php(213): CodeIgniter\View\View->CodeIgniter\View\{closure}()
#3 C:\xampp\htdocs\tokoo\system\Common.php(1089): CodeIgniter\View\View->render('keranjang/index', Array, true)
#4 C:\xampp\htdocs\tokoo\app\Controllers\C_Etalase.php(176): view('keranjang/index', Array)
#5 C:\xampp\htdocs\tokoo\system\CodeIgniter.php(832): App\Controllers\C_Etalase->index_cart()
#6 C:\xampp\htdocs\tokoo\system\CodeIgniter.php(419): CodeIgniter\CodeIgniter->runController(Object(App\Controllers\C_Etalase))
#7 C:\xampp\htdocs\tokoo\system\CodeIgniter.php(326): CodeIgniter\CodeIgniter->handleRequest(NULL, Object(Config\Cache), false)
#8 C:\xampp\htdocs\tokoo\public\index.php(37): CodeIgniter\CodeIgniter->run()
#9 {main}
CRITICAL - 2022-06-01 05:34:14 --> Attempt to read property "harga" on null
#0 C:\xampp\htdocs\tokoo\app\Controllers\C_Etalase.php(192): CodeIgniter\Debug\Exceptions->errorHandler(2, 'Attempt to read...', 'C:\\xampp\\htdocs...', 192)
#1 C:\xampp\htdocs\tokoo\system\CodeIgniter.php(832): App\Controllers\C_Etalase->tambah_cart('4')
#2 C:\xampp\htdocs\tokoo\system\CodeIgniter.php(419): CodeIgniter\CodeIgniter->runController(Object(App\Controllers\C_Etalase))
#3 C:\xampp\htdocs\tokoo\system\CodeIgniter.php(326): CodeIgniter\CodeIgniter->handleRequest(NULL, Object(Config\Cache), false)
#4 C:\xampp\htdocs\tokoo\public\index.php(37): CodeIgniter\CodeIgniter->run()
#5 {main}
CRITICAL - 2022-06-01 05:36:22 --> Undefined array key "gambar"
#0 C:\xampp\htdocs\tokoo\app\Views\keranjang\index.php(24): CodeIgniter\Debug\Exceptions->errorHandler(2, 'Undefined array...', 'C:\\xampp\\htdocs...', 24)
#1 C:\xampp\htdocs\tokoo\system\View\View.php(210): include('C:\\xampp\\htdocs...')
#2 C:\xampp\htdocs\tokoo\system\View\View.php(213): CodeIgniter\View\View->CodeIgniter\View\{closure}()
#3 C:\xampp\htdocs\tokoo\system\Common.php(1089): CodeIgniter\View\View->render('keranjang/index', Array, true)
#4 C:\xampp\htdocs\tokoo\app\Controllers\C_Etalase.php(176): view('keranjang/index', Array)
#5 C:\xampp\htdocs\tokoo\system\CodeIgniter.php(832): App\Controllers\C_Etalase->index_cart()
#6 C:\xampp\htdocs\tokoo\system\CodeIgniter.php(419): CodeIgniter\CodeIgniter->runController(Object(App\Controllers\C_Etalase))
#7 C:\xampp\htdocs\tokoo\system\CodeIgniter.php(326): CodeIgniter\CodeIgniter->handleRequest(NULL, Object(Config\Cache), false)
#8 C:\xampp\htdocs\tokoo\public\index.php(37): CodeIgniter\CodeIgniter->run()
#9 {main}
CRITICAL - 2022-06-01 05:41:01 --> Attempt to read property "Gambar" on array
#0 C:\xampp\htdocs\tokoo\app\Views\keranjang\index.php(24): CodeIgniter\Debug\Exceptions->errorHandler(2, 'Attempt to read...', 'C:\\xampp\\htdocs...', 24)
#1 C:\xampp\htdocs\tokoo\system\View\View.php(210): include('C:\\xampp\\htdocs...')
#2 C:\xampp\htdocs\tokoo\system\View\View.php(213): CodeIgniter\View\View->CodeIgniter\View\{closure}()
#3 C:\xampp\htdocs\tokoo\system\Common.php(1089): CodeIgniter\View\View->render('keranjang/index', Array, true)
#4 C:\xampp\htdocs\tokoo\app\Controllers\C_Etalase.php(176): view('keranjang/index', Array)
#5 C:\xampp\htdocs\tokoo\system\CodeIgniter.php(832): App\Controllers\C_Etalase->index_cart()
#6 C:\xampp\htdocs\tokoo\system\CodeIgniter.php(419): CodeIgniter\CodeIgniter->runController(Object(App\Controllers\C_Etalase))
#7 C:\xampp\htdocs\tokoo\system\CodeIgniter.php(326): CodeIgniter\CodeIgniter->handleRequest(NULL, Object(Config\Cache), false)
#8 C:\xampp\htdocs\tokoo\public\index.php(37): CodeIgniter\CodeIgniter->run()
#9 {main}
CRITICAL - 2022-06-01 05:41:07 --> Attempt to read property "gambar" on array
#0 C:\xampp\htdocs\tokoo\app\Views\keranjang\index.php(24): CodeIgniter\Debug\Exceptions->errorHandler(2, 'Attempt to read...', 'C:\\xampp\\htdocs...', 24)
#1 C:\xampp\htdocs\tokoo\system\View\View.php(210): include('C:\\xampp\\htdocs...')
#2 C:\xampp\htdocs\tokoo\system\View\View.php(213): CodeIgniter\View\View->CodeIgniter\View\{closure}()
#3 C:\xampp\htdocs\tokoo\system\Common.php(1089): CodeIgniter\View\View->render('keranjang/index', Array, true)
#4 C:\xampp\htdocs\tokoo\app\Controllers\C_Etalase.php(176): view('keranjang/index', Array)
#5 C:\xampp\htdocs\tokoo\system\CodeIgniter.php(832): App\Controllers\C_Etalase->index_cart()
#6 C:\xampp\htdocs\tokoo\system\CodeIgniter.php(419): CodeIgniter\CodeIgniter->runController(Object(App\Controllers\C_Etalase))
#7 C:\xampp\htdocs\tokoo\system\CodeIgniter.php(326): CodeIgniter\CodeIgniter->handleRequest(NULL, Object(Config\Cache), false)
#8 C:\xampp\htdocs\tokoo\public\index.php(37): CodeIgniter\CodeIgniter->run()
#9 {main}
CRITICAL - 2022-06-01 05:41:28 --> Attempt to read property "photo" on array
#0 C:\xampp\htdocs\tokoo\app\Views\keranjang\index.php(24): CodeIgniter\Debug\Exceptions->errorHandler(2, 'Attempt to read...', 'C:\\xampp\\htdocs...', 24)
#1 C:\xampp\htdocs\tokoo\system\View\View.php(210): include('C:\\xampp\\htdocs...')
#2 C:\xampp\htdocs\tokoo\system\View\View.php(213): CodeIgniter\View\View->CodeIgniter\View\{closure}()
#3 C:\xampp\htdocs\tokoo\system\Common.php(1089): CodeIgniter\View\View->render('keranjang/index', Array, true)
#4 C:\xampp\htdocs\tokoo\app\Controllers\C_Etalase.php(176): view('keranjang/index', Array)
#5 C:\xampp\htdocs\tokoo\system\CodeIgniter.php(832): App\Controllers\C_Etalase->index_cart()
#6 C:\xampp\htdocs\tokoo\system\CodeIgniter.php(419): CodeIgniter\CodeIgniter->runController(Object(App\Controllers\C_Etalase))
#7 C:\xampp\htdocs\tokoo\system\CodeIgniter.php(326): CodeIgniter\CodeIgniter->handleRequest(NULL, Object(Config\Cache), false)
#8 C:\xampp\htdocs\tokoo\public\index.php(37): CodeIgniter\CodeIgniter->run()
#9 {main}
CRITICAL - 2022-06-01 05:42:09 --> Attempt to read property "gambar" on array
#0 C:\xampp\htdocs\tokoo\app\Views\keranjang\index.php(24): CodeIgniter\Debug\Exceptions->errorHandler(2, 'Attempt to read...', 'C:\\xampp\\htdocs...', 24)
#1 C:\xampp\htdocs\tokoo\system\View\View.php(210): include('C:\\xampp\\htdocs...')
#2 C:\xampp\htdocs\tokoo\system\View\View.php(213): CodeIgniter\View\View->CodeIgniter\View\{closure}()
#3 C:\xampp\htdocs\tokoo\system\Common.php(1089): CodeIgniter\View\View->render('keranjang/index', Array, true)
#4 C:\xampp\htdocs\tokoo\app\Controllers\C_Etalase.php(176): view('keranjang/index', Array)
#5 C:\xampp\htdocs\tokoo\system\CodeIgniter.php(832): App\Controllers\C_Etalase->index_cart()
#6 C:\xampp\htdocs\tokoo\system\CodeIgniter.php(419): CodeIgniter\CodeIgniter->runController(Object(App\Controllers\C_Etalase))
#7 C:\xampp\htdocs\tokoo\system\CodeIgniter.php(326): CodeIgniter\CodeIgniter->handleRequest(NULL, Object(Config\Cache), false)
#8 C:\xampp\htdocs\tokoo\public\index.php(37): CodeIgniter\CodeIgniter->run()
#9 {main}
CRITICAL - 2022-06-01 07:42:11 --> Undefined variable $total
#0 C:\xampp\htdocs\tokoo\app\Views\keranjang\index.php(33): CodeIgniter\Debug\Exceptions->errorHandler(2, 'Undefined varia...', 'C:\\xampp\\htdocs...', 33)
#1 C:\xampp\htdocs\tokoo\system\View\View.php(210): include('C:\\xampp\\htdocs...')
#2 C:\xampp\htdocs\tokoo\system\View\View.php(213): CodeIgniter\View\View->CodeIgniter\View\{closure}()
#3 C:\xampp\htdocs\tokoo\system\Common.php(1089): CodeIgniter\View\View->render('keranjang/index', Array, true)
#4 C:\xampp\htdocs\tokoo\app\Controllers\C_Etalase.php(176): view('keranjang/index', Array)
#5 C:\xampp\htdocs\tokoo\system\CodeIgniter.php(832): App\Controllers\C_Etalase->index_cart()
#6 C:\xampp\htdocs\tokoo\system\CodeIgniter.php(419): CodeIgniter\CodeIgniter->runController(Object(App\Controllers\C_Etalase))
#7 C:\xampp\htdocs\tokoo\system\CodeIgniter.php(326): CodeIgniter\CodeIgniter->handleRequest(NULL, Object(Config\Cache), false)
#8 C:\xampp\htdocs\tokoo\public\index.php(37): CodeIgniter\CodeIgniter->run()
#9 {main}
CRITICAL - 2022-06-01 07:42:27 --> Undefined variable $total_harga
#0 C:\xampp\htdocs\tokoo\app\Views\keranjang\index.php(33): CodeIgniter\Debug\Exceptions->errorHandler(2, 'Undefined varia...', 'C:\\xampp\\htdocs...', 33)
#1 C:\xampp\htdocs\tokoo\system\View\View.php(210): include('C:\\xampp\\htdocs...')
#2 C:\xampp\htdocs\tokoo\system\View\View.php(213): CodeIgniter\View\View->CodeIgniter\View\{closure}()
#3 C:\xampp\htdocs\tokoo\system\Common.php(1089): CodeIgniter\View\View->render('keranjang/index', Array, true)
#4 C:\xampp\htdocs\tokoo\app\Controllers\C_Etalase.php(176): view('keranjang/index', Array)
#5 C:\xampp\htdocs\tokoo\system\CodeIgniter.php(832): App\Controllers\C_Etalase->index_cart()
#6 C:\xampp\htdocs\tokoo\system\CodeIgniter.php(419): CodeIgniter\CodeIgniter->runController(Object(App\Controllers\C_Etalase))
#7 C:\xampp\htdocs\tokoo\system\CodeIgniter.php(326): CodeIgniter\CodeIgniter->handleRequest(NULL, Object(Config\Cache), false)
#8 C:\xampp\htdocs\tokoo\public\index.php(37): CodeIgniter\CodeIgniter->run()
#9 {main}
CRITICAL - 2022-06-01 07:45:44 --> Undefined variable $total_harga
#0 C:\xampp\htdocs\tokoo\app\Views\keranjang\index.php(33): CodeIgniter\Debug\Exceptions->errorHandler(2, 'Undefined varia...', 'C:\\xampp\\htdocs...', 33)
#1 C:\xampp\htdocs\tokoo\system\View\View.php(210): include('C:\\xampp\\htdocs...')
#2 C:\xampp\htdocs\tokoo\system\View\View.php(213): CodeIgniter\View\View->CodeIgniter\View\{closure}()
#3 C:\xampp\htdocs\tokoo\system\Common.php(1089): CodeIgniter\View\View->render('keranjang/index', Array, true)
#4 C:\xampp\htdocs\tokoo\app\Controllers\C_Etalase.php(176): view('keranjang/index', Array)
#5 C:\xampp\htdocs\tokoo\system\CodeIgniter.php(832): App\Controllers\C_Etalase->index_cart()
#6 C:\xampp\htdocs\tokoo\system\CodeIgniter.php(419): CodeIgniter\CodeIgniter->runController(Object(App\Controllers\C_Etalase))
#7 C:\xampp\htdocs\tokoo\system\CodeIgniter.php(326): CodeIgniter\CodeIgniter->handleRequest(NULL, Object(Config\Cache), false)
#8 C:\xampp\htdocs\tokoo\public\index.php(37): CodeIgniter\CodeIgniter->run()
#9 {main}
CRITICAL - 2022-06-01 10:15:12 --> Too few arguments to function App\Controllers\C_Etalase::hapus_cart(), 0 passed in C:\xampp\htdocs\tokoo\system\CodeIgniter.php on line 832 and exactly 1 expected
#0 C:\xampp\htdocs\tokoo\system\CodeIgniter.php(832): App\Controllers\C_Etalase->hapus_cart()
#1 C:\xampp\htdocs\tokoo\system\CodeIgniter.php(419): CodeIgniter\CodeIgniter->runController(Object(App\Controllers\C_Etalase))
#2 C:\xampp\htdocs\tokoo\system\CodeIgniter.php(326): CodeIgniter\CodeIgniter->handleRequest(NULL, Object(Config\Cache), false)
#3 C:\xampp\htdocs\tokoo\public\index.php(37): CodeIgniter\CodeIgniter->run()
#4 {main}
CRITICAL - 2022-06-01 10:16:54 --> Too few arguments to function App\Controllers\C_Etalase::hapus_cart(), 0 passed in C:\xampp\htdocs\tokoo\system\CodeIgniter.php on line 832 and exactly 1 expected
#0 C:\xampp\htdocs\tokoo\system\CodeIgniter.php(832): App\Controllers\C_Etalase->hapus_cart()
#1 C:\xampp\htdocs\tokoo\system\CodeIgniter.php(419): CodeIgniter\CodeIgniter->runController(Object(App\Controllers\C_Etalase))
#2 C:\xampp\htdocs\tokoo\system\CodeIgniter.php(326): CodeIgniter\CodeIgniter->handleRequest(NULL, Object(Config\Cache), false)
#3 C:\xampp\htdocs\tokoo\public\index.php(37): CodeIgniter\CodeIgniter->run()
#4 {main}
CRITICAL - 2022-06-01 10:18:03 --> Deletes are not allowed unless they contain a "where" or "like" clause.
#0 C:\xampp\htdocs\tokoo\system\Model.php(359): CodeIgniter\Database\BaseBuilder->delete()
#1 C:\xampp\htdocs\tokoo\system\BaseModel.php(963): CodeIgniter\Model->doDelete('', false)
#2 C:\xampp\htdocs\tokoo\app\Controllers\C_Etalase.php(220): CodeIgniter\BaseModel->delete('')
#3 C:\xampp\htdocs\tokoo\system\CodeIgniter.php(832): App\Controllers\C_Etalase->hapus_cart()
#4 C:\xampp\htdocs\tokoo\system\CodeIgniter.php(419): CodeIgniter\CodeIgniter->runController(Object(App\Controllers\C_Etalase))
#5 C:\xampp\htdocs\tokoo\system\CodeIgniter.php(326): CodeIgniter\CodeIgniter->handleRequest(NULL, Object(Config\Cache), false)
#6 C:\xampp\htdocs\tokoo\public\index.php(37): CodeIgniter\CodeIgniter->run()
#7 {main}
CRITICAL - 2022-06-01 10:21:24 --> Too few arguments to function App\Controllers\C_Etalase::hapus_cart(), 0 passed in C:\xampp\htdocs\tokoo\system\CodeIgniter.php on line 832 and exactly 1 expected
#0 C:\xampp\htdocs\tokoo\system\CodeIgniter.php(832): App\Controllers\C_Etalase->hapus_cart()
#1 C:\xampp\htdocs\tokoo\system\CodeIgniter.php(419): CodeIgniter\CodeIgniter->runController(Object(App\Controllers\C_Etalase))
#2 C:\xampp\htdocs\tokoo\system\CodeIgniter.php(326): CodeIgniter\CodeIgniter->handleRequest(NULL, Object(Config\Cache), false)
#3 C:\xampp\htdocs\tokoo\public\index.php(37): CodeIgniter\CodeIgniter->run()
#4 {main}
CRITICAL - 2022-06-01 10:41:21 --> Too few arguments to function App\Controllers\C_Etalase::hapus_cart(), 0 passed in C:\xampp\htdocs\tokoo\system\CodeIgniter.php on line 832 and exactly 1 expected
#0 C:\xampp\htdocs\tokoo\system\CodeIgniter.php(832): App\Controllers\C_Etalase->hapus_cart()
#1 C:\xampp\htdocs\tokoo\system\CodeIgniter.php(419): CodeIgniter\CodeIgniter->runController(Object(App\Controllers\C_Etalase))
#2 C:\xampp\htdocs\tokoo\system\CodeIgniter.php(326): CodeIgniter\CodeIgniter->handleRequest(NULL, Object(Config\Cache), false)
#3 C:\xampp\htdocs\tokoo\public\index.php(37): CodeIgniter\CodeIgniter->run()
#4 {main}
CRITICAL - 2022-06-01 10:49:01 --> Too few arguments to function App\Controllers\C_Etalase::hapus_cart(), 0 passed in C:\xampp\htdocs\tokoo\system\CodeIgniter.php on line 832 and exactly 1 expected
#0 C:\xampp\htdocs\tokoo\system\CodeIgniter.php(832): App\Controllers\C_Etalase->hapus_cart()
#1 C:\xampp\htdocs\tokoo\system\CodeIgniter.php(419): CodeIgniter\CodeIgniter->runController(Object(App\Controllers\C_Etalase))
#2 C:\xampp\htdocs\tokoo\system\CodeIgniter.php(326): CodeIgniter\CodeIgniter->handleRequest(NULL, Object(Config\Cache), false)
#3 C:\xampp\htdocs\tokoo\public\index.php(37): CodeIgniter\CodeIgniter->run()
#4 {main}
CRITICAL - 2022-06-01 11:03:45 --> Too few arguments to function App\Controllers\C_Etalase::hapus_cart(), 0 passed in C:\xampp\htdocs\tokoo\system\CodeIgniter.php on line 832 and exactly 1 expected
#0 C:\xampp\htdocs\tokoo\system\CodeIgniter.php(832): App\Controllers\C_Etalase->hapus_cart()
#1 C:\xampp\htdocs\tokoo\system\CodeIgniter.php(419): CodeIgniter\CodeIgniter->runController(Object(App\Controllers\C_Etalase))
#2 C:\xampp\htdocs\tokoo\system\CodeIgniter.php(326): CodeIgniter\CodeIgniter->handleRequest(NULL, Object(Config\Cache), false)
#3 C:\xampp\htdocs\tokoo\public\index.php(37): CodeIgniter\CodeIgniter->run()
#4 {main}
CRITICAL - 2022-06-01 11:10:24 --> Too few arguments to function App\Controllers\C_Etalase::hapus_cart(), 0 passed in C:\xampp\htdocs\tokoo\system\CodeIgniter.php on line 832 and exactly 1 expected
#0 C:\xampp\htdocs\tokoo\system\CodeIgniter.php(832): App\Controllers\C_Etalase->hapus_cart()
#1 C:\xampp\htdocs\tokoo\system\CodeIgniter.php(419): CodeIgniter\CodeIgniter->runController(Object(App\Controllers\C_Etalase))
#2 C:\xampp\htdocs\tokoo\system\CodeIgniter.php(326): CodeIgniter\CodeIgniter->handleRequest(NULL, Object(Config\Cache), false)
#3 C:\xampp\htdocs\tokoo\public\index.php(37): CodeIgniter\CodeIgniter->run()
#4 {main}
CRITICAL - 2022-06-01 11:10:25 --> Too few arguments to function App\Controllers\C_Etalase::hapus_cart(), 0 passed in C:\xampp\htdocs\tokoo\system\CodeIgniter.php on line 832 and exactly 1 expected
#0 C:\xampp\htdocs\tokoo\system\CodeIgniter.php(832): App\Controllers\C_Etalase->hapus_cart()
#1 C:\xampp\htdocs\tokoo\system\CodeIgniter.php(419): CodeIgniter\CodeIgniter->runController(Object(App\Controllers\C_Etalase))
#2 C:\xampp\htdocs\tokoo\system\CodeIgniter.php(326): CodeIgniter\CodeIgniter->handleRequest(NULL, Object(Config\Cache), false)
#3 C:\xampp\htdocs\tokoo\public\index.php(37): CodeIgniter\CodeIgniter->run()
#4 {main}
CRITICAL - 2022-06-01 11:10:35 --> Undefined variable $id
#0 C:\xampp\htdocs\tokoo\app\Controllers\C_Etalase.php(216): CodeIgniter\Debug\Exceptions->errorHandler(2, 'Undefined varia...', 'C:\\xampp\\htdocs...', 216)
#1 C:\xampp\htdocs\tokoo\system\CodeIgniter.php(832): App\Controllers\C_Etalase->hapus_cart()
#2 C:\xampp\htdocs\tokoo\system\CodeIgniter.php(419): CodeIgniter\CodeIgniter->runController(Object(App\Controllers\C_Etalase))
#3 C:\xampp\htdocs\tokoo\system\CodeIgniter.php(326): CodeIgniter\CodeIgniter->handleRequest(NULL, Object(Config\Cache), false)
#4 C:\xampp\htdocs\tokoo\public\index.php(37): CodeIgniter\CodeIgniter->run()
#5 {main}
CRITICAL - 2022-06-01 11:48:33 --> Undefined array key "stock"
#0 C:\xampp\htdocs\tokoo\app\Views\keranjang\index.php(29): CodeIgniter\Debug\Exceptions->errorHandler(2, 'Undefined array...', 'C:\\xampp\\htdocs...', 29)
#1 C:\xampp\htdocs\tokoo\system\View\View.php(210): include('C:\\xampp\\htdocs...')
#2 C:\xampp\htdocs\tokoo\system\View\View.php(213): CodeIgniter\View\View->CodeIgniter\View\{closure}()
#3 C:\xampp\htdocs\tokoo\system\Common.php(1089): CodeIgniter\View\View->render('keranjang/index', Array, true)
#4 C:\xampp\htdocs\tokoo\app\Controllers\C_Etalase.php(176): view('keranjang/index', Array)
#5 C:\xampp\htdocs\tokoo\system\CodeIgniter.php(832): App\Controllers\C_Etalase->index_cart()
#6 C:\xampp\htdocs\tokoo\system\CodeIgniter.php(419): CodeIgniter\CodeIgniter->runController(Object(App\Controllers\C_Etalase))
#7 C:\xampp\htdocs\tokoo\system\CodeIgniter.php(326): CodeIgniter\CodeIgniter->handleRequest(NULL, Object(Config\Cache), false)
#8 C:\xampp\htdocs\tokoo\public\index.php(37): CodeIgniter\CodeIgniter->run()
#9 {main}
CRITICAL - 2022-06-01 11:48:39 --> Undefined array key "stock"
#0 C:\xampp\htdocs\tokoo\app\Views\keranjang\index.php(29): CodeIgniter\Debug\Exceptions->errorHandler(2, 'Undefined array...', 'C:\\xampp\\htdocs...', 29)
#1 C:\xampp\htdocs\tokoo\system\View\View.php(210): include('C:\\xampp\\htdocs...')
#2 C:\xampp\htdocs\tokoo\system\View\View.php(213): CodeIgniter\View\View->CodeIgniter\View\{closure}()
#3 C:\xampp\htdocs\tokoo\system\Common.php(1089): CodeIgniter\View\View->render('keranjang/index', Array, true)
#4 C:\xampp\htdocs\tokoo\app\Controllers\C_Etalase.php(176): view('keranjang/index', Array)
#5 C:\xampp\htdocs\tokoo\system\CodeIgniter.php(832): App\Controllers\C_Etalase->index_cart()
#6 C:\xampp\htdocs\tokoo\system\CodeIgniter.php(419): CodeIgniter\CodeIgniter->runController(Object(App\Controllers\C_Etalase))
#7 C:\xampp\htdocs\tokoo\system\CodeIgniter.php(326): CodeIgniter\CodeIgniter->handleRequest(NULL, Object(Config\Cache), false)
#8 C:\xampp\htdocs\tokoo\public\index.php(37): CodeIgniter\CodeIgniter->run()
#9 {main}
CRITICAL - 2022-06-01 11:48:40 --> Undefined array key "stock"
#0 C:\xampp\htdocs\tokoo\app\Views\keranjang\index.php(29): CodeIgniter\Debug\Exceptions->errorHandler(2, 'Undefined array...', 'C:\\xampp\\htdocs...', 29)
#1 C:\xampp\htdocs\tokoo\system\View\View.php(210): include('C:\\xampp\\htdocs...')
#2 C:\xampp\htdocs\tokoo\system\View\View.php(213): CodeIgniter\View\View->CodeIgniter\View\{closure}()
#3 C:\xampp\htdocs\tokoo\system\Common.php(1089): CodeIgniter\View\View->render('keranjang/index', Array, true)
#4 C:\xampp\htdocs\tokoo\app\Controllers\C_Etalase.php(176): view('keranjang/index', Array)
#5 C:\xampp\htdocs\tokoo\system\CodeIgniter.php(832): App\Controllers\C_Etalase->index_cart()
#6 C:\xampp\htdocs\tokoo\system\CodeIgniter.php(419): CodeIgniter\CodeIgniter->runController(Object(App\Controllers\C_Etalase))
#7 C:\xampp\htdocs\tokoo\system\CodeIgniter.php(326): CodeIgniter\CodeIgniter->handleRequest(NULL, Object(Config\Cache), false)
#8 C:\xampp\htdocs\tokoo\public\index.php(37): CodeIgniter\CodeIgniter->run()
#9 {main}
CRITICAL - 2022-06-01 11:48:40 --> Undefined array key "stock"
#0 C:\xampp\htdocs\tokoo\app\Views\keranjang\index.php(29): CodeIgniter\Debug\Exceptions->errorHandler(2, 'Undefined array...', 'C:\\xampp\\htdocs...', 29)
#1 C:\xampp\htdocs\tokoo\system\View\View.php(210): include('C:\\xampp\\htdocs...')
#2 C:\xampp\htdocs\tokoo\system\View\View.php(213): CodeIgniter\View\View->CodeIgniter\View\{closure}()
#3 C:\xampp\htdocs\tokoo\system\Common.php(1089): CodeIgniter\View\View->render('keranjang/index', Array, true)
#4 C:\xampp\htdocs\tokoo\app\Controllers\C_Etalase.php(176): view('keranjang/index', Array)
#5 C:\xampp\htdocs\tokoo\system\CodeIgniter.php(832): App\Controllers\C_Etalase->index_cart()
#6 C:\xampp\htdocs\tokoo\system\CodeIgniter.php(419): CodeIgniter\CodeIgniter->runController(Object(App\Controllers\C_Etalase))
#7 C:\xampp\htdocs\tokoo\system\CodeIgniter.php(326): CodeIgniter\CodeIgniter->handleRequest(NULL, Object(Config\Cache), false)
#8 C:\xampp\htdocs\tokoo\public\index.php(37): CodeIgniter\CodeIgniter->run()
#9 {main}
CRITICAL - 2022-06-01 11:48:41 --> Undefined array key "stock"
#0 C:\xampp\htdocs\tokoo\app\Views\keranjang\index.php(29): CodeIgniter\Debug\Exceptions->errorHandler(2, 'Undefined array...', 'C:\\xampp\\htdocs...', 29)
#1 C:\xampp\htdocs\tokoo\system\View\View.php(210): include('C:\\xampp\\htdocs...')
#2 C:\xampp\htdocs\tokoo\system\View\View.php(213): CodeIgniter\View\View->CodeIgniter\View\{closure}()
#3 C:\xampp\htdocs\tokoo\system\Common.php(1089): CodeIgniter\View\View->render('keranjang/index', Array, true)
#4 C:\xampp\htdocs\tokoo\app\Controllers\C_Etalase.php(176): view('keranjang/index', Array)
#5 C:\xampp\htdocs\tokoo\system\CodeIgniter.php(832): App\Controllers\C_Etalase->index_cart()
#6 C:\xampp\htdocs\tokoo\system\CodeIgniter.php(419): CodeIgniter\CodeIgniter->runController(Object(App\Controllers\C_Etalase))
#7 C:\xampp\htdocs\tokoo\system\CodeIgniter.php(326): CodeIgniter\CodeIgniter->handleRequest(NULL, Object(Config\Cache), false)
#8 C:\xampp\htdocs\tokoo\public\index.php(37): CodeIgniter\CodeIgniter->run()
#9 {main}
CRITICAL - 2022-06-01 11:48:41 --> Undefined array key "stock"
#0 C:\xampp\htdocs\tokoo\app\Views\keranjang\index.php(29): CodeIgniter\Debug\Exceptions->errorHandler(2, 'Undefined array...', 'C:\\xampp\\htdocs...', 29)
#1 C:\xampp\htdocs\tokoo\system\View\View.php(210): include('C:\\xampp\\htdocs...')
#2 C:\xampp\htdocs\tokoo\system\View\View.php(213): CodeIgniter\View\View->CodeIgniter\View\{closure}()
#3 C:\xampp\htdocs\tokoo\system\Common.php(1089): CodeIgniter\View\View->render('keranjang/index', Array, true)
#4 C:\xampp\htdocs\tokoo\app\Controllers\C_Etalase.php(176): view('keranjang/index', Array)
#5 C:\xampp\htdocs\tokoo\system\CodeIgniter.php(832): App\Controllers\C_Etalase->index_cart()
#6 C:\xampp\htdocs\tokoo\system\CodeIgniter.php(419): CodeIgniter\CodeIgniter->runController(Object(App\Controllers\C_Etalase))
#7 C:\xampp\htdocs\tokoo\system\CodeIgniter.php(326): CodeIgniter\CodeIgniter->handleRequest(NULL, Object(Config\Cache), false)
#8 C:\xampp\htdocs\tokoo\public\index.php(37): CodeIgniter\CodeIgniter->run()
#9 {main}
CRITICAL - 2022-06-01 11:48:41 --> Undefined array key "stock"
#0 C:\xampp\htdocs\tokoo\app\Views\keranjang\index.php(29): CodeIgniter\Debug\Exceptions->errorHandler(2, 'Undefined array...', 'C:\\xampp\\htdocs...', 29)
#1 C:\xampp\htdocs\tokoo\system\View\View.php(210): include('C:\\xampp\\htdocs...')
#2 C:\xampp\htdocs\tokoo\system\View\View.php(213): CodeIgniter\View\View->CodeIgniter\View\{closure}()
#3 C:\xampp\htdocs\tokoo\system\Common.php(1089): CodeIgniter\View\View->render('keranjang/index', Array, true)
#4 C:\xampp\htdocs\tokoo\app\Controllers\C_Etalase.php(176): view('keranjang/index', Array)
#5 C:\xampp\htdocs\tokoo\system\CodeIgniter.php(832): App\Controllers\C_Etalase->index_cart()
#6 C:\xampp\htdocs\tokoo\system\CodeIgniter.php(419): CodeIgniter\CodeIgniter->runController(Object(App\Controllers\C_Etalase))
#7 C:\xampp\htdocs\tokoo\system\CodeIgniter.php(326): CodeIgniter\CodeIgniter->handleRequest(NULL, Object(Config\Cache), false)
#8 C:\xampp\htdocs\tokoo\public\index.php(37): CodeIgniter\CodeIgniter->run()
#9 {main}
CRITICAL - 2022-06-01 11:48:46 --> Undefined array key "stock"
#0 C:\xampp\htdocs\tokoo\app\Views\keranjang\index.php(29): CodeIgniter\Debug\Exceptions->errorHandler(2, 'Undefined array...', 'C:\\xampp\\htdocs...', 29)
#1 C:\xampp\htdocs\tokoo\system\View\View.php(210): include('C:\\xampp\\htdocs...')
#2 C:\xampp\htdocs\tokoo\system\View\View.php(213): CodeIgniter\View\View->CodeIgniter\View\{closure}()
#3 C:\xampp\htdocs\tokoo\system\Common.php(1089): CodeIgniter\View\View->render('keranjang/index', Array, true)
#4 C:\xampp\htdocs\tokoo\app\Controllers\C_Etalase.php(176): view('keranjang/index', Array)
#5 C:\xampp\htdocs\tokoo\system\CodeIgniter.php(832): App\Controllers\C_Etalase->index_cart()
#6 C:\xampp\htdocs\tokoo\system\CodeIgniter.php(419): CodeIgniter\CodeIgniter->runController(Object(App\Controllers\C_Etalase))
#7 C:\xampp\htdocs\tokoo\system\CodeIgniter.php(326): CodeIgniter\CodeIgniter->handleRequest(NULL, Object(Config\Cache), false)
#8 C:\xampp\htdocs\tokoo\public\index.php(37): CodeIgniter\CodeIgniter->run()
#9 {main}
CRITICAL - 2022-06-01 20:00:16 --> array_values(): Argument #1 ($array) must be of type array, null given
#0 C:\xampp\htdocs\tokoo\app\Controllers\C_Etalase.php(174): array_values(NULL)
#1 C:\xampp\htdocs\tokoo\system\CodeIgniter.php(832): App\Controllers\C_Etalase->index_cart()
#2 C:\xampp\htdocs\tokoo\system\CodeIgniter.php(419): CodeIgniter\CodeIgniter->runController(Object(App\Controllers\C_Etalase))
#3 C:\xampp\htdocs\tokoo\system\CodeIgniter.php(326): CodeIgniter\CodeIgniter->handleRequest(NULL, Object(Config\Cache), false)
#4 C:\xampp\htdocs\tokoo\public\index.php(37): CodeIgniter\CodeIgniter->run()
#5 {main}
CRITICAL - 2022-06-01 20:12:42 --> Uninitialized string offset 1
#0 C:\xampp\htdocs\tokoo\app\Controllers\C_Etalase.php(234): CodeIgniter\Debug\Exceptions->errorHandler(2, 'Uninitialized s...', 'C:\\xampp\\htdocs...', 234)
#1 C:\xampp\htdocs\tokoo\system\CodeIgniter.php(832): App\Controllers\C_Etalase->update_cart()
#2 C:\xampp\htdocs\tokoo\system\CodeIgniter.php(419): CodeIgniter\CodeIgniter->runController(Object(App\Controllers\C_Etalase))
#3 C:\xampp\htdocs\tokoo\system\CodeIgniter.php(326): CodeIgniter\CodeIgniter->handleRequest(NULL, Object(Config\Cache), false)
#4 C:\xampp\htdocs\tokoo\public\index.php(37): CodeIgniter\CodeIgniter->run()
#5 {main}
CRITICAL - 2022-06-01 20:12:56 --> Uninitialized string offset 1
#0 C:\xampp\htdocs\tokoo\app\Controllers\C_Etalase.php(234): CodeIgniter\Debug\Exceptions->errorHandler(2, 'Uninitialized s...', 'C:\\xampp\\htdocs...', 234)
#1 C:\xampp\htdocs\tokoo\system\CodeIgniter.php(832): App\Controllers\C_Etalase->update_cart()
#2 C:\xampp\htdocs\tokoo\system\CodeIgniter.php(419): CodeIgniter\CodeIgniter->runController(Object(App\Controllers\C_Etalase))
#3 C:\xampp\htdocs\tokoo\system\CodeIgniter.php(326): CodeIgniter\CodeIgniter->handleRequest(NULL, Object(Config\Cache), false)
#4 C:\xampp\htdocs\tokoo\public\index.php(37): CodeIgniter\CodeIgniter->run()
#5 {main}
CRITICAL - 2022-06-01 20:13:04 --> Uninitialized string offset 1
#0 C:\xampp\htdocs\tokoo\app\Controllers\C_Etalase.php(234): CodeIgniter\Debug\Exceptions->errorHandler(2, 'Uninitialized s...', 'C:\\xampp\\htdocs...', 234)
#1 C:\xampp\htdocs\tokoo\system\CodeIgniter.php(832): App\Controllers\C_Etalase->update_cart()
#2 C:\xampp\htdocs\tokoo\system\CodeIgniter.php(419): CodeIgniter\CodeIgniter->runController(Object(App\Controllers\C_Etalase))
#3 C:\xampp\htdocs\tokoo\system\CodeIgniter.php(326): CodeIgniter\CodeIgniter->handleRequest(NULL, Object(Config\Cache), false)
#4 C:\xampp\htdocs\tokoo\public\index.php(37): CodeIgniter\CodeIgniter->run()
#5 {main}
CRITICAL - 2022-06-01 20:14:10 --> Uninitialized string offset 1
#0 C:\xampp\htdocs\tokoo\app\Controllers\C_Etalase.php(234): CodeIgniter\Debug\Exceptions->errorHandler(2, 'Uninitialized s...', 'C:\\xampp\\htdocs...', 234)
#1 C:\xampp\htdocs\tokoo\system\CodeIgniter.php(832): App\Controllers\C_Etalase->update_cart()
#2 C:\xampp\htdocs\tokoo\system\CodeIgniter.php(419): CodeIgniter\CodeIgniter->runController(Object(App\Controllers\C_Etalase))
#3 C:\xampp\htdocs\tokoo\system\CodeIgniter.php(326): CodeIgniter\CodeIgniter->handleRequest(NULL, Object(Config\Cache), false)
#4 C:\xampp\htdocs\tokoo\public\index.php(37): CodeIgniter\CodeIgniter->run()
#5 {main}
CRITICAL - 2022-06-01 21:00:43 --> Undefined variable $m
#0 C:\xampp\htdocs\tokoo\app\Views\keranjang\index.php(34): CodeIgniter\Debug\Exceptions->errorHandler(2, 'Undefined varia...', 'C:\\xampp\\htdocs...', 34)
#1 C:\xampp\htdocs\tokoo\system\View\View.php(210): include('C:\\xampp\\htdocs...')
#2 C:\xampp\htdocs\tokoo\system\View\View.php(213): CodeIgniter\View\View->CodeIgniter\View\{closure}()
#3 C:\xampp\htdocs\tokoo\system\Common.php(1089): CodeIgniter\View\View->render('keranjang/index', Array, true)
#4 C:\xampp\htdocs\tokoo\app\Controllers\C_Etalase.php(176): view('keranjang/index', Array)
#5 C:\xampp\htdocs\tokoo\system\CodeIgniter.php(832): App\Controllers\C_Etalase->index_cart()
#6 C:\xampp\htdocs\tokoo\system\CodeIgniter.php(419): CodeIgniter\CodeIgniter->runController(Object(App\Controllers\C_Etalase))
#7 C:\xampp\htdocs\tokoo\system\CodeIgniter.php(326): CodeIgniter\CodeIgniter->handleRequest(NULL, Object(Config\Cache), false)
#8 C:\xampp\htdocs\tokoo\public\index.php(37): CodeIgniter\CodeIgniter->run()
#9 {main}
CRITICAL - 2022-06-01 21:00:59 --> Attempt to read property "id" on array
#0 C:\xampp\htdocs\tokoo\app\Views\keranjang\index.php(34): CodeIgniter\Debug\Exceptions->errorHandler(2, 'Attempt to read...', 'C:\\xampp\\htdocs...', 34)
#1 C:\xampp\htdocs\tokoo\system\View\View.php(210): include('C:\\xampp\\htdocs...')
#2 C:\xampp\htdocs\tokoo\system\View\View.php(213): CodeIgniter\View\View->CodeIgniter\View\{closure}()
#3 C:\xampp\htdocs\tokoo\system\Common.php(1089): CodeIgniter\View\View->render('keranjang/index', Array, true)
#4 C:\xampp\htdocs\tokoo\app\Controllers\C_Etalase.php(176): view('keranjang/index', Array)
#5 C:\xampp\htdocs\tokoo\system\CodeIgniter.php(832): App\Controllers\C_Etalase->index_cart()
#6 C:\xampp\htdocs\tokoo\system\CodeIgniter.php(419): CodeIgniter\CodeIgniter->runController(Object(App\Controllers\C_Etalase))
#7 C:\xampp\htdocs\tokoo\system\CodeIgniter.php(326): CodeIgniter\CodeIgniter->handleRequest(NULL, Object(Config\Cache), false)
#8 C:\xampp\htdocs\tokoo\public\index.php(37): CodeIgniter\CodeIgniter->run()
#9 {main}
CRITICAL - 2022-06-01 21:01:16 --> Undefined array key "id"
#0 C:\xampp\htdocs\tokoo\app\Views\keranjang\index.php(34): CodeIgniter\Debug\Exceptions->errorHandler(2, 'Undefined array...', 'C:\\xampp\\htdocs...', 34)
#1 C:\xampp\htdocs\tokoo\system\View\View.php(210): include('C:\\xampp\\htdocs...')
#2 C:\xampp\htdocs\tokoo\system\View\View.php(213): CodeIgniter\View\View->CodeIgniter\View\{closure}()
#3 C:\xampp\htdocs\tokoo\system\Common.php(1089): CodeIgniter\View\View->render('keranjang/index', Array, true)
#4 C:\xampp\htdocs\tokoo\app\Controllers\C_Etalase.php(176): view('keranjang/index', Array)
#5 C:\xampp\htdocs\tokoo\system\CodeIgniter.php(832): App\Controllers\C_Etalase->index_cart()
#6 C:\xampp\htdocs\tokoo\system\CodeIgniter.php(419): CodeIgniter\CodeIgniter->runController(Object(App\Controllers\C_Etalase))
#7 C:\xampp\htdocs\tokoo\system\CodeIgniter.php(326): CodeIgniter\CodeIgniter->handleRequest(NULL, Object(Config\Cache), false)
#8 C:\xampp\htdocs\tokoo\public\index.php(37): CodeIgniter\CodeIgniter->run()
#9 {main}
CRITICAL - 2022-06-01 21:01:37 --> Attempt to read property "id" on array
#0 C:\xampp\htdocs\tokoo\app\Views\keranjang\index.php(34): CodeIgniter\Debug\Exceptions->errorHandler(2, 'Attempt to read...', 'C:\\xampp\\htdocs...', 34)
#1 C:\xampp\htdocs\tokoo\system\View\View.php(210): include('C:\\xampp\\htdocs...')
#2 C:\xampp\htdocs\tokoo\system\View\View.php(213): CodeIgniter\View\View->CodeIgniter\View\{closure}()
#3 C:\xampp\htdocs\tokoo\system\Common.php(1089): CodeIgniter\View\View->render('keranjang/index', Array, true)
#4 C:\xampp\htdocs\tokoo\app\Controllers\C_Etalase.php(176): view('keranjang/index', Array)
#5 C:\xampp\htdocs\tokoo\system\CodeIgniter.php(832): App\Controllers\C_Etalase->index_cart()
#6 C:\xampp\htdocs\tokoo\system\CodeIgniter.php(419): CodeIgniter\CodeIgniter->runController(Object(App\Controllers\C_Etalase))
#7 C:\xampp\htdocs\tokoo\system\CodeIgniter.php(326): CodeIgniter\CodeIgniter->handleRequest(NULL, Object(Config\Cache), false)
#8 C:\xampp\htdocs\tokoo\public\index.php(37): CodeIgniter\CodeIgniter->run()
#9 {main}
CRITICAL - 2022-06-01 21:01:49 --> Attempt to read property "id" on array
#0 C:\xampp\htdocs\tokoo\app\Views\keranjang\index.php(34): CodeIgniter\Debug\Exceptions->errorHandler(2, 'Attempt to read...', 'C:\\xampp\\htdocs...', 34)
#1 C:\xampp\htdocs\tokoo\system\View\View.php(210): include('C:\\xampp\\htdocs...')
#2 C:\xampp\htdocs\tokoo\system\View\View.php(213): CodeIgniter\View\View->CodeIgniter\View\{closure}()
#3 C:\xampp\htdocs\tokoo\system\Common.php(1089): CodeIgniter\View\View->render('keranjang/index', Array, true)
#4 C:\xampp\htdocs\tokoo\app\Controllers\C_Etalase.php(176): view('keranjang/index', Array)
#5 C:\xampp\htdocs\tokoo\system\CodeIgniter.php(832): App\Controllers\C_Etalase->index_cart()
#6 C:\xampp\htdocs\tokoo\system\CodeIgniter.php(419): CodeIgniter\CodeIgniter->runController(Object(App\Controllers\C_Etalase))
#7 C:\xampp\htdocs\tokoo\system\CodeIgniter.php(326): CodeIgniter\CodeIgniter->handleRequest(NULL, Object(Config\Cache), false)
#8 C:\xampp\htdocs\tokoo\public\index.php(37): CodeIgniter\CodeIgniter->run()
#9 {main}
CRITICAL - 2022-06-01 21:01:50 --> Attempt to read property "id" on array
#0 C:\xampp\htdocs\tokoo\app\Views\keranjang\index.php(34): CodeIgniter\Debug\Exceptions->errorHandler(2, 'Attempt to read...', 'C:\\xampp\\htdocs...', 34)
#1 C:\xampp\htdocs\tokoo\system\View\View.php(210): include('C:\\xampp\\htdocs...')
#2 C:\xampp\htdocs\tokoo\system\View\View.php(213): CodeIgniter\View\View->CodeIgniter\View\{closure}()
#3 C:\xampp\htdocs\tokoo\system\Common.php(1089): CodeIgniter\View\View->render('keranjang/index', Array, true)
#4 C:\xampp\htdocs\tokoo\app\Controllers\C_Etalase.php(176): view('keranjang/index', Array)
#5 C:\xampp\htdocs\tokoo\system\CodeIgniter.php(832): App\Controllers\C_Etalase->index_cart()
#6 C:\xampp\htdocs\tokoo\system\CodeIgniter.php(419): CodeIgniter\CodeIgniter->runController(Object(App\Controllers\C_Etalase))
#7 C:\xampp\htdocs\tokoo\system\CodeIgniter.php(326): CodeIgniter\CodeIgniter->handleRequest(NULL, Object(Config\Cache), false)
#8 C:\xampp\htdocs\tokoo\public\index.php(37): CodeIgniter\CodeIgniter->run()
#9 {main}
CRITICAL - 2022-06-01 21:01:52 --> Attempt to read property "id" on array
#0 C:\xampp\htdocs\tokoo\app\Views\keranjang\index.php(34): CodeIgniter\Debug\Exceptions->errorHandler(2, 'Attempt to read...', 'C:\\xampp\\htdocs...', 34)
#1 C:\xampp\htdocs\tokoo\system\View\View.php(210): include('C:\\xampp\\htdocs...')
#2 C:\xampp\htdocs\tokoo\system\View\View.php(213): CodeIgniter\View\View->CodeIgniter\View\{closure}()
#3 C:\xampp\htdocs\tokoo\system\Common.php(1089): CodeIgniter\View\View->render('keranjang/index', Array, true)
#4 C:\xampp\htdocs\tokoo\app\Controllers\C_Etalase.php(176): view('keranjang/index', Array)
#5 C:\xampp\htdocs\tokoo\system\CodeIgniter.php(832): App\Controllers\C_Etalase->index_cart()
#6 C:\xampp\htdocs\tokoo\system\CodeIgniter.php(419): CodeIgniter\CodeIgniter->runController(Object(App\Controllers\C_Etalase))
#7 C:\xampp\htdocs\tokoo\system\CodeIgniter.php(326): CodeIgniter\CodeIgniter->handleRequest(NULL, Object(Config\Cache), false)
#8 C:\xampp\htdocs\tokoo\public\index.php(37): CodeIgniter\CodeIgniter->run()
#9 {main}
CRITICAL - 2022-06-01 21:01:53 --> Attempt to read property "id" on array
#0 C:\xampp\htdocs\tokoo\app\Views\keranjang\index.php(34): CodeIgniter\Debug\Exceptions->errorHandler(2, 'Attempt to read...', 'C:\\xampp\\htdocs...', 34)
#1 C:\xampp\htdocs\tokoo\system\View\View.php(210): include('C:\\xampp\\htdocs...')
#2 C:\xampp\htdocs\tokoo\system\View\View.php(213): CodeIgniter\View\View->CodeIgniter\View\{closure}()
#3 C:\xampp\htdocs\tokoo\system\Common.php(1089): CodeIgniter\View\View->render('keranjang/index', Array, true)
#4 C:\xampp\htdocs\tokoo\app\Controllers\C_Etalase.php(176): view('keranjang/index', Array)
#5 C:\xampp\htdocs\tokoo\system\CodeIgniter.php(832): App\Controllers\C_Etalase->index_cart()
#6 C:\xampp\htdocs\tokoo\system\CodeIgniter.php(419): CodeIgniter\CodeIgniter->runController(Object(App\Controllers\C_Etalase))
#7 C:\xampp\htdocs\tokoo\system\CodeIgniter.php(326): CodeIgniter\CodeIgniter->handleRequest(NULL, Object(Config\Cache), false)
#8 C:\xampp\htdocs\tokoo\public\index.php(37): CodeIgniter\CodeIgniter->run()
#9 {main}
CRITICAL - 2022-06-01 21:01:56 --> Attempt to read property "id" on array
#0 C:\xampp\htdocs\tokoo\app\Views\keranjang\index.php(34): CodeIgniter\Debug\Exceptions->errorHandler(2, 'Attempt to read...', 'C:\\xampp\\htdocs...', 34)
#1 C:\xampp\htdocs\tokoo\system\View\View.php(210): include('C:\\xampp\\htdocs...')
#2 C:\xampp\htdocs\tokoo\system\View\View.php(213): CodeIgniter\View\View->CodeIgniter\View\{closure}()
#3 C:\xampp\htdocs\tokoo\system\Common.php(1089): CodeIgniter\View\View->render('keranjang/index', Array, true)
#4 C:\xampp\htdocs\tokoo\app\Controllers\C_Etalase.php(176): view('keranjang/index', Array)
#5 C:\xampp\htdocs\tokoo\system\CodeIgniter.php(832): App\Controllers\C_Etalase->index_cart()
#6 C:\xampp\htdocs\tokoo\system\CodeIgniter.php(419): CodeIgniter\CodeIgniter->runController(Object(App\Controllers\C_Etalase))
#7 C:\xampp\htdocs\tokoo\system\CodeIgniter.php(326): CodeIgniter\CodeIgniter->handleRequest(NULL, Object(Config\Cache), false)
#8 C:\xampp\htdocs\tokoo\public\index.php(37): CodeIgniter\CodeIgniter->run()
#9 {main}
