CRITICAL - 2022-05-30 00:17:48 --> Undefined variable $transaksi
#0 C:\xampp\htdocs\tokoo\app\Views\etalase\beli.php(57): CodeIgniter\Debug\Exceptions->errorHandler(2, 'Undefined varia...', 'C:\\xampp\\htdocs...', 57)
#1 C:\xampp\htdocs\tokoo\system\View\View.php(210): include('C:\\xampp\\htdocs...')
#2 C:\xampp\htdocs\tokoo\system\View\View.php(213): CodeIgniter\View\View->CodeIgniter\View\{closure}()
#3 C:\xampp\htdocs\tokoo\system\Common.php(1089): CodeIgniter\View\View->render('etalase/beli', Array, true)
#4 C:\xampp\htdocs\tokoo\app\Controllers\C_Etalase.php(85): view('etalase/beli', Array)
#5 C:\xampp\htdocs\tokoo\system\CodeIgniter.php(832): App\Controllers\C_Etalase->beli('2')
#6 C:\xampp\htdocs\tokoo\system\CodeIgniter.php(419): CodeIgniter\CodeIgniter->runController(Object(App\Controllers\C_Etalase))
#7 C:\xampp\htdocs\tokoo\system\CodeIgniter.php(326): CodeIgniter\CodeIgniter->handleRequest(NULL, Object(Config\Cache), false)
#8 C:\xampp\htdocs\tokoo\public\index.php(37): CodeIgniter\CodeIgniter->run()
#9 {main}
CRITICAL - 2022-05-30 00:18:34 --> Undefined variable $total_harga
#0 C:\xampp\htdocs\tokoo\app\Views\etalase\beli.php(57): CodeIgniter\Debug\Exceptions->errorHandler(2, 'Undefined varia...', 'C:\\xampp\\htdocs...', 57)
#1 C:\xampp\htdocs\tokoo\system\View\View.php(210): include('C:\\xampp\\htdocs...')
#2 C:\xampp\htdocs\tokoo\system\View\View.php(213): CodeIgniter\View\View->CodeIgniter\View\{closure}()
#3 C:\xampp\htdocs\tokoo\system\Common.php(1089): CodeIgniter\View\View->render('etalase/beli', Array, true)
#4 C:\xampp\htdocs\tokoo\app\Controllers\C_Etalase.php(85): view('etalase/beli', Array)
#5 C:\xampp\htdocs\tokoo\system\CodeIgniter.php(832): App\Controllers\C_Etalase->beli('1')
#6 C:\xampp\htdocs\tokoo\system\CodeIgniter.php(419): CodeIgniter\CodeIgniter->runController(Object(App\Controllers\C_Etalase))
#7 C:\xampp\htdocs\tokoo\system\CodeIgniter.php(326): CodeIgniter\CodeIgniter->handleRequest(NULL, Object(Config\Cache), false)
#8 C:\xampp\htdocs\tokoo\public\index.php(37): CodeIgniter\CodeIgniter->run()
#9 {main}
CRITICAL - 2022-05-30 00:20:13 --> Undefined variable $barang
#0 C:\xampp\htdocs\tokoo\app\Views\etalase\beli.php(57): CodeIgniter\Debug\Exceptions->errorHandler(2, 'Undefined varia...', 'C:\\xampp\\htdocs...', 57)
#1 C:\xampp\htdocs\tokoo\system\View\View.php(210): include('C:\\xampp\\htdocs...')
#2 C:\xampp\htdocs\tokoo\system\View\View.php(213): CodeIgniter\View\View->CodeIgniter\View\{closure}()
#3 C:\xampp\htdocs\tokoo\system\Common.php(1089): CodeIgniter\View\View->render('etalase/beli', Array, true)
#4 C:\xampp\htdocs\tokoo\app\Controllers\C_Etalase.php(85): view('etalase/beli', Array)
#5 C:\xampp\htdocs\tokoo\system\CodeIgniter.php(832): App\Controllers\C_Etalase->beli('1')
#6 C:\xampp\htdocs\tokoo\system\CodeIgniter.php(419): CodeIgniter\CodeIgniter->runController(Object(App\Controllers\C_Etalase))
#7 C:\xampp\htdocs\tokoo\system\CodeIgniter.php(326): CodeIgniter\CodeIgniter->handleRequest(NULL, Object(Config\Cache), false)
#8 C:\xampp\htdocs\tokoo\public\index.php(37): CodeIgniter\CodeIgniter->run()
#9 {main}
CRITICAL - 2022-05-30 00:24:58 --> number_format(): Passing null to parameter #1 ($num) of type float is deprecated
#0 [internal function]: CodeIgniter\Debug\Exceptions->errorHandler(8192, 'number_format()...', 'C:\\xampp\\htdocs...', 57)
#1 C:\xampp\htdocs\tokoo\app\Views\etalase\beli.php(57): number_format(NULL, 2, ',', '.')
#2 C:\xampp\htdocs\tokoo\system\View\View.php(210): include('C:\\xampp\\htdocs...')
#3 C:\xampp\htdocs\tokoo\system\View\View.php(213): CodeIgniter\View\View->CodeIgniter\View\{closure}()
#4 C:\xampp\htdocs\tokoo\system\Common.php(1089): CodeIgniter\View\View->render('etalase/beli', Array, true)
#5 C:\xampp\htdocs\tokoo\app\Controllers\C_Etalase.php(85): view('etalase/beli', Array)
#6 C:\xampp\htdocs\tokoo\system\CodeIgniter.php(832): App\Controllers\C_Etalase->beli('1')
#7 C:\xampp\htdocs\tokoo\system\CodeIgniter.php(419): CodeIgniter\CodeIgniter->runController(Object(App\Controllers\C_Etalase))
#8 C:\xampp\htdocs\tokoo\system\CodeIgniter.php(326): CodeIgniter\CodeIgniter->handleRequest(NULL, Object(Config\Cache), false)
#9 C:\xampp\htdocs\tokoo\public\index.php(37): CodeIgniter\CodeIgniter->run()
#10 {main}
CRITICAL - 2022-05-30 00:25:13 --> number_format(): Passing null to parameter #1 ($num) of type float is deprecated
#0 [internal function]: CodeIgniter\Debug\Exceptions->errorHandler(8192, 'number_format()...', 'C:\\xampp\\htdocs...', 57)
#1 C:\xampp\htdocs\tokoo\app\Views\etalase\beli.php(57): number_format(NULL, 2, ',', '.')
#2 C:\xampp\htdocs\tokoo\system\View\View.php(210): include('C:\\xampp\\htdocs...')
#3 C:\xampp\htdocs\tokoo\system\View\View.php(213): CodeIgniter\View\View->CodeIgniter\View\{closure}()
#4 C:\xampp\htdocs\tokoo\system\Common.php(1089): CodeIgniter\View\View->render('etalase/beli', Array, true)
#5 C:\xampp\htdocs\tokoo\app\Controllers\C_Etalase.php(85): view('etalase/beli', Array)
#6 C:\xampp\htdocs\tokoo\system\CodeIgniter.php(832): App\Controllers\C_Etalase->beli('1')
#7 C:\xampp\htdocs\tokoo\system\CodeIgniter.php(419): CodeIgniter\CodeIgniter->runController(Object(App\Controllers\C_Etalase))
#8 C:\xampp\htdocs\tokoo\system\CodeIgniter.php(326): CodeIgniter\CodeIgniter->handleRequest(NULL, Object(Config\Cache), false)
#9 C:\xampp\htdocs\tokoo\public\index.php(37): CodeIgniter\CodeIgniter->run()
#10 {main}
CRITICAL - 2022-05-30 00:25:57 --> number_format(): Passing null to parameter #1 ($num) of type float is deprecated
#0 [internal function]: CodeIgniter\Debug\Exceptions->errorHandler(8192, 'number_format()...', 'C:\\xampp\\htdocs...', 183)
#1 C:\xampp\htdocs\tokoo\app\Views\etalase\beli.php(183): number_format(NULL, 2, ',', '.')
#2 C:\xampp\htdocs\tokoo\system\View\View.php(210): include('C:\\xampp\\htdocs...')
#3 C:\xampp\htdocs\tokoo\system\View\View.php(213): CodeIgniter\View\View->CodeIgniter\View\{closure}()
#4 C:\xampp\htdocs\tokoo\system\Common.php(1089): CodeIgniter\View\View->render('etalase/beli', Array, true)
#5 C:\xampp\htdocs\tokoo\app\Controllers\C_Etalase.php(85): view('etalase/beli', Array)
#6 C:\xampp\htdocs\tokoo\system\CodeIgniter.php(832): App\Controllers\C_Etalase->beli('1')
#7 C:\xampp\htdocs\tokoo\system\CodeIgniter.php(419): CodeIgniter\CodeIgniter->runController(Object(App\Controllers\C_Etalase))
#8 C:\xampp\htdocs\tokoo\system\CodeIgniter.php(326): CodeIgniter\CodeIgniter->handleRequest(NULL, Object(Config\Cache), false)
#9 C:\xampp\htdocs\tokoo\public\index.php(37): CodeIgniter\CodeIgniter->run()
#10 {main}
CRITICAL - 2022-05-30 00:39:18 --> number_format(): Passing null to parameter #1 ($num) of type float is deprecated
#0 [internal function]: CodeIgniter\Debug\Exceptions->errorHandler(8192, 'number_format()...', 'C:\\xampp\\htdocs...', 57)
#1 C:\xampp\htdocs\tokoo\app\Views\etalase\beli.php(57): number_format(NULL, 2, ',', '.')
#2 C:\xampp\htdocs\tokoo\system\View\View.php(210): include('C:\\xampp\\htdocs...')
#3 C:\xampp\htdocs\tokoo\system\View\View.php(213): CodeIgniter\View\View->CodeIgniter\View\{closure}()
#4 C:\xampp\htdocs\tokoo\system\Common.php(1089): CodeIgniter\View\View->render('etalase/beli', Array, true)
#5 C:\xampp\htdocs\tokoo\app\Controllers\C_Etalase.php(85): view('etalase/beli', Array)
#6 C:\xampp\htdocs\tokoo\system\CodeIgniter.php(832): App\Controllers\C_Etalase->beli('1')
#7 C:\xampp\htdocs\tokoo\system\CodeIgniter.php(419): CodeIgniter\CodeIgniter->runController(Object(App\Controllers\C_Etalase))
#8 C:\xampp\htdocs\tokoo\system\CodeIgniter.php(326): CodeIgniter\CodeIgniter->handleRequest(NULL, Object(Config\Cache), false)
#9 C:\xampp\htdocs\tokoo\public\index.php(37): CodeIgniter\CodeIgniter->run()
#10 {main}
CRITICAL - 2022-05-30 00:42:56 --> Attempt to read property "gambar" on null
#0 C:\xampp\htdocs\tokoo\app\Views\etalase\beli.php(9): CodeIgniter\Debug\Exceptions->errorHandler(2, 'Attempt to read...', 'C:\\xampp\\htdocs...', 9)
#1 C:\xampp\htdocs\tokoo\system\View\View.php(210): include('C:\\xampp\\htdocs...')
#2 C:\xampp\htdocs\tokoo\system\View\View.php(213): CodeIgniter\View\View->CodeIgniter\View\{closure}()
#3 C:\xampp\htdocs\tokoo\system\Common.php(1089): CodeIgniter\View\View->render('etalase/beli', Array, true)
#4 C:\xampp\htdocs\tokoo\app\Controllers\C_Etalase.php(85): view('etalase/beli', Array)
#5 C:\xampp\htdocs\tokoo\system\CodeIgniter.php(832): App\Controllers\C_Etalase->beli()
#6 C:\xampp\htdocs\tokoo\system\CodeIgniter.php(419): CodeIgniter\CodeIgniter->runController(Object(App\Controllers\C_Etalase))
#7 C:\xampp\htdocs\tokoo\system\CodeIgniter.php(326): CodeIgniter\CodeIgniter->handleRequest(NULL, Object(Config\Cache), false)
#8 C:\xampp\htdocs\tokoo\public\index.php(37): CodeIgniter\CodeIgniter->run()
#9 {main}
CRITICAL - 2022-05-30 00:42:57 --> Attempt to read property "gambar" on null
#0 C:\xampp\htdocs\tokoo\app\Views\etalase\beli.php(9): CodeIgniter\Debug\Exceptions->errorHandler(2, 'Attempt to read...', 'C:\\xampp\\htdocs...', 9)
#1 C:\xampp\htdocs\tokoo\system\View\View.php(210): include('C:\\xampp\\htdocs...')
#2 C:\xampp\htdocs\tokoo\system\View\View.php(213): CodeIgniter\View\View->CodeIgniter\View\{closure}()
#3 C:\xampp\htdocs\tokoo\system\Common.php(1089): CodeIgniter\View\View->render('etalase/beli', Array, true)
#4 C:\xampp\htdocs\tokoo\app\Controllers\C_Etalase.php(85): view('etalase/beli', Array)
#5 C:\xampp\htdocs\tokoo\system\CodeIgniter.php(832): App\Controllers\C_Etalase->beli()
#6 C:\xampp\htdocs\tokoo\system\CodeIgniter.php(419): CodeIgniter\CodeIgniter->runController(Object(App\Controllers\C_Etalase))
#7 C:\xampp\htdocs\tokoo\system\CodeIgniter.php(326): CodeIgniter\CodeIgniter->handleRequest(NULL, Object(Config\Cache), false)
#8 C:\xampp\htdocs\tokoo\public\index.php(37): CodeIgniter\CodeIgniter->run()
#9 {main}
CRITICAL - 2022-05-30 00:42:59 --> Attempt to read property "gambar" on null
#0 C:\xampp\htdocs\tokoo\app\Views\etalase\beli.php(9): CodeIgniter\Debug\Exceptions->errorHandler(2, 'Attempt to read...', 'C:\\xampp\\htdocs...', 9)
#1 C:\xampp\htdocs\tokoo\system\View\View.php(210): include('C:\\xampp\\htdocs...')
#2 C:\xampp\htdocs\tokoo\system\View\View.php(213): CodeIgniter\View\View->CodeIgniter\View\{closure}()
#3 C:\xampp\htdocs\tokoo\system\Common.php(1089): CodeIgniter\View\View->render('etalase/beli', Array, true)
#4 C:\xampp\htdocs\tokoo\app\Controllers\C_Etalase.php(85): view('etalase/beli', Array)
#5 C:\xampp\htdocs\tokoo\system\CodeIgniter.php(832): App\Controllers\C_Etalase->beli()
#6 C:\xampp\htdocs\tokoo\system\CodeIgniter.php(419): CodeIgniter\CodeIgniter->runController(Object(App\Controllers\C_Etalase))
#7 C:\xampp\htdocs\tokoo\system\CodeIgniter.php(326): CodeIgniter\CodeIgniter->handleRequest(NULL, Object(Config\Cache), false)
#8 C:\xampp\htdocs\tokoo\public\index.php(37): CodeIgniter\CodeIgniter->run()
#9 {main}
CRITICAL - 2022-05-30 00:43:01 --> Attempt to read property "gambar" on null
#0 C:\xampp\htdocs\tokoo\app\Views\etalase\beli.php(9): CodeIgniter\Debug\Exceptions->errorHandler(2, 'Attempt to read...', 'C:\\xampp\\htdocs...', 9)
#1 C:\xampp\htdocs\tokoo\system\View\View.php(210): include('C:\\xampp\\htdocs...')
#2 C:\xampp\htdocs\tokoo\system\View\View.php(213): CodeIgniter\View\View->CodeIgniter\View\{closure}()
#3 C:\xampp\htdocs\tokoo\system\Common.php(1089): CodeIgniter\View\View->render('etalase/beli', Array, true)
#4 C:\xampp\htdocs\tokoo\app\Controllers\C_Etalase.php(85): view('etalase/beli', Array)
#5 C:\xampp\htdocs\tokoo\system\CodeIgniter.php(832): App\Controllers\C_Etalase->beli()
#6 C:\xampp\htdocs\tokoo\system\CodeIgniter.php(419): CodeIgniter\CodeIgniter->runController(Object(App\Controllers\C_Etalase))
#7 C:\xampp\htdocs\tokoo\system\CodeIgniter.php(326): CodeIgniter\CodeIgniter->handleRequest(NULL, Object(Config\Cache), false)
#8 C:\xampp\htdocs\tokoo\public\index.php(37): CodeIgniter\CodeIgniter->run()
#9 {main}
CRITICAL - 2022-05-30 00:43:02 --> Attempt to read property "gambar" on null
#0 C:\xampp\htdocs\tokoo\app\Views\etalase\beli.php(9): CodeIgniter\Debug\Exceptions->errorHandler(2, 'Attempt to read...', 'C:\\xampp\\htdocs...', 9)
#1 C:\xampp\htdocs\tokoo\system\View\View.php(210): include('C:\\xampp\\htdocs...')
#2 C:\xampp\htdocs\tokoo\system\View\View.php(213): CodeIgniter\View\View->CodeIgniter\View\{closure}()
#3 C:\xampp\htdocs\tokoo\system\Common.php(1089): CodeIgniter\View\View->render('etalase/beli', Array, true)
#4 C:\xampp\htdocs\tokoo\app\Controllers\C_Etalase.php(85): view('etalase/beli', Array)
#5 C:\xampp\htdocs\tokoo\system\CodeIgniter.php(832): App\Controllers\C_Etalase->beli()
#6 C:\xampp\htdocs\tokoo\system\CodeIgniter.php(419): CodeIgniter\CodeIgniter->runController(Object(App\Controllers\C_Etalase))
#7 C:\xampp\htdocs\tokoo\system\CodeIgniter.php(326): CodeIgniter\CodeIgniter->handleRequest(NULL, Object(Config\Cache), false)
#8 C:\xampp\htdocs\tokoo\public\index.php(37): CodeIgniter\CodeIgniter->run()
#9 {main}
CRITICAL - 2022-05-30 00:43:04 --> Attempt to read property "gambar" on null
#0 C:\xampp\htdocs\tokoo\app\Views\etalase\beli.php(9): CodeIgniter\Debug\Exceptions->errorHandler(2, 'Attempt to read...', 'C:\\xampp\\htdocs...', 9)
#1 C:\xampp\htdocs\tokoo\system\View\View.php(210): include('C:\\xampp\\htdocs...')
#2 C:\xampp\htdocs\tokoo\system\View\View.php(213): CodeIgniter\View\View->CodeIgniter\View\{closure}()
#3 C:\xampp\htdocs\tokoo\system\Common.php(1089): CodeIgniter\View\View->render('etalase/beli', Array, true)
#4 C:\xampp\htdocs\tokoo\app\Controllers\C_Etalase.php(85): view('etalase/beli', Array)
#5 C:\xampp\htdocs\tokoo\system\CodeIgniter.php(832): App\Controllers\C_Etalase->beli()
#6 C:\xampp\htdocs\tokoo\system\CodeIgniter.php(419): CodeIgniter\CodeIgniter->runController(Object(App\Controllers\C_Etalase))
#7 C:\xampp\htdocs\tokoo\system\CodeIgniter.php(326): CodeIgniter\CodeIgniter->handleRequest(NULL, Object(Config\Cache), false)
#8 C:\xampp\htdocs\tokoo\public\index.php(37): CodeIgniter\CodeIgniter->run()
#9 {main}
CRITICAL - 2022-05-30 00:43:06 --> Attempt to read property "gambar" on null
#0 C:\xampp\htdocs\tokoo\app\Views\etalase\beli.php(9): CodeIgniter\Debug\Exceptions->errorHandler(2, 'Attempt to read...', 'C:\\xampp\\htdocs...', 9)
#1 C:\xampp\htdocs\tokoo\system\View\View.php(210): include('C:\\xampp\\htdocs...')
#2 C:\xampp\htdocs\tokoo\system\View\View.php(213): CodeIgniter\View\View->CodeIgniter\View\{closure}()
#3 C:\xampp\htdocs\tokoo\system\Common.php(1089): CodeIgniter\View\View->render('etalase/beli', Array, true)
#4 C:\xampp\htdocs\tokoo\app\Controllers\C_Etalase.php(85): view('etalase/beli', Array)
#5 C:\xampp\htdocs\tokoo\system\CodeIgniter.php(832): App\Controllers\C_Etalase->beli()
#6 C:\xampp\htdocs\tokoo\system\CodeIgniter.php(419): CodeIgniter\CodeIgniter->runController(Object(App\Controllers\C_Etalase))
#7 C:\xampp\htdocs\tokoo\system\CodeIgniter.php(326): CodeIgniter\CodeIgniter->handleRequest(NULL, Object(Config\Cache), false)
#8 C:\xampp\htdocs\tokoo\public\index.php(37): CodeIgniter\CodeIgniter->run()
#9 {main}
CRITICAL - 2022-05-30 00:43:08 --> Attempt to read property "gambar" on null
#0 C:\xampp\htdocs\tokoo\app\Views\etalase\beli.php(9): CodeIgniter\Debug\Exceptions->errorHandler(2, 'Attempt to read...', 'C:\\xampp\\htdocs...', 9)
#1 C:\xampp\htdocs\tokoo\system\View\View.php(210): include('C:\\xampp\\htdocs...')
#2 C:\xampp\htdocs\tokoo\system\View\View.php(213): CodeIgniter\View\View->CodeIgniter\View\{closure}()
#3 C:\xampp\htdocs\tokoo\system\Common.php(1089): CodeIgniter\View\View->render('etalase/beli', Array, true)
#4 C:\xampp\htdocs\tokoo\app\Controllers\C_Etalase.php(85): view('etalase/beli', Array)
#5 C:\xampp\htdocs\tokoo\system\CodeIgniter.php(832): App\Controllers\C_Etalase->beli()
#6 C:\xampp\htdocs\tokoo\system\CodeIgniter.php(419): CodeIgniter\CodeIgniter->runController(Object(App\Controllers\C_Etalase))
#7 C:\xampp\htdocs\tokoo\system\CodeIgniter.php(326): CodeIgniter\CodeIgniter->handleRequest(NULL, Object(Config\Cache), false)
#8 C:\xampp\htdocs\tokoo\public\index.php(37): CodeIgniter\CodeIgniter->run()
#9 {main}
CRITICAL - 2022-05-30 00:43:10 --> Attempt to read property "gambar" on null
#0 C:\xampp\htdocs\tokoo\app\Views\etalase\beli.php(9): CodeIgniter\Debug\Exceptions->errorHandler(2, 'Attempt to read...', 'C:\\xampp\\htdocs...', 9)
#1 C:\xampp\htdocs\tokoo\system\View\View.php(210): include('C:\\xampp\\htdocs...')
#2 C:\xampp\htdocs\tokoo\system\View\View.php(213): CodeIgniter\View\View->CodeIgniter\View\{closure}()
#3 C:\xampp\htdocs\tokoo\system\Common.php(1089): CodeIgniter\View\View->render('etalase/beli', Array, true)
#4 C:\xampp\htdocs\tokoo\app\Controllers\C_Etalase.php(85): view('etalase/beli', Array)
#5 C:\xampp\htdocs\tokoo\system\CodeIgniter.php(832): App\Controllers\C_Etalase->beli()
#6 C:\xampp\htdocs\tokoo\system\CodeIgniter.php(419): CodeIgniter\CodeIgniter->runController(Object(App\Controllers\C_Etalase))
#7 C:\xampp\htdocs\tokoo\system\CodeIgniter.php(326): CodeIgniter\CodeIgniter->handleRequest(NULL, Object(Config\Cache), false)
#8 C:\xampp\htdocs\tokoo\public\index.php(37): CodeIgniter\CodeIgniter->run()
#9 {main}
CRITICAL - 2022-05-30 00:43:11 --> Attempt to read property "gambar" on null
#0 C:\xampp\htdocs\tokoo\app\Views\etalase\beli.php(9): CodeIgniter\Debug\Exceptions->errorHandler(2, 'Attempt to read...', 'C:\\xampp\\htdocs...', 9)
#1 C:\xampp\htdocs\tokoo\system\View\View.php(210): include('C:\\xampp\\htdocs...')
#2 C:\xampp\htdocs\tokoo\system\View\View.php(213): CodeIgniter\View\View->CodeIgniter\View\{closure}()
#3 C:\xampp\htdocs\tokoo\system\Common.php(1089): CodeIgniter\View\View->render('etalase/beli', Array, true)
#4 C:\xampp\htdocs\tokoo\app\Controllers\C_Etalase.php(85): view('etalase/beli', Array)
#5 C:\xampp\htdocs\tokoo\system\CodeIgniter.php(832): App\Controllers\C_Etalase->beli()
#6 C:\xampp\htdocs\tokoo\system\CodeIgniter.php(419): CodeIgniter\CodeIgniter->runController(Object(App\Controllers\C_Etalase))
#7 C:\xampp\htdocs\tokoo\system\CodeIgniter.php(326): CodeIgniter\CodeIgniter->handleRequest(NULL, Object(Config\Cache), false)
#8 C:\xampp\htdocs\tokoo\public\index.php(37): CodeIgniter\CodeIgniter->run()
#9 {main}
CRITICAL - 2022-05-30 00:43:13 --> Attempt to read property "gambar" on null
#0 C:\xampp\htdocs\tokoo\app\Views\etalase\beli.php(9): CodeIgniter\Debug\Exceptions->errorHandler(2, 'Attempt to read...', 'C:\\xampp\\htdocs...', 9)
#1 C:\xampp\htdocs\tokoo\system\View\View.php(210): include('C:\\xampp\\htdocs...')
#2 C:\xampp\htdocs\tokoo\system\View\View.php(213): CodeIgniter\View\View->CodeIgniter\View\{closure}()
#3 C:\xampp\htdocs\tokoo\system\Common.php(1089): CodeIgniter\View\View->render('etalase/beli', Array, true)
#4 C:\xampp\htdocs\tokoo\app\Controllers\C_Etalase.php(85): view('etalase/beli', Array)
#5 C:\xampp\htdocs\tokoo\system\CodeIgniter.php(832): App\Controllers\C_Etalase->beli()
#6 C:\xampp\htdocs\tokoo\system\CodeIgniter.php(419): CodeIgniter\CodeIgniter->runController(Object(App\Controllers\C_Etalase))
#7 C:\xampp\htdocs\tokoo\system\CodeIgniter.php(326): CodeIgniter\CodeIgniter->handleRequest(NULL, Object(Config\Cache), false)
#8 C:\xampp\htdocs\tokoo\public\index.php(37): CodeIgniter\CodeIgniter->run()
#9 {main}
CRITICAL - 2022-05-30 00:43:14 --> Attempt to read property "gambar" on null
#0 C:\xampp\htdocs\tokoo\app\Views\etalase\beli.php(9): CodeIgniter\Debug\Exceptions->errorHandler(2, 'Attempt to read...', 'C:\\xampp\\htdocs...', 9)
#1 C:\xampp\htdocs\tokoo\system\View\View.php(210): include('C:\\xampp\\htdocs...')
#2 C:\xampp\htdocs\tokoo\system\View\View.php(213): CodeIgniter\View\View->CodeIgniter\View\{closure}()
#3 C:\xampp\htdocs\tokoo\system\Common.php(1089): CodeIgniter\View\View->render('etalase/beli', Array, true)
#4 C:\xampp\htdocs\tokoo\app\Controllers\C_Etalase.php(85): view('etalase/beli', Array)
#5 C:\xampp\htdocs\tokoo\system\CodeIgniter.php(832): App\Controllers\C_Etalase->beli()
#6 C:\xampp\htdocs\tokoo\system\CodeIgniter.php(419): CodeIgniter\CodeIgniter->runController(Object(App\Controllers\C_Etalase))
#7 C:\xampp\htdocs\tokoo\system\CodeIgniter.php(326): CodeIgniter\CodeIgniter->handleRequest(NULL, Object(Config\Cache), false)
#8 C:\xampp\htdocs\tokoo\public\index.php(37): CodeIgniter\CodeIgniter->run()
#9 {main}
CRITICAL - 2022-05-30 00:43:15 --> Attempt to read property "gambar" on null
#0 C:\xampp\htdocs\tokoo\app\Views\etalase\beli.php(9): CodeIgniter\Debug\Exceptions->errorHandler(2, 'Attempt to read...', 'C:\\xampp\\htdocs...', 9)
#1 C:\xampp\htdocs\tokoo\system\View\View.php(210): include('C:\\xampp\\htdocs...')
#2 C:\xampp\htdocs\tokoo\system\View\View.php(213): CodeIgniter\View\View->CodeIgniter\View\{closure}()
#3 C:\xampp\htdocs\tokoo\system\Common.php(1089): CodeIgniter\View\View->render('etalase/beli', Array, true)
#4 C:\xampp\htdocs\tokoo\app\Controllers\C_Etalase.php(85): view('etalase/beli', Array)
#5 C:\xampp\htdocs\tokoo\system\CodeIgniter.php(832): App\Controllers\C_Etalase->beli()
#6 C:\xampp\htdocs\tokoo\system\CodeIgniter.php(419): CodeIgniter\CodeIgniter->runController(Object(App\Controllers\C_Etalase))
#7 C:\xampp\htdocs\tokoo\system\CodeIgniter.php(326): CodeIgniter\CodeIgniter->handleRequest(NULL, Object(Config\Cache), false)
#8 C:\xampp\htdocs\tokoo\public\index.php(37): CodeIgniter\CodeIgniter->run()
#9 {main}
CRITICAL - 2022-05-30 00:43:17 --> Attempt to read property "gambar" on null
#0 C:\xampp\htdocs\tokoo\app\Views\etalase\beli.php(9): CodeIgniter\Debug\Exceptions->errorHandler(2, 'Attempt to read...', 'C:\\xampp\\htdocs...', 9)
#1 C:\xampp\htdocs\tokoo\system\View\View.php(210): include('C:\\xampp\\htdocs...')
#2 C:\xampp\htdocs\tokoo\system\View\View.php(213): CodeIgniter\View\View->CodeIgniter\View\{closure}()
#3 C:\xampp\htdocs\tokoo\system\Common.php(1089): CodeIgniter\View\View->render('etalase/beli', Array, true)
#4 C:\xampp\htdocs\tokoo\app\Controllers\C_Etalase.php(85): view('etalase/beli', Array)
#5 C:\xampp\htdocs\tokoo\system\CodeIgniter.php(832): App\Controllers\C_Etalase->beli()
#6 C:\xampp\htdocs\tokoo\system\CodeIgniter.php(419): CodeIgniter\CodeIgniter->runController(Object(App\Controllers\C_Etalase))
#7 C:\xampp\htdocs\tokoo\system\CodeIgniter.php(326): CodeIgniter\CodeIgniter->handleRequest(NULL, Object(Config\Cache), false)
#8 C:\xampp\htdocs\tokoo\public\index.php(37): CodeIgniter\CodeIgniter->run()
#9 {main}
CRITICAL - 2022-05-30 00:43:19 --> Attempt to read property "gambar" on null
#0 C:\xampp\htdocs\tokoo\app\Views\etalase\beli.php(9): CodeIgniter\Debug\Exceptions->errorHandler(2, 'Attempt to read...', 'C:\\xampp\\htdocs...', 9)
#1 C:\xampp\htdocs\tokoo\system\View\View.php(210): include('C:\\xampp\\htdocs...')
#2 C:\xampp\htdocs\tokoo\system\View\View.php(213): CodeIgniter\View\View->CodeIgniter\View\{closure}()
#3 C:\xampp\htdocs\tokoo\system\Common.php(1089): CodeIgniter\View\View->render('etalase/beli', Array, true)
#4 C:\xampp\htdocs\tokoo\app\Controllers\C_Etalase.php(85): view('etalase/beli', Array)
#5 C:\xampp\htdocs\tokoo\system\CodeIgniter.php(832): App\Controllers\C_Etalase->beli()
#6 C:\xampp\htdocs\tokoo\system\CodeIgniter.php(419): CodeIgniter\CodeIgniter->runController(Object(App\Controllers\C_Etalase))
#7 C:\xampp\htdocs\tokoo\system\CodeIgniter.php(326): CodeIgniter\CodeIgniter->handleRequest(NULL, Object(Config\Cache), false)
#8 C:\xampp\htdocs\tokoo\public\index.php(37): CodeIgniter\CodeIgniter->run()
#9 {main}
CRITICAL - 2022-05-30 00:43:20 --> Attempt to read property "gambar" on null
#0 C:\xampp\htdocs\tokoo\app\Views\etalase\beli.php(9): CodeIgniter\Debug\Exceptions->errorHandler(2, 'Attempt to read...', 'C:\\xampp\\htdocs...', 9)
#1 C:\xampp\htdocs\tokoo\system\View\View.php(210): include('C:\\xampp\\htdocs...')
#2 C:\xampp\htdocs\tokoo\system\View\View.php(213): CodeIgniter\View\View->CodeIgniter\View\{closure}()
#3 C:\xampp\htdocs\tokoo\system\Common.php(1089): CodeIgniter\View\View->render('etalase/beli', Array, true)
#4 C:\xampp\htdocs\tokoo\app\Controllers\C_Etalase.php(85): view('etalase/beli', Array)
#5 C:\xampp\htdocs\tokoo\system\CodeIgniter.php(832): App\Controllers\C_Etalase->beli()
#6 C:\xampp\htdocs\tokoo\system\CodeIgniter.php(419): CodeIgniter\CodeIgniter->runController(Object(App\Controllers\C_Etalase))
#7 C:\xampp\htdocs\tokoo\system\CodeIgniter.php(326): CodeIgniter\CodeIgniter->handleRequest(NULL, Object(Config\Cache), false)
#8 C:\xampp\htdocs\tokoo\public\index.php(37): CodeIgniter\CodeIgniter->run()
#9 {main}
CRITICAL - 2022-05-30 00:43:21 --> Attempt to read property "gambar" on null
#0 C:\xampp\htdocs\tokoo\app\Views\etalase\beli.php(9): CodeIgniter\Debug\Exceptions->errorHandler(2, 'Attempt to read...', 'C:\\xampp\\htdocs...', 9)
#1 C:\xampp\htdocs\tokoo\system\View\View.php(210): include('C:\\xampp\\htdocs...')
#2 C:\xampp\htdocs\tokoo\system\View\View.php(213): CodeIgniter\View\View->CodeIgniter\View\{closure}()
#3 C:\xampp\htdocs\tokoo\system\Common.php(1089): CodeIgniter\View\View->render('etalase/beli', Array, true)
#4 C:\xampp\htdocs\tokoo\app\Controllers\C_Etalase.php(85): view('etalase/beli', Array)
#5 C:\xampp\htdocs\tokoo\system\CodeIgniter.php(832): App\Controllers\C_Etalase->beli()
#6 C:\xampp\htdocs\tokoo\system\CodeIgniter.php(419): CodeIgniter\CodeIgniter->runController(Object(App\Controllers\C_Etalase))
#7 C:\xampp\htdocs\tokoo\system\CodeIgniter.php(326): CodeIgniter\CodeIgniter->handleRequest(NULL, Object(Config\Cache), false)
#8 C:\xampp\htdocs\tokoo\public\index.php(37): CodeIgniter\CodeIgniter->run()
#9 {main}
CRITICAL - 2022-05-30 00:43:23 --> Attempt to read property "gambar" on null
#0 C:\xampp\htdocs\tokoo\app\Views\etalase\beli.php(9): CodeIgniter\Debug\Exceptions->errorHandler(2, 'Attempt to read...', 'C:\\xampp\\htdocs...', 9)
#1 C:\xampp\htdocs\tokoo\system\View\View.php(210): include('C:\\xampp\\htdocs...')
#2 C:\xampp\htdocs\tokoo\system\View\View.php(213): CodeIgniter\View\View->CodeIgniter\View\{closure}()
#3 C:\xampp\htdocs\tokoo\system\Common.php(1089): CodeIgniter\View\View->render('etalase/beli', Array, true)
#4 C:\xampp\htdocs\tokoo\app\Controllers\C_Etalase.php(85): view('etalase/beli', Array)
#5 C:\xampp\htdocs\tokoo\system\CodeIgniter.php(832): App\Controllers\C_Etalase->beli()
#6 C:\xampp\htdocs\tokoo\system\CodeIgniter.php(419): CodeIgniter\CodeIgniter->runController(Object(App\Controllers\C_Etalase))
#7 C:\xampp\htdocs\tokoo\system\CodeIgniter.php(326): CodeIgniter\CodeIgniter->handleRequest(NULL, Object(Config\Cache), false)
#8 C:\xampp\htdocs\tokoo\public\index.php(37): CodeIgniter\CodeIgniter->run()
#9 {main}
CRITICAL - 2022-05-30 00:43:24 --> Attempt to read property "gambar" on null
#0 C:\xampp\htdocs\tokoo\app\Views\etalase\beli.php(9): CodeIgniter\Debug\Exceptions->errorHandler(2, 'Attempt to read...', 'C:\\xampp\\htdocs...', 9)
#1 C:\xampp\htdocs\tokoo\system\View\View.php(210): include('C:\\xampp\\htdocs...')
#2 C:\xampp\htdocs\tokoo\system\View\View.php(213): CodeIgniter\View\View->CodeIgniter\View\{closure}()
#3 C:\xampp\htdocs\tokoo\system\Common.php(1089): CodeIgniter\View\View->render('etalase/beli', Array, true)
#4 C:\xampp\htdocs\tokoo\app\Controllers\C_Etalase.php(85): view('etalase/beli', Array)
#5 C:\xampp\htdocs\tokoo\system\CodeIgniter.php(832): App\Controllers\C_Etalase->beli()
#6 C:\xampp\htdocs\tokoo\system\CodeIgniter.php(419): CodeIgniter\CodeIgniter->runController(Object(App\Controllers\C_Etalase))
#7 C:\xampp\htdocs\tokoo\system\CodeIgniter.php(326): CodeIgniter\CodeIgniter->handleRequest(NULL, Object(Config\Cache), false)
#8 C:\xampp\htdocs\tokoo\public\index.php(37): CodeIgniter\CodeIgniter->run()
#9 {main}
CRITICAL - 2022-05-30 00:43:26 --> Attempt to read property "gambar" on null
#0 C:\xampp\htdocs\tokoo\app\Views\etalase\beli.php(9): CodeIgniter\Debug\Exceptions->errorHandler(2, 'Attempt to read...', 'C:\\xampp\\htdocs...', 9)
#1 C:\xampp\htdocs\tokoo\system\View\View.php(210): include('C:\\xampp\\htdocs...')
#2 C:\xampp\htdocs\tokoo\system\View\View.php(213): CodeIgniter\View\View->CodeIgniter\View\{closure}()
#3 C:\xampp\htdocs\tokoo\system\Common.php(1089): CodeIgniter\View\View->render('etalase/beli', Array, true)
#4 C:\xampp\htdocs\tokoo\app\Controllers\C_Etalase.php(85): view('etalase/beli', Array)
#5 C:\xampp\htdocs\tokoo\system\CodeIgniter.php(832): App\Controllers\C_Etalase->beli()
#6 C:\xampp\htdocs\tokoo\system\CodeIgniter.php(419): CodeIgniter\CodeIgniter->runController(Object(App\Controllers\C_Etalase))
#7 C:\xampp\htdocs\tokoo\system\CodeIgniter.php(326): CodeIgniter\CodeIgniter->handleRequest(NULL, Object(Config\Cache), false)
#8 C:\xampp\htdocs\tokoo\public\index.php(37): CodeIgniter\CodeIgniter->run()
#9 {main}
CRITICAL - 2022-05-30 00:43:27 --> Attempt to read property "gambar" on null
#0 C:\xampp\htdocs\tokoo\app\Views\etalase\beli.php(9): CodeIgniter\Debug\Exceptions->errorHandler(2, 'Attempt to read...', 'C:\\xampp\\htdocs...', 9)
#1 C:\xampp\htdocs\tokoo\system\View\View.php(210): include('C:\\xampp\\htdocs...')
#2 C:\xampp\htdocs\tokoo\system\View\View.php(213): CodeIgniter\View\View->CodeIgniter\View\{closure}()
#3 C:\xampp\htdocs\tokoo\system\Common.php(1089): CodeIgniter\View\View->render('etalase/beli', Array, true)
#4 C:\xampp\htdocs\tokoo\app\Controllers\C_Etalase.php(85): view('etalase/beli', Array)
#5 C:\xampp\htdocs\tokoo\system\CodeIgniter.php(832): App\Controllers\C_Etalase->beli()
#6 C:\xampp\htdocs\tokoo\system\CodeIgniter.php(419): CodeIgniter\CodeIgniter->runController(Object(App\Controllers\C_Etalase))
#7 C:\xampp\htdocs\tokoo\system\CodeIgniter.php(326): CodeIgniter\CodeIgniter->handleRequest(NULL, Object(Config\Cache), false)
#8 C:\xampp\htdocs\tokoo\public\index.php(37): CodeIgniter\CodeIgniter->run()
#9 {main}
CRITICAL - 2022-05-30 00:43:28 --> Attempt to read property "gambar" on null
#0 C:\xampp\htdocs\tokoo\app\Views\etalase\beli.php(9): CodeIgniter\Debug\Exceptions->errorHandler(2, 'Attempt to read...', 'C:\\xampp\\htdocs...', 9)
#1 C:\xampp\htdocs\tokoo\system\View\View.php(210): include('C:\\xampp\\htdocs...')
#2 C:\xampp\htdocs\tokoo\system\View\View.php(213): CodeIgniter\View\View->CodeIgniter\View\{closure}()
#3 C:\xampp\htdocs\tokoo\system\Common.php(1089): CodeIgniter\View\View->render('etalase/beli', Array, true)
#4 C:\xampp\htdocs\tokoo\app\Controllers\C_Etalase.php(85): view('etalase/beli', Array)
#5 C:\xampp\htdocs\tokoo\system\CodeIgniter.php(832): App\Controllers\C_Etalase->beli()
#6 C:\xampp\htdocs\tokoo\system\CodeIgniter.php(419): CodeIgniter\CodeIgniter->runController(Object(App\Controllers\C_Etalase))
#7 C:\xampp\htdocs\tokoo\system\CodeIgniter.php(326): CodeIgniter\CodeIgniter->handleRequest(NULL, Object(Config\Cache), false)
#8 C:\xampp\htdocs\tokoo\public\index.php(37): CodeIgniter\CodeIgniter->run()
#9 {main}
CRITICAL - 2022-05-30 00:43:30 --> Attempt to read property "gambar" on null
#0 C:\xampp\htdocs\tokoo\app\Views\etalase\beli.php(9): CodeIgniter\Debug\Exceptions->errorHandler(2, 'Attempt to read...', 'C:\\xampp\\htdocs...', 9)
#1 C:\xampp\htdocs\tokoo\system\View\View.php(210): include('C:\\xampp\\htdocs...')
#2 C:\xampp\htdocs\tokoo\system\View\View.php(213): CodeIgniter\View\View->CodeIgniter\View\{closure}()
#3 C:\xampp\htdocs\tokoo\system\Common.php(1089): CodeIgniter\View\View->render('etalase/beli', Array, true)
#4 C:\xampp\htdocs\tokoo\app\Controllers\C_Etalase.php(85): view('etalase/beli', Array)
#5 C:\xampp\htdocs\tokoo\system\CodeIgniter.php(832): App\Controllers\C_Etalase->beli()
#6 C:\xampp\htdocs\tokoo\system\CodeIgniter.php(419): CodeIgniter\CodeIgniter->runController(Object(App\Controllers\C_Etalase))
#7 C:\xampp\htdocs\tokoo\system\CodeIgniter.php(326): CodeIgniter\CodeIgniter->handleRequest(NULL, Object(Config\Cache), false)
#8 C:\xampp\htdocs\tokoo\public\index.php(37): CodeIgniter\CodeIgniter->run()
#9 {main}
CRITICAL - 2022-05-30 00:43:31 --> Attempt to read property "gambar" on null
#0 C:\xampp\htdocs\tokoo\app\Views\etalase\beli.php(9): CodeIgniter\Debug\Exceptions->errorHandler(2, 'Attempt to read...', 'C:\\xampp\\htdocs...', 9)
#1 C:\xampp\htdocs\tokoo\system\View\View.php(210): include('C:\\xampp\\htdocs...')
#2 C:\xampp\htdocs\tokoo\system\View\View.php(213): CodeIgniter\View\View->CodeIgniter\View\{closure}()
#3 C:\xampp\htdocs\tokoo\system\Common.php(1089): CodeIgniter\View\View->render('etalase/beli', Array, true)
#4 C:\xampp\htdocs\tokoo\app\Controllers\C_Etalase.php(85): view('etalase/beli', Array)
#5 C:\xampp\htdocs\tokoo\system\CodeIgniter.php(832): App\Controllers\C_Etalase->beli()
#6 C:\xampp\htdocs\tokoo\system\CodeIgniter.php(419): CodeIgniter\CodeIgniter->runController(Object(App\Controllers\C_Etalase))
#7 C:\xampp\htdocs\tokoo\system\CodeIgniter.php(326): CodeIgniter\CodeIgniter->handleRequest(NULL, Object(Config\Cache), false)
#8 C:\xampp\htdocs\tokoo\public\index.php(37): CodeIgniter\CodeIgniter->run()
#9 {main}
CRITICAL - 2022-05-30 00:43:33 --> Attempt to read property "gambar" on null
#0 C:\xampp\htdocs\tokoo\app\Views\etalase\beli.php(9): CodeIgniter\Debug\Exceptions->errorHandler(2, 'Attempt to read...', 'C:\\xampp\\htdocs...', 9)
#1 C:\xampp\htdocs\tokoo\system\View\View.php(210): include('C:\\xampp\\htdocs...')
#2 C:\xampp\htdocs\tokoo\system\View\View.php(213): CodeIgniter\View\View->CodeIgniter\View\{closure}()
#3 C:\xampp\htdocs\tokoo\system\Common.php(1089): CodeIgniter\View\View->render('etalase/beli', Array, true)
#4 C:\xampp\htdocs\tokoo\app\Controllers\C_Etalase.php(85): view('etalase/beli', Array)
#5 C:\xampp\htdocs\tokoo\system\CodeIgniter.php(832): App\Controllers\C_Etalase->beli()
#6 C:\xampp\htdocs\tokoo\system\CodeIgniter.php(419): CodeIgniter\CodeIgniter->runController(Object(App\Controllers\C_Etalase))
#7 C:\xampp\htdocs\tokoo\system\CodeIgniter.php(326): CodeIgniter\CodeIgniter->handleRequest(NULL, Object(Config\Cache), false)
#8 C:\xampp\htdocs\tokoo\public\index.php(37): CodeIgniter\CodeIgniter->run()
#9 {main}
CRITICAL - 2022-05-30 00:43:34 --> Attempt to read property "gambar" on null
#0 C:\xampp\htdocs\tokoo\app\Views\etalase\beli.php(9): CodeIgniter\Debug\Exceptions->errorHandler(2, 'Attempt to read...', 'C:\\xampp\\htdocs...', 9)
#1 C:\xampp\htdocs\tokoo\system\View\View.php(210): include('C:\\xampp\\htdocs...')
#2 C:\xampp\htdocs\tokoo\system\View\View.php(213): CodeIgniter\View\View->CodeIgniter\View\{closure}()
#3 C:\xampp\htdocs\tokoo\system\Common.php(1089): CodeIgniter\View\View->render('etalase/beli', Array, true)
#4 C:\xampp\htdocs\tokoo\app\Controllers\C_Etalase.php(85): view('etalase/beli', Array)
#5 C:\xampp\htdocs\tokoo\system\CodeIgniter.php(832): App\Controllers\C_Etalase->beli()
#6 C:\xampp\htdocs\tokoo\system\CodeIgniter.php(419): CodeIgniter\CodeIgniter->runController(Object(App\Controllers\C_Etalase))
#7 C:\xampp\htdocs\tokoo\system\CodeIgniter.php(326): CodeIgniter\CodeIgniter->handleRequest(NULL, Object(Config\Cache), false)
#8 C:\xampp\htdocs\tokoo\public\index.php(37): CodeIgniter\CodeIgniter->run()
#9 {main}
CRITICAL - 2022-05-30 00:43:35 --> Attempt to read property "gambar" on null
#0 C:\xampp\htdocs\tokoo\app\Views\etalase\beli.php(9): CodeIgniter\Debug\Exceptions->errorHandler(2, 'Attempt to read...', 'C:\\xampp\\htdocs...', 9)
#1 C:\xampp\htdocs\tokoo\system\View\View.php(210): include('C:\\xampp\\htdocs...')
#2 C:\xampp\htdocs\tokoo\system\View\View.php(213): CodeIgniter\View\View->CodeIgniter\View\{closure}()
#3 C:\xampp\htdocs\tokoo\system\Common.php(1089): CodeIgniter\View\View->render('etalase/beli', Array, true)
#4 C:\xampp\htdocs\tokoo\app\Controllers\C_Etalase.php(85): view('etalase/beli', Array)
#5 C:\xampp\htdocs\tokoo\system\CodeIgniter.php(832): App\Controllers\C_Etalase->beli()
#6 C:\xampp\htdocs\tokoo\system\CodeIgniter.php(419): CodeIgniter\CodeIgniter->runController(Object(App\Controllers\C_Etalase))
#7 C:\xampp\htdocs\tokoo\system\CodeIgniter.php(326): CodeIgniter\CodeIgniter->handleRequest(NULL, Object(Config\Cache), false)
#8 C:\xampp\htdocs\tokoo\public\index.php(37): CodeIgniter\CodeIgniter->run()
#9 {main}
CRITICAL - 2022-05-30 00:43:37 --> Attempt to read property "gambar" on null
#0 C:\xampp\htdocs\tokoo\app\Views\etalase\beli.php(9): CodeIgniter\Debug\Exceptions->errorHandler(2, 'Attempt to read...', 'C:\\xampp\\htdocs...', 9)
#1 C:\xampp\htdocs\tokoo\system\View\View.php(210): include('C:\\xampp\\htdocs...')
#2 C:\xampp\htdocs\tokoo\system\View\View.php(213): CodeIgniter\View\View->CodeIgniter\View\{closure}()
#3 C:\xampp\htdocs\tokoo\system\Common.php(1089): CodeIgniter\View\View->render('etalase/beli', Array, true)
#4 C:\xampp\htdocs\tokoo\app\Controllers\C_Etalase.php(85): view('etalase/beli', Array)
#5 C:\xampp\htdocs\tokoo\system\CodeIgniter.php(832): App\Controllers\C_Etalase->beli()
#6 C:\xampp\htdocs\tokoo\system\CodeIgniter.php(419): CodeIgniter\CodeIgniter->runController(Object(App\Controllers\C_Etalase))
#7 C:\xampp\htdocs\tokoo\system\CodeIgniter.php(326): CodeIgniter\CodeIgniter->handleRequest(NULL, Object(Config\Cache), false)
#8 C:\xampp\htdocs\tokoo\public\index.php(37): CodeIgniter\CodeIgniter->run()
#9 {main}
CRITICAL - 2022-05-30 00:43:38 --> Attempt to read property "gambar" on null
#0 C:\xampp\htdocs\tokoo\app\Views\etalase\beli.php(9): CodeIgniter\Debug\Exceptions->errorHandler(2, 'Attempt to read...', 'C:\\xampp\\htdocs...', 9)
#1 C:\xampp\htdocs\tokoo\system\View\View.php(210): include('C:\\xampp\\htdocs...')
#2 C:\xampp\htdocs\tokoo\system\View\View.php(213): CodeIgniter\View\View->CodeIgniter\View\{closure}()
#3 C:\xampp\htdocs\tokoo\system\Common.php(1089): CodeIgniter\View\View->render('etalase/beli', Array, true)
#4 C:\xampp\htdocs\tokoo\app\Controllers\C_Etalase.php(85): view('etalase/beli', Array)
#5 C:\xampp\htdocs\tokoo\system\CodeIgniter.php(832): App\Controllers\C_Etalase->beli()
#6 C:\xampp\htdocs\tokoo\system\CodeIgniter.php(419): CodeIgniter\CodeIgniter->runController(Object(App\Controllers\C_Etalase))
#7 C:\xampp\htdocs\tokoo\system\CodeIgniter.php(326): CodeIgniter\CodeIgniter->handleRequest(NULL, Object(Config\Cache), false)
#8 C:\xampp\htdocs\tokoo\public\index.php(37): CodeIgniter\CodeIgniter->run()
#9 {main}
CRITICAL - 2022-05-30 00:43:40 --> Attempt to read property "gambar" on null
#0 C:\xampp\htdocs\tokoo\app\Views\etalase\beli.php(9): CodeIgniter\Debug\Exceptions->errorHandler(2, 'Attempt to read...', 'C:\\xampp\\htdocs...', 9)
#1 C:\xampp\htdocs\tokoo\system\View\View.php(210): include('C:\\xampp\\htdocs...')
#2 C:\xampp\htdocs\tokoo\system\View\View.php(213): CodeIgniter\View\View->CodeIgniter\View\{closure}()
#3 C:\xampp\htdocs\tokoo\system\Common.php(1089): CodeIgniter\View\View->render('etalase/beli', Array, true)
#4 C:\xampp\htdocs\tokoo\app\Controllers\C_Etalase.php(85): view('etalase/beli', Array)
#5 C:\xampp\htdocs\tokoo\system\CodeIgniter.php(832): App\Controllers\C_Etalase->beli()
#6 C:\xampp\htdocs\tokoo\system\CodeIgniter.php(419): CodeIgniter\CodeIgniter->runController(Object(App\Controllers\C_Etalase))
#7 C:\xampp\htdocs\tokoo\system\CodeIgniter.php(326): CodeIgniter\CodeIgniter->handleRequest(NULL, Object(Config\Cache), false)
#8 C:\xampp\htdocs\tokoo\public\index.php(37): CodeIgniter\CodeIgniter->run()
#9 {main}
CRITICAL - 2022-05-30 00:43:41 --> Attempt to read property "gambar" on null
#0 C:\xampp\htdocs\tokoo\app\Views\etalase\beli.php(9): CodeIgniter\Debug\Exceptions->errorHandler(2, 'Attempt to read...', 'C:\\xampp\\htdocs...', 9)
#1 C:\xampp\htdocs\tokoo\system\View\View.php(210): include('C:\\xampp\\htdocs...')
#2 C:\xampp\htdocs\tokoo\system\View\View.php(213): CodeIgniter\View\View->CodeIgniter\View\{closure}()
#3 C:\xampp\htdocs\tokoo\system\Common.php(1089): CodeIgniter\View\View->render('etalase/beli', Array, true)
#4 C:\xampp\htdocs\tokoo\app\Controllers\C_Etalase.php(85): view('etalase/beli', Array)
#5 C:\xampp\htdocs\tokoo\system\CodeIgniter.php(832): App\Controllers\C_Etalase->beli()
#6 C:\xampp\htdocs\tokoo\system\CodeIgniter.php(419): CodeIgniter\CodeIgniter->runController(Object(App\Controllers\C_Etalase))
#7 C:\xampp\htdocs\tokoo\system\CodeIgniter.php(326): CodeIgniter\CodeIgniter->handleRequest(NULL, Object(Config\Cache), false)
#8 C:\xampp\htdocs\tokoo\public\index.php(37): CodeIgniter\CodeIgniter->run()
#9 {main}
CRITICAL - 2022-05-30 00:43:42 --> Attempt to read property "gambar" on null
#0 C:\xampp\htdocs\tokoo\app\Views\etalase\beli.php(9): CodeIgniter\Debug\Exceptions->errorHandler(2, 'Attempt to read...', 'C:\\xampp\\htdocs...', 9)
#1 C:\xampp\htdocs\tokoo\system\View\View.php(210): include('C:\\xampp\\htdocs...')
#2 C:\xampp\htdocs\tokoo\system\View\View.php(213): CodeIgniter\View\View->CodeIgniter\View\{closure}()
#3 C:\xampp\htdocs\tokoo\system\Common.php(1089): CodeIgniter\View\View->render('etalase/beli', Array, true)
#4 C:\xampp\htdocs\tokoo\app\Controllers\C_Etalase.php(85): view('etalase/beli', Array)
#5 C:\xampp\htdocs\tokoo\system\CodeIgniter.php(832): App\Controllers\C_Etalase->beli()
#6 C:\xampp\htdocs\tokoo\system\CodeIgniter.php(419): CodeIgniter\CodeIgniter->runController(Object(App\Controllers\C_Etalase))
#7 C:\xampp\htdocs\tokoo\system\CodeIgniter.php(326): CodeIgniter\CodeIgniter->handleRequest(NULL, Object(Config\Cache), false)
#8 C:\xampp\htdocs\tokoo\public\index.php(37): CodeIgniter\CodeIgniter->run()
#9 {main}
CRITICAL - 2022-05-30 00:43:44 --> Attempt to read property "gambar" on null
#0 C:\xampp\htdocs\tokoo\app\Views\etalase\beli.php(9): CodeIgniter\Debug\Exceptions->errorHandler(2, 'Attempt to read...', 'C:\\xampp\\htdocs...', 9)
#1 C:\xampp\htdocs\tokoo\system\View\View.php(210): include('C:\\xampp\\htdocs...')
#2 C:\xampp\htdocs\tokoo\system\View\View.php(213): CodeIgniter\View\View->CodeIgniter\View\{closure}()
#3 C:\xampp\htdocs\tokoo\system\Common.php(1089): CodeIgniter\View\View->render('etalase/beli', Array, true)
#4 C:\xampp\htdocs\tokoo\app\Controllers\C_Etalase.php(85): view('etalase/beli', Array)
#5 C:\xampp\htdocs\tokoo\system\CodeIgniter.php(832): App\Controllers\C_Etalase->beli()
#6 C:\xampp\htdocs\tokoo\system\CodeIgniter.php(419): CodeIgniter\CodeIgniter->runController(Object(App\Controllers\C_Etalase))
#7 C:\xampp\htdocs\tokoo\system\CodeIgniter.php(326): CodeIgniter\CodeIgniter->handleRequest(NULL, Object(Config\Cache), false)
#8 C:\xampp\htdocs\tokoo\public\index.php(37): CodeIgniter\CodeIgniter->run()
#9 {main}
CRITICAL - 2022-05-30 00:43:45 --> Attempt to read property "gambar" on null
#0 C:\xampp\htdocs\tokoo\app\Views\etalase\beli.php(9): CodeIgniter\Debug\Exceptions->errorHandler(2, 'Attempt to read...', 'C:\\xampp\\htdocs...', 9)
#1 C:\xampp\htdocs\tokoo\system\View\View.php(210): include('C:\\xampp\\htdocs...')
#2 C:\xampp\htdocs\tokoo\system\View\View.php(213): CodeIgniter\View\View->CodeIgniter\View\{closure}()
#3 C:\xampp\htdocs\tokoo\system\Common.php(1089): CodeIgniter\View\View->render('etalase/beli', Array, true)
#4 C:\xampp\htdocs\tokoo\app\Controllers\C_Etalase.php(85): view('etalase/beli', Array)
#5 C:\xampp\htdocs\tokoo\system\CodeIgniter.php(832): App\Controllers\C_Etalase->beli()
#6 C:\xampp\htdocs\tokoo\system\CodeIgniter.php(419): CodeIgniter\CodeIgniter->runController(Object(App\Controllers\C_Etalase))
#7 C:\xampp\htdocs\tokoo\system\CodeIgniter.php(326): CodeIgniter\CodeIgniter->handleRequest(NULL, Object(Config\Cache), false)
#8 C:\xampp\htdocs\tokoo\public\index.php(37): CodeIgniter\CodeIgniter->run()
#9 {main}
CRITICAL - 2022-05-30 00:43:47 --> Attempt to read property "gambar" on null
#0 C:\xampp\htdocs\tokoo\app\Views\etalase\beli.php(9): CodeIgniter\Debug\Exceptions->errorHandler(2, 'Attempt to read...', 'C:\\xampp\\htdocs...', 9)
#1 C:\xampp\htdocs\tokoo\system\View\View.php(210): include('C:\\xampp\\htdocs...')
#2 C:\xampp\htdocs\tokoo\system\View\View.php(213): CodeIgniter\View\View->CodeIgniter\View\{closure}()
#3 C:\xampp\htdocs\tokoo\system\Common.php(1089): CodeIgniter\View\View->render('etalase/beli', Array, true)
#4 C:\xampp\htdocs\tokoo\app\Controllers\C_Etalase.php(85): view('etalase/beli', Array)
#5 C:\xampp\htdocs\tokoo\system\CodeIgniter.php(832): App\Controllers\C_Etalase->beli()
#6 C:\xampp\htdocs\tokoo\system\CodeIgniter.php(419): CodeIgniter\CodeIgniter->runController(Object(App\Controllers\C_Etalase))
#7 C:\xampp\htdocs\tokoo\system\CodeIgniter.php(326): CodeIgniter\CodeIgniter->handleRequest(NULL, Object(Config\Cache), false)
#8 C:\xampp\htdocs\tokoo\public\index.php(37): CodeIgniter\CodeIgniter->run()
#9 {main}
CRITICAL - 2022-05-30 00:43:48 --> Attempt to read property "gambar" on null
#0 C:\xampp\htdocs\tokoo\app\Views\etalase\beli.php(9): CodeIgniter\Debug\Exceptions->errorHandler(2, 'Attempt to read...', 'C:\\xampp\\htdocs...', 9)
#1 C:\xampp\htdocs\tokoo\system\View\View.php(210): include('C:\\xampp\\htdocs...')
#2 C:\xampp\htdocs\tokoo\system\View\View.php(213): CodeIgniter\View\View->CodeIgniter\View\{closure}()
#3 C:\xampp\htdocs\tokoo\system\Common.php(1089): CodeIgniter\View\View->render('etalase/beli', Array, true)
#4 C:\xampp\htdocs\tokoo\app\Controllers\C_Etalase.php(85): view('etalase/beli', Array)
#5 C:\xampp\htdocs\tokoo\system\CodeIgniter.php(832): App\Controllers\C_Etalase->beli()
#6 C:\xampp\htdocs\tokoo\system\CodeIgniter.php(419): CodeIgniter\CodeIgniter->runController(Object(App\Controllers\C_Etalase))
#7 C:\xampp\htdocs\tokoo\system\CodeIgniter.php(326): CodeIgniter\CodeIgniter->handleRequest(NULL, Object(Config\Cache), false)
#8 C:\xampp\htdocs\tokoo\public\index.php(37): CodeIgniter\CodeIgniter->run()
#9 {main}
CRITICAL - 2022-05-30 00:43:49 --> Attempt to read property "gambar" on null
#0 C:\xampp\htdocs\tokoo\app\Views\etalase\beli.php(9): CodeIgniter\Debug\Exceptions->errorHandler(2, 'Attempt to read...', 'C:\\xampp\\htdocs...', 9)
#1 C:\xampp\htdocs\tokoo\system\View\View.php(210): include('C:\\xampp\\htdocs...')
#2 C:\xampp\htdocs\tokoo\system\View\View.php(213): CodeIgniter\View\View->CodeIgniter\View\{closure}()
#3 C:\xampp\htdocs\tokoo\system\Common.php(1089): CodeIgniter\View\View->render('etalase/beli', Array, true)
#4 C:\xampp\htdocs\tokoo\app\Controllers\C_Etalase.php(85): view('etalase/beli', Array)
#5 C:\xampp\htdocs\tokoo\system\CodeIgniter.php(832): App\Controllers\C_Etalase->beli()
#6 C:\xampp\htdocs\tokoo\system\CodeIgniter.php(419): CodeIgniter\CodeIgniter->runController(Object(App\Controllers\C_Etalase))
#7 C:\xampp\htdocs\tokoo\system\CodeIgniter.php(326): CodeIgniter\CodeIgniter->handleRequest(NULL, Object(Config\Cache), false)
#8 C:\xampp\htdocs\tokoo\public\index.php(37): CodeIgniter\CodeIgniter->run()
#9 {main}
CRITICAL - 2022-05-30 00:43:51 --> Attempt to read property "gambar" on null
#0 C:\xampp\htdocs\tokoo\app\Views\etalase\beli.php(9): CodeIgniter\Debug\Exceptions->errorHandler(2, 'Attempt to read...', 'C:\\xampp\\htdocs...', 9)
#1 C:\xampp\htdocs\tokoo\system\View\View.php(210): include('C:\\xampp\\htdocs...')
#2 C:\xampp\htdocs\tokoo\system\View\View.php(213): CodeIgniter\View\View->CodeIgniter\View\{closure}()
#3 C:\xampp\htdocs\tokoo\system\Common.php(1089): CodeIgniter\View\View->render('etalase/beli', Array, true)
#4 C:\xampp\htdocs\tokoo\app\Controllers\C_Etalase.php(85): view('etalase/beli', Array)
#5 C:\xampp\htdocs\tokoo\system\CodeIgniter.php(832): App\Controllers\C_Etalase->beli()
#6 C:\xampp\htdocs\tokoo\system\CodeIgniter.php(419): CodeIgniter\CodeIgniter->runController(Object(App\Controllers\C_Etalase))
#7 C:\xampp\htdocs\tokoo\system\CodeIgniter.php(326): CodeIgniter\CodeIgniter->handleRequest(NULL, Object(Config\Cache), false)
#8 C:\xampp\htdocs\tokoo\public\index.php(37): CodeIgniter\CodeIgniter->run()
#9 {main}
CRITICAL - 2022-05-30 00:43:53 --> Attempt to read property "gambar" on null
#0 C:\xampp\htdocs\tokoo\app\Views\etalase\beli.php(9): CodeIgniter\Debug\Exceptions->errorHandler(2, 'Attempt to read...', 'C:\\xampp\\htdocs...', 9)
#1 C:\xampp\htdocs\tokoo\system\View\View.php(210): include('C:\\xampp\\htdocs...')
#2 C:\xampp\htdocs\tokoo\system\View\View.php(213): CodeIgniter\View\View->CodeIgniter\View\{closure}()
#3 C:\xampp\htdocs\tokoo\system\Common.php(1089): CodeIgniter\View\View->render('etalase/beli', Array, true)
#4 C:\xampp\htdocs\tokoo\app\Controllers\C_Etalase.php(85): view('etalase/beli', Array)
#5 C:\xampp\htdocs\tokoo\system\CodeIgniter.php(832): App\Controllers\C_Etalase->beli()
#6 C:\xampp\htdocs\tokoo\system\CodeIgniter.php(419): CodeIgniter\CodeIgniter->runController(Object(App\Controllers\C_Etalase))
#7 C:\xampp\htdocs\tokoo\system\CodeIgniter.php(326): CodeIgniter\CodeIgniter->handleRequest(NULL, Object(Config\Cache), false)
#8 C:\xampp\htdocs\tokoo\public\index.php(37): CodeIgniter\CodeIgniter->run()
#9 {main}
CRITICAL - 2022-05-30 00:43:54 --> Attempt to read property "gambar" on null
#0 C:\xampp\htdocs\tokoo\app\Views\etalase\beli.php(9): CodeIgniter\Debug\Exceptions->errorHandler(2, 'Attempt to read...', 'C:\\xampp\\htdocs...', 9)
#1 C:\xampp\htdocs\tokoo\system\View\View.php(210): include('C:\\xampp\\htdocs...')
#2 C:\xampp\htdocs\tokoo\system\View\View.php(213): CodeIgniter\View\View->CodeIgniter\View\{closure}()
#3 C:\xampp\htdocs\tokoo\system\Common.php(1089): CodeIgniter\View\View->render('etalase/beli', Array, true)
#4 C:\xampp\htdocs\tokoo\app\Controllers\C_Etalase.php(85): view('etalase/beli', Array)
#5 C:\xampp\htdocs\tokoo\system\CodeIgniter.php(832): App\Controllers\C_Etalase->beli()
#6 C:\xampp\htdocs\tokoo\system\CodeIgniter.php(419): CodeIgniter\CodeIgniter->runController(Object(App\Controllers\C_Etalase))
#7 C:\xampp\htdocs\tokoo\system\CodeIgniter.php(326): CodeIgniter\CodeIgniter->handleRequest(NULL, Object(Config\Cache), false)
#8 C:\xampp\htdocs\tokoo\public\index.php(37): CodeIgniter\CodeIgniter->run()
#9 {main}
CRITICAL - 2022-05-30 00:43:56 --> Attempt to read property "gambar" on null
#0 C:\xampp\htdocs\tokoo\app\Views\etalase\beli.php(9): CodeIgniter\Debug\Exceptions->errorHandler(2, 'Attempt to read...', 'C:\\xampp\\htdocs...', 9)
#1 C:\xampp\htdocs\tokoo\system\View\View.php(210): include('C:\\xampp\\htdocs...')
#2 C:\xampp\htdocs\tokoo\system\View\View.php(213): CodeIgniter\View\View->CodeIgniter\View\{closure}()
#3 C:\xampp\htdocs\tokoo\system\Common.php(1089): CodeIgniter\View\View->render('etalase/beli', Array, true)
#4 C:\xampp\htdocs\tokoo\app\Controllers\C_Etalase.php(85): view('etalase/beli', Array)
#5 C:\xampp\htdocs\tokoo\system\CodeIgniter.php(832): App\Controllers\C_Etalase->beli()
#6 C:\xampp\htdocs\tokoo\system\CodeIgniter.php(419): CodeIgniter\CodeIgniter->runController(Object(App\Controllers\C_Etalase))
#7 C:\xampp\htdocs\tokoo\system\CodeIgniter.php(326): CodeIgniter\CodeIgniter->handleRequest(NULL, Object(Config\Cache), false)
#8 C:\xampp\htdocs\tokoo\public\index.php(37): CodeIgniter\CodeIgniter->run()
#9 {main}
CRITICAL - 2022-05-30 00:43:57 --> Attempt to read property "gambar" on null
#0 C:\xampp\htdocs\tokoo\app\Views\etalase\beli.php(9): CodeIgniter\Debug\Exceptions->errorHandler(2, 'Attempt to read...', 'C:\\xampp\\htdocs...', 9)
#1 C:\xampp\htdocs\tokoo\system\View\View.php(210): include('C:\\xampp\\htdocs...')
#2 C:\xampp\htdocs\tokoo\system\View\View.php(213): CodeIgniter\View\View->CodeIgniter\View\{closure}()
#3 C:\xampp\htdocs\tokoo\system\Common.php(1089): CodeIgniter\View\View->render('etalase/beli', Array, true)
#4 C:\xampp\htdocs\tokoo\app\Controllers\C_Etalase.php(85): view('etalase/beli', Array)
#5 C:\xampp\htdocs\tokoo\system\CodeIgniter.php(832): App\Controllers\C_Etalase->beli()
#6 C:\xampp\htdocs\tokoo\system\CodeIgniter.php(419): CodeIgniter\CodeIgniter->runController(Object(App\Controllers\C_Etalase))
#7 C:\xampp\htdocs\tokoo\system\CodeIgniter.php(326): CodeIgniter\CodeIgniter->handleRequest(NULL, Object(Config\Cache), false)
#8 C:\xampp\htdocs\tokoo\public\index.php(37): CodeIgniter\CodeIgniter->run()
#9 {main}
CRITICAL - 2022-05-30 00:45:45 --> Attempt to read property "gambar" on null
#0 C:\xampp\htdocs\tokoo\app\Views\etalase\beli.php(9): CodeIgniter\Debug\Exceptions->errorHandler(2, 'Attempt to read...', 'C:\\xampp\\htdocs...', 9)
#1 C:\xampp\htdocs\tokoo\system\View\View.php(210): include('C:\\xampp\\htdocs...')
#2 C:\xampp\htdocs\tokoo\system\View\View.php(213): CodeIgniter\View\View->CodeIgniter\View\{closure}()
#3 C:\xampp\htdocs\tokoo\system\Common.php(1089): CodeIgniter\View\View->render('etalase/beli', Array, true)
#4 C:\xampp\htdocs\tokoo\app\Controllers\C_Etalase.php(85): view('etalase/beli', Array)
#5 C:\xampp\htdocs\tokoo\system\CodeIgniter.php(832): App\Controllers\C_Etalase->beli()
#6 C:\xampp\htdocs\tokoo\system\CodeIgniter.php(419): CodeIgniter\CodeIgniter->runController(Object(App\Controllers\C_Etalase))
#7 C:\xampp\htdocs\tokoo\system\CodeIgniter.php(326): CodeIgniter\CodeIgniter->handleRequest(NULL, Object(Config\Cache), false)
#8 C:\xampp\htdocs\tokoo\public\index.php(37): CodeIgniter\CodeIgniter->run()
#9 {main}
CRITICAL - 2022-05-30 00:47:45 --> Attempt to read property "gambar" on null
#0 C:\xampp\htdocs\tokoo\app\Views\etalase\beli.php(9): CodeIgniter\Debug\Exceptions->errorHandler(2, 'Attempt to read...', 'C:\\xampp\\htdocs...', 9)
#1 C:\xampp\htdocs\tokoo\system\View\View.php(210): include('C:\\xampp\\htdocs...')
#2 C:\xampp\htdocs\tokoo\system\View\View.php(213): CodeIgniter\View\View->CodeIgniter\View\{closure}()
#3 C:\xampp\htdocs\tokoo\system\Common.php(1089): CodeIgniter\View\View->render('etalase/beli', Array, true)
#4 C:\xampp\htdocs\tokoo\app\Controllers\C_Etalase.php(85): view('etalase/beli', Array)
#5 C:\xampp\htdocs\tokoo\system\CodeIgniter.php(832): App\Controllers\C_Etalase->beli()
#6 C:\xampp\htdocs\tokoo\system\CodeIgniter.php(419): CodeIgniter\CodeIgniter->runController(Object(App\Controllers\C_Etalase))
#7 C:\xampp\htdocs\tokoo\system\CodeIgniter.php(326): CodeIgniter\CodeIgniter->handleRequest(NULL, Object(Config\Cache), false)
#8 C:\xampp\htdocs\tokoo\public\index.php(37): CodeIgniter\CodeIgniter->run()
#9 {main}
CRITICAL - 2022-05-30 00:52:55 --> Attempt to read property "gambar" on null
#0 C:\xampp\htdocs\tokoo\app\Views\etalase\beli.php(9): CodeIgniter\Debug\Exceptions->errorHandler(2, 'Attempt to read...', 'C:\\xampp\\htdocs...', 9)
#1 C:\xampp\htdocs\tokoo\system\View\View.php(210): include('C:\\xampp\\htdocs...')
#2 C:\xampp\htdocs\tokoo\system\View\View.php(213): CodeIgniter\View\View->CodeIgniter\View\{closure}()
#3 C:\xampp\htdocs\tokoo\system\Common.php(1089): CodeIgniter\View\View->render('etalase/beli', Array, true)
#4 C:\xampp\htdocs\tokoo\app\Controllers\C_Etalase.php(85): view('etalase/beli', Array)
#5 C:\xampp\htdocs\tokoo\system\CodeIgniter.php(832): App\Controllers\C_Etalase->beli()
#6 C:\xampp\htdocs\tokoo\system\CodeIgniter.php(419): CodeIgniter\CodeIgniter->runController(Object(App\Controllers\C_Etalase))
#7 C:\xampp\htdocs\tokoo\system\CodeIgniter.php(326): CodeIgniter\CodeIgniter->handleRequest(NULL, Object(Config\Cache), false)
#8 C:\xampp\htdocs\tokoo\public\index.php(37): CodeIgniter\CodeIgniter->run()
#9 {main}
CRITICAL - 2022-05-30 00:53:19 --> Attempt to read property "gambar" on null
#0 C:\xampp\htdocs\tokoo\app\Views\etalase\beli.php(9): CodeIgniter\Debug\Exceptions->errorHandler(2, 'Attempt to read...', 'C:\\xampp\\htdocs...', 9)
#1 C:\xampp\htdocs\tokoo\system\View\View.php(210): include('C:\\xampp\\htdocs...')
#2 C:\xampp\htdocs\tokoo\system\View\View.php(213): CodeIgniter\View\View->CodeIgniter\View\{closure}()
#3 C:\xampp\htdocs\tokoo\system\Common.php(1089): CodeIgniter\View\View->render('etalase/beli', Array, true)
#4 C:\xampp\htdocs\tokoo\app\Controllers\C_Etalase.php(85): view('etalase/beli', Array)
#5 C:\xampp\htdocs\tokoo\system\CodeIgniter.php(832): App\Controllers\C_Etalase->beli()
#6 C:\xampp\htdocs\tokoo\system\CodeIgniter.php(419): CodeIgniter\CodeIgniter->runController(Object(App\Controllers\C_Etalase))
#7 C:\xampp\htdocs\tokoo\system\CodeIgniter.php(326): CodeIgniter\CodeIgniter->handleRequest(NULL, Object(Config\Cache), false)
#8 C:\xampp\htdocs\tokoo\public\index.php(37): CodeIgniter\CodeIgniter->run()
#9 {main}
